2024-06-07 14:48:11,636 [INFO] Activator:176 - 


2024-06-07 14:48:11,641 [INFO] Activator:177 - !SESSION log4j initialized
2024-06-07 14:48:20,119 [INFO] LogOutputStream:77 - [STDOUT_REDIRECT] 
2024-06-07 14:48:26,810 [INFO] ApplicationProperties:184 - Using Application install path: G:\stm32cubeide\stm32cubeide114\STM32CubeIDE_1.14.0\STM32CubeIDE\plugins\com.st.stm32cube.common.mx_6.10.0.202311202037
2024-06-07 14:48:26,830 [INFO] DbMcusXml:78 - Set database path to: G:\stm32cubeide\stm32cubeide114\STM32CubeIDE_1.14.0\STM32CubeIDE\plugins\com.st.stm32cube.common.mx_6.10.0.202311202037\\db\/mcu/
2024-06-07 14:48:26,831 [INFO] ApiDb:274 - Set plugin database path to: G:\stm32cubeide\stm32cubeide114\STM32CubeIDE_1.14.0\STM32CubeIDE\plugins\com.st.stm32cube.common.mx_6.10.0.202311202037\\db\/plugins/boardmanager/
2024-06-07 14:48:26,831 [WARN] ApiDb:259 - Overriding images path with different value:  => G:\stm32cubeide\stm32cubeide114\STM32CubeIDE_1.14.0\STM32CubeIDE\plugins\com.st.stm32cube.common.mx_6.10.0.202311202037\\db\/plugins/mcufinder/images/
2024-06-07 14:48:26,845 [INFO] ApiDb:250 - Set database path to: C:\Users\Nghia\.stmcufinder\plugins\mcufinder//mcu/
2024-06-07 14:48:26,847 [INFO] DbMcusAds:125 - Set database path to: C:\Users\Nghia\.stmcufinder\plugins\mcufinder//mcu/
2024-06-07 14:48:26,849 [INFO] CrossReferenceDbSqlite:203 - Set database path to: C:\Users\Nghia\.stmcufinder\plugins\mcufinder//mcu/cs/
2024-06-07 14:48:26,966 [INFO] RulesReader:64 - Compatibility file has been processed (297 Rules)
2024-06-07 14:48:27,052 [INFO] DbMcusXml:78 - Set database path to: G:\stm32cubeide\stm32cubeide114\STM32CubeIDE_1.14.0\STM32CubeIDE\plugins\com.st.stm32cube.common.mx_6.10.0.202311202037\\db\/mcu/
2024-06-07 14:48:27,052 [INFO] ApiDb:274 - Set plugin database path to: G:\stm32cubeide\stm32cubeide114\STM32CubeIDE_1.14.0\STM32CubeIDE\plugins\com.st.stm32cube.common.mx_6.10.0.202311202037\\db\/plugins/boardmanager/
2024-06-07 14:48:27,052 [INFO] ApiDb:261 - Set plugin images path to: G:\stm32cubeide\stm32cubeide114\STM32CubeIDE_1.14.0\STM32CubeIDE\plugins\com.st.stm32cube.common.mx_6.10.0.202311202037\\db\/plugins/mcufinder/images/
2024-06-07 14:48:27,052 [WARN] DbFile:41 - Overriding database path with different value: C:\Users\Nghia\.stmcufinder\plugins\mcufinder/ => C:\Users\Nghia\.stmcufinder\plugins\mcufinder
2024-06-07 14:48:27,052 [INFO] ApiDb:250 - Set database path to: C:\Users\Nghia\.stmcufinder\plugins\mcufinder//mcu/
2024-06-07 14:48:27,053 [WARN] DbFile:41 - Overriding database path with different value: C:\Users\Nghia\.stmcufinder\plugins\mcufinder/ => C:\Users\Nghia\.stmcufinder\plugins\mcufinder
2024-06-07 14:48:27,053 [INFO] DbMcusAds:125 - Set database path to: C:\Users\Nghia\.stmcufinder\plugins\mcufinder//mcu/
2024-06-07 14:48:27,053 [WARN] DbFile:41 - Overriding database path with different value: C:\Users\Nghia\.stmcufinder\plugins\mcufinder/ => C:\Users\Nghia\.stmcufinder\plugins\mcufinder
2024-06-07 14:48:27,053 [WARN] DbFile:41 - Overriding database path with different value: C:\Users\Nghia\.stmcufinder\plugins\mcufinder/ => C:\Users\Nghia\.stmcufinder\plugins\mcufinder
2024-06-07 14:48:27,053 [INFO] CrossReferenceDbSqlite:203 - Set database path to: C:\Users\Nghia\.stmcufinder\plugins\mcufinder//mcu/cs/
2024-06-07 14:48:27,139 [INFO] MainPanel:264 - HeapMemory: 268435456
2024-06-07 14:48:27,240 [INFO] DbMcusXml:78 - Set database path to: G:\stm32cubeide\stm32cubeide114\STM32CubeIDE_1.14.0\STM32CubeIDE\plugins\com.st.stm32cube.common.mx_6.10.0.202311202037\\db\/mcu/
2024-06-07 14:48:27,240 [INFO] ApiDb:274 - Set plugin database path to: G:\stm32cubeide\stm32cubeide114\STM32CubeIDE_1.14.0\STM32CubeIDE\plugins\com.st.stm32cube.common.mx_6.10.0.202311202037\\db\/plugins/boardmanager/
2024-06-07 14:48:27,240 [INFO] ApiDb:261 - Set plugin images path to: G:\stm32cubeide\stm32cubeide114\STM32CubeIDE_1.14.0\STM32CubeIDE\plugins\com.st.stm32cube.common.mx_6.10.0.202311202037\\db\/plugins/mcufinder/images/
2024-06-07 14:48:27,241 [WARN] DbFile:41 - Overriding database path with different value: C:\Users\Nghia\.stmcufinder\plugins\mcufinder/ => C:\Users\Nghia\.stmcufinder\plugins\mcufinder
2024-06-07 14:48:27,241 [INFO] ApiDb:250 - Set database path to: C:\Users\Nghia\.stmcufinder\plugins\mcufinder//mcu/
2024-06-07 14:48:27,241 [WARN] DbFile:41 - Overriding database path with different value: C:\Users\Nghia\.stmcufinder\plugins\mcufinder/ => C:\Users\Nghia\.stmcufinder\plugins\mcufinder
2024-06-07 14:48:27,241 [INFO] DbMcusAds:125 - Set database path to: C:\Users\Nghia\.stmcufinder\plugins\mcufinder//mcu/
2024-06-07 14:48:27,241 [WARN] DbFile:41 - Overriding database path with different value: C:\Users\Nghia\.stmcufinder\plugins\mcufinder/ => C:\Users\Nghia\.stmcufinder\plugins\mcufinder
2024-06-07 14:48:27,241 [WARN] DbFile:41 - Overriding database path with different value: C:\Users\Nghia\.stmcufinder\plugins\mcufinder/ => C:\Users\Nghia\.stmcufinder\plugins\mcufinder
2024-06-07 14:48:27,241 [INFO] CrossReferenceDbSqlite:203 - Set database path to: C:\Users\Nghia\.stmcufinder\plugins\mcufinder//mcu/cs/
2024-06-07 14:48:27,264 [INFO] ApplicationProperties:184 - Using Application install path: G:\stm32cubeide\stm32cubeide114\STM32CubeIDE_1.14.0\STM32CubeIDE\plugins\com.st.stm32cube.common.mx_6.10.0.202311202037
2024-06-07 14:48:27,266 [INFO] PluginManage:196 - Search for loadable plugins [exclusion list=, ]
2024-06-07 14:48:27,268 [INFO] PluginManage:310 - Check plugin analytics
2024-06-07 14:48:32,393 [INFO] AnalyticsPlugin:253 - Accepted Software Licenses: STM32CubeMX.6.8.0,STM32CubeMX.6.1.1
2024-06-07 14:48:32,394 [INFO] AnalyticsPlugin:255 - Accepted CMSIS Pack Licenses: 
2024-06-07 14:48:32,394 [INFO] AnalyticsPlugin:257 - Accepted Firmware Licenses: FW.F4.1.27.0,FW.F4.1.28.0
2024-06-07 14:48:32,397 [INFO] PluginManage:359 - Loaded plugin analytics (category:tool,tabindex:-1)
2024-06-07 14:48:32,398 [INFO] PluginManage:310 - Check plugin cadmodel
2024-06-07 14:48:32,414 [INFO] CADModel:105 - Init CAD model plugin
2024-06-07 14:48:32,414 [INFO] PluginManage:359 - Loaded plugin cadmodel (category:power,tabindex:5)
2024-06-07 14:48:32,415 [INFO] PluginManage:310 - Check plugin clock
2024-06-07 14:48:32,446 [INFO] PluginManage:359 - Loaded plugin clock (category:base,tabindex:2)
2024-06-07 14:48:32,446 [INFO] PluginManage:310 - Check plugin ddr
2024-06-07 14:48:32,449 [INFO] PluginManage:359 - Loaded plugin ddr (category:tool,tabindex:6)
2024-06-07 14:48:32,449 [INFO] PluginManage:310 - Check plugin filemanager
2024-06-07 14:48:32,613 [INFO] PluginManage:359 - Loaded plugin filemanager (category:base,tabindex:10)
2024-06-07 14:48:32,613 [INFO] PluginManage:310 - Check plugin ipmanager
2024-06-07 14:48:32,625 [INFO] PluginManage:359 - Loaded plugin ipmanager (category:base,tabindex:5)
2024-06-07 14:48:32,625 [INFO] PluginManage:310 - Check plugin lpbam
2024-06-07 14:48:32,642 [INFO] PluginManage:359 - Loaded plugin lpbam (category:base,tabindex:0)
2024-06-07 14:48:32,642 [INFO] PluginManage:310 - Check plugin memorymap
2024-06-07 14:48:32,667 [INFO] PluginManage:359 - Loaded plugin memorymap (category:base,tabindex:4)
2024-06-07 14:48:32,668 [INFO] PluginManage:310 - Check plugin pinoutandconfiguration
2024-06-07 14:48:32,684 [INFO] PluginManage:359 - Loaded plugin pinoutandconfiguration (category:base,tabindex:1)
2024-06-07 14:48:32,684 [INFO] PluginManage:310 - Check plugin pinoutconfig
2024-06-07 14:48:32,809 [WARN] SupportedApi:132 - Cannot load RTOS API schema: s4s-elt-must-match.1: The content of 'definitions' must match (annotation?, (simpleType | complexType)?, (unique | key | keyref)*)). A problem was found starting at: attribute.
2024-06-07 14:48:33,004 [INFO] PluginManage:359 - Loaded plugin pinoutconfig (category:base,tabindex:0)
2024-06-07 14:48:33,005 [INFO] PluginManage:310 - Check plugin power
2024-06-07 14:48:33,027 [INFO] PluginManage:359 - Loaded plugin power (category:power,tabindex:4)
2024-06-07 14:48:33,027 [INFO] PluginManage:310 - Check plugin projectmanager
2024-06-07 14:48:33,046 [INFO] PluginManage:359 - Loaded plugin projectmanager (category:projectmanager,tabindex:3)
2024-06-07 14:48:33,047 [INFO] PluginManage:310 - Check plugin thirdparty
2024-06-07 14:48:33,352 [INFO] PluginManage:359 - Loaded plugin thirdparty (category:base,tabindex:-1)
2024-06-07 14:48:33,352 [WARN] IntegrityCheckThread:84 - waiting for thirdparty lock release [integrity check]
2024-06-07 14:48:33,353 [INFO] PluginManage:310 - Check plugin tools
2024-06-07 14:48:33,353 [INFO] IntegrityCheckThread:86 - entering critical section [integrity check]
2024-06-07 14:48:33,353 [INFO] ThirdPartyUpdaterWithRetryManager:70 - Updater plugin not ready yet. [1/15]
2024-06-07 14:48:33,399 [INFO] PluginManage:359 - Loaded plugin tools (category:base,tabindex:7)
2024-06-07 14:48:33,400 [INFO] PluginManage:310 - Check plugin tutovideos
2024-06-07 14:48:33,610 [INFO] PluginManage:359 - Loaded plugin tutovideos (category:base,tabindex:-1)
2024-06-07 14:48:33,611 [INFO] PluginManage:310 - Check plugin updater
2024-06-07 14:48:33,622 [INFO] PluginManage:359 - Loaded plugin updater (category:base,tabindex:12)
2024-06-07 14:48:33,622 [INFO] PluginManage:310 - Check plugin userauth
2024-06-07 14:48:33,628 [INFO] UserAuth:114 - Init User Auth plugin
2024-06-07 14:48:33,628 [INFO] PluginManage:359 - Loaded plugin userauth (category:base,tabindex:14)
2024-06-07 14:48:33,629 [INFO] PluginManage:283 - PluginManage : Loaded plugins [17]
2024-06-07 14:48:33,852 [INFO] PinOutPanel:1499 - setPackage(No Configuration,No Configuration)
2024-06-07 14:48:33,937 [INFO] CADModel:165 - CPN selected for project level
2024-06-07 14:48:33,937 [INFO] CADModel:114 - Register for checkConnection events
2024-06-07 14:48:33,962 [INFO] IPUIPlugin:80 - create IPUIPlugin
2024-06-07 14:48:33,962 [INFO] PluginManager:220 - loadIPPluginJar : add adc
2024-06-07 14:48:33,999 [INFO] IPUIPlugin:80 - create IPUIPlugin
2024-06-07 14:48:33,999 [INFO] PluginManager:220 - loadIPPluginJar : add aes
2024-06-07 14:48:34,041 [INFO] IPUIPlugin:80 - create IPUIPlugin
2024-06-07 14:48:34,041 [INFO] PluginManager:220 - loadIPPluginJar : add can
2024-06-07 14:48:34,066 [INFO] IPUIPlugin:80 - create IPUIPlugin
2024-06-07 14:48:34,066 [INFO] PluginManager:220 - loadIPPluginJar : add comp
2024-06-07 14:48:34,102 [INFO] IPUIPlugin:80 - create IPUIPlugin
2024-06-07 14:48:34,103 [INFO] PluginManager:220 - loadIPPluginJar : add cryp
2024-06-07 14:48:34,135 [INFO] IPUIPlugin:80 - create IPUIPlugin
2024-06-07 14:48:34,135 [INFO] PluginManager:220 - loadIPPluginJar : add dfsdm
2024-06-07 14:48:34,150 [INFO] IPUIPlugin:80 - create IPUIPlugin
2024-06-07 14:48:34,150 [INFO] PluginManager:220 - loadIPPluginJar : add dma
2024-06-07 14:48:34,203 [INFO] IPUIPlugin:80 - create IPUIPlugin
2024-06-07 14:48:34,203 [INFO] PluginManager:220 - loadIPPluginJar : add dma3
2024-06-07 14:48:34,224 [INFO] IPUIPlugin:80 - create IPUIPlugin
2024-06-07 14:48:34,224 [INFO] PluginManager:220 - loadIPPluginJar : add fatfs
2024-06-07 14:48:34,273 [INFO] IPUIPlugin:80 - create IPUIPlugin
2024-06-07 14:48:34,273 [INFO] PluginManager:220 - loadIPPluginJar : add fmc
2024-06-07 14:48:34,292 [INFO] IPUIPlugin:80 - create IPUIPlugin
2024-06-07 14:48:34,292 [INFO] PluginManager:220 - loadIPPluginJar : add freertos
2024-06-07 14:48:34,314 [INFO] IPUIPlugin:80 - create IPUIPlugin
2024-06-07 14:48:34,315 [INFO] PluginManager:220 - loadIPPluginJar : add genericplugin
2024-06-07 14:48:34,426 [INFO] IPUIPlugin:80 - create IPUIPlugin
2024-06-07 14:48:34,427 [INFO] PluginManager:220 - loadIPPluginJar : add gfxmmu
2024-06-07 14:48:34,597 [INFO] IPUIPlugin:80 - create IPUIPlugin
2024-06-07 14:48:34,597 [INFO] PluginManager:220 - loadIPPluginJar : add gic
2024-06-07 14:48:34,610 [INFO] IPUIPlugin:80 - create IPUIPlugin
2024-06-07 14:48:34,610 [INFO] PluginManager:220 - loadIPPluginJar : add gpio
2024-06-07 14:48:34,727 [INFO] IPUIPlugin:80 - create IPUIPlugin
2024-06-07 14:48:34,727 [INFO] PluginManager:220 - loadIPPluginJar : add gtzc
2024-06-07 14:48:34,768 [INFO] IPUIPlugin:80 - create IPUIPlugin
2024-06-07 14:48:34,768 [INFO] PluginManager:220 - loadIPPluginJar : add hash
2024-06-07 14:48:34,827 [INFO] IPUIPlugin:80 - create IPUIPlugin
2024-06-07 14:48:34,827 [INFO] PluginManager:220 - loadIPPluginJar : add i2c
2024-06-07 14:48:34,878 [INFO] IPUIPlugin:80 - create IPUIPlugin
2024-06-07 14:48:34,878 [INFO] PluginManager:220 - loadIPPluginJar : add i2s
2024-06-07 14:48:34,937 [INFO] IPUIPlugin:80 - create IPUIPlugin
2024-06-07 14:48:34,937 [INFO] PluginManager:220 - loadIPPluginJar : add i3c
2024-06-07 14:48:35,070 [INFO] IPUIPlugin:80 - create IPUIPlugin
2024-06-07 14:48:35,070 [INFO] PluginManager:220 - loadIPPluginJar : add ipddr
2024-06-07 14:48:35,210 [INFO] IPUIPlugin:80 - create IPUIPlugin
2024-06-07 14:48:35,211 [INFO] PluginManager:220 - loadIPPluginJar : add linkedlist
2024-06-07 14:48:35,255 [INFO] IPUIPlugin:80 - create IPUIPlugin
2024-06-07 14:48:35,255 [INFO] PluginManager:220 - loadIPPluginJar : add lorawan
2024-06-07 14:48:35,300 [INFO] IPUIPlugin:80 - create IPUIPlugin
2024-06-07 14:48:35,301 [INFO] PluginManager:220 - loadIPPluginJar : add ltdc
2024-06-07 14:48:35,316 [INFO] IPUIPlugin:80 - create IPUIPlugin
2024-06-07 14:48:35,316 [INFO] PluginManager:220 - loadIPPluginJar : add mdma
2024-06-07 14:48:35,329 [INFO] IPUIPlugin:80 - create IPUIPlugin
2024-06-07 14:48:35,329 [INFO] PluginManager:220 - loadIPPluginJar : add nvic
2024-06-07 14:48:35,376 [INFO] IPUIPlugin:80 - create IPUIPlugin
2024-06-07 14:48:35,376 [INFO] PluginManager:220 - loadIPPluginJar : add opamp
2024-06-07 14:48:35,463 [INFO] IPUIPlugin:80 - create IPUIPlugin
2024-06-07 14:48:35,463 [INFO] PluginManager:220 - loadIPPluginJar : add openamp
2024-06-07 14:48:35,519 [INFO] IPUIPlugin:80 - create IPUIPlugin
2024-06-07 14:48:35,520 [INFO] PluginManager:220 - loadIPPluginJar : add pdm2pcm
2024-06-07 14:48:35,536 [INFO] IPUIPlugin:80 - create IPUIPlugin
2024-06-07 14:48:35,539 [INFO] PluginManager:220 - loadIPPluginJar : add plateformsettings
2024-06-07 14:48:35,574 [INFO] IPUIPlugin:80 - create IPUIPlugin
2024-06-07 14:48:35,574 [INFO] PluginManager:220 - loadIPPluginJar : add quadspi
2024-06-07 14:48:35,592 [INFO] IPUIPlugin:80 - create IPUIPlugin
2024-06-07 14:48:35,592 [INFO] PluginManager:220 - loadIPPluginJar : add resmgrutility
2024-06-07 14:48:35,666 [INFO] IPUIPlugin:80 - create IPUIPlugin
2024-06-07 14:48:35,667 [INFO] PluginManager:220 - loadIPPluginJar : add sai
2024-06-07 14:48:35,732 [INFO] IPUIPlugin:80 - create IPUIPlugin
2024-06-07 14:48:35,732 [INFO] PluginManager:220 - loadIPPluginJar : add spi
2024-06-07 14:48:35,850 [INFO] IPUIPlugin:80 - create IPUIPlugin
2024-06-07 14:48:35,850 [INFO] PluginManager:220 - loadIPPluginJar : add stm32_wpan
2024-06-07 14:48:35,893 [INFO] IPUIPlugin:80 - create IPUIPlugin
2024-06-07 14:48:35,893 [INFO] PluginManager:220 - loadIPPluginJar : add tim
2024-06-07 14:48:35,990 [INFO] IPUIPlugin:80 - create IPUIPlugin
2024-06-07 14:48:35,990 [INFO] PluginManager:220 - loadIPPluginJar : add touchsensing
2024-06-07 14:48:36,023 [INFO] IPUIPlugin:80 - create IPUIPlugin
2024-06-07 14:48:36,023 [INFO] PluginManager:220 - loadIPPluginJar : add tracer_emb
2024-06-07 14:48:36,058 [INFO] IPUIPlugin:80 - create IPUIPlugin
2024-06-07 14:48:36,059 [INFO] PluginManager:220 - loadIPPluginJar : add ts
2024-06-07 14:48:36,103 [INFO] IPUIPlugin:80 - create IPUIPlugin
2024-06-07 14:48:36,103 [INFO] PluginManager:220 - loadIPPluginJar : add tsc
2024-06-07 14:48:36,138 [INFO] IPUIPlugin:80 - create IPUIPlugin
2024-06-07 14:48:36,138 [INFO] PluginManager:220 - loadIPPluginJar : add ucpd
2024-06-07 14:48:36,212 [INFO] IPUIPlugin:80 - create IPUIPlugin
2024-06-07 14:48:36,212 [INFO] PluginManager:220 - loadIPPluginJar : add usart
2024-06-07 14:48:36,276 [INFO] IPUIPlugin:80 - create IPUIPlugin
2024-06-07 14:48:36,276 [INFO] PluginManager:220 - loadIPPluginJar : add usbx
2024-06-07 14:48:36,355 [INFO] ThirdPartyUpdaterWithRetryManager:70 - Updater plugin not ready yet. [2/15]
2024-06-07 14:48:36,404 [INFO] CADModel:165 - CPN selected for project level
2024-06-07 14:48:36,404 [INFO] CADModel:114 - Register for checkConnection events
2024-06-07 14:48:36,405 [FATAL] Updater:308 - Updater called before beeing initialized
2024-06-07 14:48:36,405 [ERROR] CADModel:125 - Updater not yet initialized, retry later 
2024-06-07 14:48:36,575 [INFO] CADModel:165 - CPN selected for project level
2024-06-07 14:48:36,576 [INFO] CADModel:114 - Register for checkConnection events
2024-06-07 14:48:36,576 [FATAL] Updater:308 - Updater called before beeing initialized
2024-06-07 14:48:36,576 [ERROR] CADModel:125 - Updater not yet initialized, retry later 
2024-06-07 14:48:36,579 [FATAL] Updater:308 - Updater called before beeing initialized
2024-06-07 14:48:36,714 [FATAL] Updater:308 - Updater called before beeing initialized
2024-06-07 14:48:36,725 [INFO] DbMcusAds:53 - JSON generation date=Wed Nov 29 17:52:27 ICT 2023 (1701255147349)
2024-06-07 14:48:36,725 [FATAL] Updater:308 - Updater called before beeing initialized
2024-06-07 14:48:36,825 [WARN] DetailPanel:346 - Failed to get advertising image, set to default
2024-06-07 14:48:36,921 [FATAL] Updater:308 - Updater called before beeing initialized
2024-06-07 14:48:36,923 [FATAL] Updater:308 - Updater called before beeing initialized
2024-06-07 14:48:36,923 [FATAL] Updater:308 - Updater called before beeing initialized
2024-06-07 14:48:36,923 [WARN] DetailPanel:346 - Failed to get advertising image, set to default
2024-06-07 14:48:36,924 [FATAL] Updater:308 - Updater called before beeing initialized
2024-06-07 14:48:36,993 [ERROR] Updater:1120 - MainUpdater not yet initialized. External WinMGr cannot be set.
2024-06-07 14:48:37,006 [INFO] Updater:1056 - Updater Version found : 6.10.0
2024-06-07 14:48:37,029 [INFO] ApplicationProperties:184 - Using Application install path: G:\stm32cubeide\stm32cubeide114\STM32CubeIDE_1.14.0\STM32CubeIDE\plugins\com.st.stm32cube.common.mx_6.10.0.202311202037
2024-06-07 14:48:37,682 [INFO] MainUpdater:2873 - connection check result : 10
2024-06-07 14:48:37,682 [INFO] MainUpdater:3567 - Updater definition file requires update
2024-06-07 14:48:37,683 [INFO] MainUpdater:290 - Updater Check For Update Now.
2024-06-07 14:48:37,684 [INFO] MicroXplorer:498 - Change Database Version : DB.6.0.100
2024-06-07 14:48:37,701 [INFO] McuFinderGlobals:63 - Set McuFinder mode to 2 (CubeIDE integrated)
2024-06-07 14:48:37,991 [INFO] ServerAccessManage:473 - Download File updaters.zip
2024-06-07 14:48:38,210 [INFO] FileExtend:240 - Unzip File : updaters.zip
2024-06-07 14:48:38,210 [INFO] FileExtend:255 - Standard Zip Deflate
2024-06-07 14:48:38,310 [INFO] UserAuth:404 - Internet connection configuration mode: 1
2024-06-07 14:48:38,353 [INFO] JxBrowserEngine:152 - Initiate JxBrowser Engine with user profile folder
2024-06-07 14:48:38,742 [INFO] ServerAccessManage:473 - Download File PacksControlFlags.xml
2024-06-07 14:48:38,908 [INFO] ServerAccessManage:473 - Download File cubemx.pidx
2024-06-07 14:48:39,035 [INFO] LoadServerUpdatesThread:375 - End of LoadServerUpdate Thread
2024-06-07 14:48:39,260 [INFO] CheckServerUpdateThread:120 - End of CheckServer Thread
2024-06-07 14:48:39,731 [WARN] PackLoader:240 - Cannot read IP mode file for STMicroelectronics.FP-SNS-MOTENVWB1.1.4.0
2024-06-07 14:48:39,758 [WARN] PackLoader:240 - Cannot read IP mode file for STMicroelectronics.X-CUBE-SMBUS.2.1.0
2024-06-07 14:48:39,780 [WARN] PackLoader:240 - Cannot read IP mode file for STMicroelectronics.X-CUBE-TOUCHGFX.4.23.1
2024-06-07 14:48:39,797 [WARN] PackLoader:240 - Cannot read IP mode file for STMicroelectronics.X-CUBE-TOUCHGFX.4.23.0
2024-06-07 14:48:39,812 [WARN] PackLoader:240 - Cannot read IP mode file for STMicroelectronics.X-CUBE-TOUCHGFX.4.23.2
2024-06-07 14:48:39,865 [WARN] PackLoader:240 - Cannot read IP mode file for STMicroelectronics.X-CUBE-AZRTOS-F7.1.1.0
2024-06-07 14:48:39,892 [WARN] PackLoader:240 - Cannot read IP mode file for STMicroelectronics.FP-SNS-MOTENV1.4.3.2
2024-06-07 14:48:39,913 [WARN] PackLoader:240 - Cannot read IP mode file for STMicroelectronics.FP-SNS-FLIGHT1.5.0.2
2024-06-07 14:48:39,936 [WARN] PackLoader:240 - Cannot read IP mode file for STMicroelectronics.X-CUBE-DISPLAY.3.0.0
2024-06-07 14:48:39,965 [WARN] PackLoader:240 - Cannot read IP mode file for STMicroelectronics.X-CUBE-BLE1.7.0.0
2024-06-07 14:48:39,989 [WARN] PackLoader:240 - Cannot read IP mode file for emotas.I-CUBE-CANOPEN.1.3.0
2024-06-07 14:48:40,006 [WARN] PackLoader:240 - Cannot read IP mode file for STMicroelectronics.X-CUBE-TOUCHGFX.4.22.1
2024-06-07 14:48:40,032 [WARN] PackLoader:240 - Cannot read IP mode file for STMicroelectronics.X-CUBE-BLEMGR.3.1.0
2024-06-07 14:48:40,057 [WARN] PackLoader:240 - Cannot read IP mode file for STMicroelectronics.FP-SNS-SMARTAG2.1.2.0
2024-06-07 14:48:40,087 [INFO] LogOutputStream:77 - [STDOUT_REDIRECT] 1 : Invalid condition id : UX_CORESTACK_Condition cause : null
2024-06-07 14:48:40,088 [INFO] LogOutputStream:77 - [STDOUT_REDIRECT] 1 : Invalid condition id : UX_CORESTACK_Condition cause : null
2024-06-07 14:48:40,089 [INFO] LogOutputStream:77 - [STDOUT_REDIRECT] 1 : Invalid condition id : UX_CORESTACK_Condition cause : null
2024-06-07 14:48:40,091 [INFO] LogOutputStream:77 - [STDOUT_REDIRECT] 1 : Invalid condition id : UX_CORESTACK_Condition cause : null
2024-06-07 14:48:40,092 [INFO] LogOutputStream:77 - [STDOUT_REDIRECT] 1 : Invalid condition id : UX_CORESTACK_Condition cause : null
2024-06-07 14:48:40,097 [WARN] PackLoader:240 - Cannot read IP mode file for STMicroelectronics.X-CUBE-AZRTOS-WL.2.0.0
2024-06-07 14:48:40,116 [WARN] PackLoader:240 - Cannot read IP mode file for STMicroelectronics.FP-SNS-MOTENV1.5.0.0
2024-06-07 14:48:40,141 [WARN] PackLoader:240 - Cannot read IP mode file for WES.I-CUBE-Cesium.1.3.0
2024-06-07 14:48:40,162 [WARN] PackLoader:240 - Cannot read IP mode file for STMicroelectronics.X-CUBE-BLE2.3.3.0
2024-06-07 14:48:40,183 [WARN] PackLoader:240 - Cannot read IP mode file for STMicroelectronics.X-CUBE-TCPP.4.1.0
2024-06-07 14:48:40,205 [WARN] PackLoader:240 - Cannot read IP mode file for STMicroelectronics.X-CUBE-ALGOBUILD.1.3.0
2024-06-07 14:48:40,250 [WARN] PackLoader:240 - Cannot read IP mode file for STMicroelectronics.X-CUBE-AZRTOS-G0.1.1.0
2024-06-07 14:48:40,278 [WARN] PackLoader:240 - Cannot read IP mode file for STMicroelectronics.X-CUBE-SAFEA1.1.2.2
2024-06-07 14:48:40,308 [WARN] PackLoader:240 - Cannot read IP mode file for STMicroelectronics.X-CUBE-NFC4.3.0.0
2024-06-07 14:48:40,326 [WARN] PackLoader:240 - Cannot read IP mode file for wolfSSL.I-CUBE-wolfMQTT.1.18.0
2024-06-07 14:48:40,352 [WARN] PackLoader:240 - Cannot read IP mode file for STMicroelectronics.X-CUBE-BLEMGR.3.0.0
2024-06-07 14:48:40,373 [WARN] PackLoader:240 - Cannot read IP mode file for STMicroelectronics.FP-ATR-SIGFOX1.3.2.0
2024-06-07 14:48:40,394 [WARN] PackLoader:240 - Cannot read IP mode file for STMicroelectronics.X-CUBE-EEPRMA1.5.1.0
2024-06-07 14:48:40,454 [WARN] PackLoader:240 - Cannot read IP mode file for SEGGER.I-CUBE-embOS.1.3.1
2024-06-07 14:48:40,528 [WARN] PackLoader:240 - Cannot read IP mode file for STMicroelectronics.X-CUBE-ALGOBUILD.1.4.0
2024-06-07 14:48:40,550 [WARN] PackLoader:240 - Cannot read IP mode file for STMicroelectronics.X-CUBE-GNSS1.6.0.0
2024-06-07 14:48:40,592 [WARN] PackLoader:240 - Cannot read IP mode file for STMicroelectronics.X-CUBE-AZRTOS-F4.1.1.0
2024-06-07 14:48:40,614 [WARN] PackLoader:240 - Cannot read IP mode file for wolfSSL.I-CUBE-wolfSSL.5.6.3
2024-06-07 14:48:40,633 [WARN] PackLoader:240 - Cannot read IP mode file for STMicroelectronics.X-CUBE-FREERTOS.1.2.0
2024-06-07 14:48:40,673 [WARN] PackLoader:240 - Cannot read IP mode file for STMicroelectronics.X-CUBE-AZRTOS-L5.2.0.0
2024-06-07 14:48:40,746 [WARN] PackLoader:240 - Cannot read IP mode file for STMicroelectronics.X-CUBE-MEMS1.9.6.0
2024-06-07 14:48:40,939 [WARN] PackLoader:240 - Cannot read IP mode file for STMicroelectronics.X-CUBE-EEPRMA1.4.2.0
2024-06-07 14:48:40,962 [WARN] PackLoader:240 - Cannot read IP mode file for STMicroelectronics.X-CUBE-NFC6.3.1.0
2024-06-07 14:48:40,984 [WARN] PackLoader:240 - Cannot read IP mode file for ITTIA_DB.I-CUBE-ITTIADB.8.8.0
2024-06-07 14:48:41,006 [WARN] PackLoader:240 - Cannot read IP mode file for STMicroelectronics.X-CUBE-BLEMGR.2.0.0
2024-06-07 14:48:41,029 [WARN] PackLoader:240 - Cannot read IP mode file for STMicroelectronics.X-CUBE-AI.9.0.0
2024-06-07 14:48:41,069 [WARN] ConditionMgr:438 - getConditionDescription Invalid condition id : UX DEVICE CLASS RTOS Condition cause : null
2024-06-07 14:48:41,069 [WARN] ConditionMgr:438 - getConditionDescription Invalid condition id : UX DEVICE CLASS RTOS Condition cause : null
2024-06-07 14:48:41,073 [WARN] PackLoader:240 - Cannot read IP mode file for STMicroelectronics.X-CUBE-AZRTOS-H7.3.1.0
2024-06-07 14:48:41,075 [WARN] ConditionMgr:1039 - genDependencies : Invalid condition id : UX DEVICE CLASS RTOS Condition cause : null
2024-06-07 14:48:41,075 [WARN] ConditionMgr:1039 - genDependencies : Invalid condition id : UX DEVICE CLASS RTOS Condition cause : null
2024-06-07 14:48:41,076 [WARN] ConditionMgr:1039 - genDependencies : Invalid condition id : UX DEVICE CLASS RTOS Condition cause : null
2024-06-07 14:48:41,077 [WARN] ConditionMgr:1039 - genDependencies : Invalid condition id : UX DEVICE CLASS RTOS Condition cause : null
2024-06-07 14:48:41,077 [WARN] ConditionMgr:1039 - genDependencies : Invalid condition id : UX DEVICE CLASS RTOS Condition cause : null
2024-06-07 14:48:41,162 [WARN] PackLoader:240 - Cannot read IP mode file for STMicroelectronics.X-CUBE-NFC7.1.0.1
2024-06-07 14:48:41,181 [WARN] PackLoader:240 - Cannot read IP mode file for STMicroelectronics.X-CUBE-NFC6.3.0.0
2024-06-07 14:48:41,209 [WARN] PackLoader:240 - Cannot read IP mode file for STMicroelectronics.X-CUBE-EEPRMA1.4.1.0
2024-06-07 14:48:41,227 [WARN] PackLoader:240 - Cannot read IP mode file for STMicroelectronics.X-CUBE-AI.8.1.0
2024-06-07 14:48:41,265 [WARN] ConditionMgr:438 - getConditionDescription Invalid condition id : LAN8742 Phy interface Condition cause : null
2024-06-07 14:48:41,266 [WARN] PackLoader:240 - Cannot read IP mode file for STMicroelectronics.X-CUBE-AZRTOS-L4.2.0.0
2024-06-07 14:48:41,268 [WARN] ConditionMgr:1039 - genDependencies : Invalid condition id : LAN8742 Phy interface Condition cause : null
2024-06-07 14:48:41,268 [WARN] ConditionMgr:1039 - genDependencies : Invalid condition id : LAN8742 Phy interface Condition cause : null
2024-06-07 14:48:41,269 [WARN] ConditionMgr:1039 - genDependencies : Invalid condition id : LAN8742 Phy interface Condition cause : null
2024-06-07 14:48:41,432 [WARN] PackLoader:240 - Cannot read IP mode file for STMicroelectronics.X-CUBE-SFXS2LP1.4.0.0
2024-06-07 14:48:41,468 [WARN] PackLoader:240 - Cannot read IP mode file for STMicroelectronics.X-CUBE-ISPU.1.1.0
2024-06-07 14:48:41,508 [WARN] ConditionMgr:438 - getConditionDescription Invalid condition id : UX DEVICE CLASS RTOS Condition cause : null
2024-06-07 14:48:41,509 [WARN] ConditionMgr:438 - getConditionDescription Invalid condition id : UX DEVICE CLASS RTOS Condition cause : null
2024-06-07 14:48:41,511 [WARN] PackLoader:240 - Cannot read IP mode file for STMicroelectronics.X-CUBE-AZRTOS-WB.2.0.0
2024-06-07 14:48:41,512 [WARN] ConditionMgr:1039 - genDependencies : Invalid condition id : UX DEVICE CLASS RTOS Condition cause : null
2024-06-07 14:48:41,513 [WARN] ConditionMgr:1039 - genDependencies : Invalid condition id : UX DEVICE CLASS RTOS Condition cause : null
2024-06-07 14:48:41,513 [WARN] ConditionMgr:1039 - genDependencies : Invalid condition id : UX DEVICE CLASS RTOS Condition cause : null
2024-06-07 14:48:41,514 [WARN] ConditionMgr:1039 - genDependencies : Invalid condition id : UX DEVICE CLASS RTOS Condition cause : null
2024-06-07 14:48:41,514 [WARN] ConditionMgr:1039 - genDependencies : Invalid condition id : UX DEVICE CLASS RTOS Condition cause : null
2024-06-07 14:48:41,542 [WARN] PackLoader:240 - Cannot read IP mode file for STMicroelectronics.X-CUBE-SUBG2.5.0.0
2024-06-07 14:48:41,571 [WARN] PackLoader:240 - Cannot read IP mode file for STMicroelectronics.X-CUBE-TOF1.3.3.1
2024-06-07 14:48:41,614 [WARN] PackLoader:240 - Cannot read IP mode file for STMicroelectronics.X-CUBE-AZRTOS-G4.2.0.0
2024-06-07 14:48:41,646 [WARN] PackLoader:240 - Cannot read IP mode file for Infineon.AIROC-Wi-Fi-Bluetooth-STM32.1.5.1
2024-06-07 14:48:41,666 [WARN] PackLoader:240 - Cannot read IP mode file for STMicroelectronics.FP-SNS-MOTENVWB1.1.3.0
2024-06-07 14:48:41,682 [WARN] PackLoader:240 - Cannot read IP mode file for STMicroelectronics.FP-SNS-MOTENVWB1.1.3.1
2024-06-07 14:48:41,721 [WARN] PackLoader:240 - Cannot read IP mode file for STMicroelectronics.X-CUBE-ISPU.2.0.0
2024-06-07 14:48:41,766 [WARN] PackLoader:240 - Cannot read IP mode file for STMicroelectronics.X-CUBE-ALS.1.0.2
2024-06-07 14:48:41,961 [WARN] PackLoader:240 - Cannot read IP mode file for STMicroelectronics.X-CUBE-MEMS1.10.0.0
2024-06-07 14:48:42,049 [INFO] WebApp:161 - Instantiating new browser for Auth
2024-06-07 14:48:42,118 [WARN] PackLoader:240 - Cannot read IP mode file for STMicroelectronics.X-CUBE-FREERTOS.1.1.0
2024-06-07 14:48:42,139 [WARN] PackLoader:240 - Cannot read IP mode file for portGmbH.I-Cube-SoM-uGOAL.1.1.0
2024-06-07 14:48:42,156 [WARN] PackLoader:240 - Cannot read IP mode file for STMicroelectronics.X-CUBE-ALS.1.0.1
2024-06-07 14:48:42,217 [WARN] PackLoader:240 - Cannot read IP mode file for STMicroelectronics.X-CUBE-AZRTOS-H7RS.1.0.0
2024-06-07 14:48:42,242 [WARN] PackLoader:240 - Cannot read IP mode file for STMicroelectronics.FP-ATR-ASTRA1.2.0.0
2024-06-07 14:48:42,266 [WARN] PackLoader:240 - Cannot read IP mode file for STMicroelectronics.X-CUBE-TOF1.3.4.0
2024-06-07 14:48:42,313 [WARN] PackLoader:240 - Cannot read IP mode file for STMicroelectronics.X-CUBE-TOF1.3.4.1
2024-06-07 14:48:42,497 [WARN] PackLoader:240 - Cannot read IP mode file for STMicroelectronics.X-CUBE-AZRTOS-H7.3.2.0
2024-06-07 14:48:42,509 [INFO] ThirdParty:978 - Integrity check success = true
2024-06-07 14:48:42,509 [INFO] IntegrityCheckThread:100 - exiting critical section [integrity check]
2024-06-07 14:48:42,509 [INFO] IntegrityCheckThread:103 - End integrity checks thread
2024-06-07 14:48:43,225 [INFO] WebApp:780 - Register for checkConnection events
2024-06-07 14:48:43,227 [INFO] WebApp:414 - Apply proxy settings
2024-06-07 14:48:43,231 [INFO] WebApp:499 - Chromium requires no authentication
2024-06-07 14:48:43,243 [INFO] WebApp:442 - Direct internet connection detected
2024-06-07 14:48:43,530 [INFO] WebApp:192 - Starting web application
2024-06-07 14:48:43,531 [INFO] WebApp:544 - Web application path used G:\stm32cubeide\stm32cubeide114\STM32CubeIDE_1.14.0\STM32CubeIDE\plugins\com.st.stm32cube.common.mx_6.10.0.202311202037\db\plugins\mcufinder\reactClient1\index.html
2024-06-07 14:49:04,748 [ERROR] LogOutputStream:75 - [STDERR_REDIRECT] SLF4J: Failed to load class "org.slf4j.impl.StaticLoggerBinder".
2024-06-07 14:49:04,750 [ERROR] LogOutputStream:75 - [STDERR_REDIRECT] SLF4J: Defaulting to no-operation (NOP) logger implementation
2024-06-07 14:49:04,752 [ERROR] LogOutputStream:75 - [STDERR_REDIRECT] SLF4J: See http://www.slf4j.org/codes.html#StaticLoggerBinder for further details.
2024-06-07 17:13:13,922 [ERROR] LogOutputStream:75 - [STDERR_REDIRECT] 
2024-06-07 20:09:46,690 [INFO] Activator:176 - 


2024-06-07 20:09:46,693 [INFO] Activator:177 - !SESSION log4j initialized
2024-06-07 20:09:53,902 [INFO] LogOutputStream:77 - [STDOUT_REDIRECT] 
2024-06-07 20:10:00,467 [INFO] ApplicationProperties:184 - Using Application install path: G:\stm32cubeide\stm32cubeide114\STM32CubeIDE_1.14.0\STM32CubeIDE\plugins\com.st.stm32cube.common.mx_6.10.0.202311202037
2024-06-07 20:10:00,482 [INFO] DbMcusXml:78 - Set database path to: G:\stm32cubeide\stm32cubeide114\STM32CubeIDE_1.14.0\STM32CubeIDE\plugins\com.st.stm32cube.common.mx_6.10.0.202311202037\\db\/mcu/
2024-06-07 20:10:00,482 [INFO] ApiDb:274 - Set plugin database path to: G:\stm32cubeide\stm32cubeide114\STM32CubeIDE_1.14.0\STM32CubeIDE\plugins\com.st.stm32cube.common.mx_6.10.0.202311202037\\db\/plugins/boardmanager/
2024-06-07 20:10:00,483 [WARN] ApiDb:259 - Overriding images path with different value:  => G:\stm32cubeide\stm32cubeide114\STM32CubeIDE_1.14.0\STM32CubeIDE\plugins\com.st.stm32cube.common.mx_6.10.0.202311202037\\db\/plugins/mcufinder/images/
2024-06-07 20:10:00,496 [INFO] ApiDb:250 - Set database path to: C:\Users\Nghia\.stmcufinder\plugins\mcufinder//mcu/
2024-06-07 20:10:00,497 [INFO] DbMcusAds:125 - Set database path to: C:\Users\Nghia\.stmcufinder\plugins\mcufinder//mcu/
2024-06-07 20:10:00,498 [INFO] CrossReferenceDbSqlite:203 - Set database path to: C:\Users\Nghia\.stmcufinder\plugins\mcufinder//mcu/cs/
2024-06-07 20:10:00,595 [INFO] RulesReader:64 - Compatibility file has been processed (297 Rules)
2024-06-07 20:10:00,679 [INFO] DbMcusXml:78 - Set database path to: G:\stm32cubeide\stm32cubeide114\STM32CubeIDE_1.14.0\STM32CubeIDE\plugins\com.st.stm32cube.common.mx_6.10.0.202311202037\\db\/mcu/
2024-06-07 20:10:00,679 [INFO] ApiDb:274 - Set plugin database path to: G:\stm32cubeide\stm32cubeide114\STM32CubeIDE_1.14.0\STM32CubeIDE\plugins\com.st.stm32cube.common.mx_6.10.0.202311202037\\db\/plugins/boardmanager/
2024-06-07 20:10:00,679 [INFO] ApiDb:261 - Set plugin images path to: G:\stm32cubeide\stm32cubeide114\STM32CubeIDE_1.14.0\STM32CubeIDE\plugins\com.st.stm32cube.common.mx_6.10.0.202311202037\\db\/plugins/mcufinder/images/
2024-06-07 20:10:00,679 [WARN] DbFile:41 - Overriding database path with different value: C:\Users\Nghia\.stmcufinder\plugins\mcufinder/ => C:\Users\Nghia\.stmcufinder\plugins\mcufinder
2024-06-07 20:10:00,679 [INFO] ApiDb:250 - Set database path to: C:\Users\Nghia\.stmcufinder\plugins\mcufinder//mcu/
2024-06-07 20:10:00,679 [WARN] DbFile:41 - Overriding database path with different value: C:\Users\Nghia\.stmcufinder\plugins\mcufinder/ => C:\Users\Nghia\.stmcufinder\plugins\mcufinder
2024-06-07 20:10:00,679 [INFO] DbMcusAds:125 - Set database path to: C:\Users\Nghia\.stmcufinder\plugins\mcufinder//mcu/
2024-06-07 20:10:00,679 [WARN] DbFile:41 - Overriding database path with different value: C:\Users\Nghia\.stmcufinder\plugins\mcufinder/ => C:\Users\Nghia\.stmcufinder\plugins\mcufinder
2024-06-07 20:10:00,680 [WARN] DbFile:41 - Overriding database path with different value: C:\Users\Nghia\.stmcufinder\plugins\mcufinder/ => C:\Users\Nghia\.stmcufinder\plugins\mcufinder
2024-06-07 20:10:00,680 [INFO] CrossReferenceDbSqlite:203 - Set database path to: C:\Users\Nghia\.stmcufinder\plugins\mcufinder//mcu/cs/
2024-06-07 20:10:00,750 [INFO] MainPanel:264 - HeapMemory: 268435456
2024-06-07 20:10:00,845 [INFO] DbMcusXml:78 - Set database path to: G:\stm32cubeide\stm32cubeide114\STM32CubeIDE_1.14.0\STM32CubeIDE\plugins\com.st.stm32cube.common.mx_6.10.0.202311202037\\db\/mcu/
2024-06-07 20:10:00,846 [INFO] ApiDb:274 - Set plugin database path to: G:\stm32cubeide\stm32cubeide114\STM32CubeIDE_1.14.0\STM32CubeIDE\plugins\com.st.stm32cube.common.mx_6.10.0.202311202037\\db\/plugins/boardmanager/
2024-06-07 20:10:00,846 [INFO] ApiDb:261 - Set plugin images path to: G:\stm32cubeide\stm32cubeide114\STM32CubeIDE_1.14.0\STM32CubeIDE\plugins\com.st.stm32cube.common.mx_6.10.0.202311202037\\db\/plugins/mcufinder/images/
2024-06-07 20:10:00,846 [WARN] DbFile:41 - Overriding database path with different value: C:\Users\Nghia\.stmcufinder\plugins\mcufinder/ => C:\Users\Nghia\.stmcufinder\plugins\mcufinder
2024-06-07 20:10:00,846 [INFO] ApiDb:250 - Set database path to: C:\Users\Nghia\.stmcufinder\plugins\mcufinder//mcu/
2024-06-07 20:10:00,846 [WARN] DbFile:41 - Overriding database path with different value: C:\Users\Nghia\.stmcufinder\plugins\mcufinder/ => C:\Users\Nghia\.stmcufinder\plugins\mcufinder
2024-06-07 20:10:00,846 [INFO] DbMcusAds:125 - Set database path to: C:\Users\Nghia\.stmcufinder\plugins\mcufinder//mcu/
2024-06-07 20:10:00,846 [WARN] DbFile:41 - Overriding database path with different value: C:\Users\Nghia\.stmcufinder\plugins\mcufinder/ => C:\Users\Nghia\.stmcufinder\plugins\mcufinder
2024-06-07 20:10:00,846 [WARN] DbFile:41 - Overriding database path with different value: C:\Users\Nghia\.stmcufinder\plugins\mcufinder/ => C:\Users\Nghia\.stmcufinder\plugins\mcufinder
2024-06-07 20:10:00,846 [INFO] CrossReferenceDbSqlite:203 - Set database path to: C:\Users\Nghia\.stmcufinder\plugins\mcufinder//mcu/cs/
2024-06-07 20:10:00,865 [INFO] ApplicationProperties:184 - Using Application install path: G:\stm32cubeide\stm32cubeide114\STM32CubeIDE_1.14.0\STM32CubeIDE\plugins\com.st.stm32cube.common.mx_6.10.0.202311202037
2024-06-07 20:10:00,866 [INFO] PluginManage:196 - Search for loadable plugins [exclusion list=, ]
2024-06-07 20:10:00,868 [INFO] PluginManage:310 - Check plugin analytics
2024-06-07 20:10:05,924 [INFO] AnalyticsPlugin:253 - Accepted Software Licenses: STM32CubeMX.6.8.0,STM32CubeMX.6.1.1
2024-06-07 20:10:05,924 [INFO] AnalyticsPlugin:255 - Accepted CMSIS Pack Licenses: 
2024-06-07 20:10:05,924 [INFO] AnalyticsPlugin:257 - Accepted Firmware Licenses: FW.F4.1.27.0,FW.F4.1.28.0
2024-06-07 20:10:05,927 [INFO] PluginManage:359 - Loaded plugin analytics (category:tool,tabindex:-1)
2024-06-07 20:10:05,927 [INFO] PluginManage:310 - Check plugin cadmodel
2024-06-07 20:10:05,940 [INFO] CADModel:105 - Init CAD model plugin
2024-06-07 20:10:05,940 [INFO] PluginManage:359 - Loaded plugin cadmodel (category:power,tabindex:5)
2024-06-07 20:10:05,941 [INFO] PluginManage:310 - Check plugin clock
2024-06-07 20:10:05,959 [INFO] PluginManage:359 - Loaded plugin clock (category:base,tabindex:2)
2024-06-07 20:10:05,959 [INFO] PluginManage:310 - Check plugin ddr
2024-06-07 20:10:05,962 [INFO] PluginManage:359 - Loaded plugin ddr (category:tool,tabindex:6)
2024-06-07 20:10:05,962 [INFO] PluginManage:310 - Check plugin filemanager
2024-06-07 20:10:06,078 [INFO] PluginManage:359 - Loaded plugin filemanager (category:base,tabindex:10)
2024-06-07 20:10:06,078 [INFO] PluginManage:310 - Check plugin ipmanager
2024-06-07 20:10:06,085 [INFO] PluginManage:359 - Loaded plugin ipmanager (category:base,tabindex:5)
2024-06-07 20:10:06,085 [INFO] PluginManage:310 - Check plugin lpbam
2024-06-07 20:10:06,100 [INFO] PluginManage:359 - Loaded plugin lpbam (category:base,tabindex:0)
2024-06-07 20:10:06,100 [INFO] PluginManage:310 - Check plugin memorymap
2024-06-07 20:10:06,121 [INFO] PluginManage:359 - Loaded plugin memorymap (category:base,tabindex:4)
2024-06-07 20:10:06,121 [INFO] PluginManage:310 - Check plugin pinoutandconfiguration
2024-06-07 20:10:06,135 [INFO] PluginManage:359 - Loaded plugin pinoutandconfiguration (category:base,tabindex:1)
2024-06-07 20:10:06,135 [INFO] PluginManage:310 - Check plugin pinoutconfig
2024-06-07 20:10:06,238 [WARN] SupportedApi:132 - Cannot load RTOS API schema: s4s-elt-must-match.1: The content of 'definitions' must match (annotation?, (simpleType | complexType)?, (unique | key | keyref)*)). A problem was found starting at: attribute.
2024-06-07 20:10:06,386 [INFO] PluginManage:359 - Loaded plugin pinoutconfig (category:base,tabindex:0)
2024-06-07 20:10:06,386 [INFO] PluginManage:310 - Check plugin power
2024-06-07 20:10:06,407 [INFO] PluginManage:359 - Loaded plugin power (category:power,tabindex:4)
2024-06-07 20:10:06,407 [INFO] PluginManage:310 - Check plugin projectmanager
2024-06-07 20:10:06,426 [INFO] PluginManage:359 - Loaded plugin projectmanager (category:projectmanager,tabindex:3)
2024-06-07 20:10:06,427 [INFO] PluginManage:310 - Check plugin thirdparty
2024-06-07 20:10:06,696 [INFO] PluginManage:359 - Loaded plugin thirdparty (category:base,tabindex:-1)
2024-06-07 20:10:06,696 [WARN] IntegrityCheckThread:84 - waiting for thirdparty lock release [integrity check]
2024-06-07 20:10:06,697 [INFO] PluginManage:310 - Check plugin tools
2024-06-07 20:10:06,697 [INFO] IntegrityCheckThread:86 - entering critical section [integrity check]
2024-06-07 20:10:06,697 [INFO] ThirdPartyUpdaterWithRetryManager:70 - Updater plugin not ready yet. [1/15]
2024-06-07 20:10:06,732 [INFO] PluginManage:359 - Loaded plugin tools (category:base,tabindex:7)
2024-06-07 20:10:06,732 [INFO] PluginManage:310 - Check plugin tutovideos
2024-06-07 20:10:06,900 [INFO] PluginManage:359 - Loaded plugin tutovideos (category:base,tabindex:-1)
2024-06-07 20:10:06,900 [INFO] PluginManage:310 - Check plugin updater
2024-06-07 20:10:06,910 [INFO] PluginManage:359 - Loaded plugin updater (category:base,tabindex:12)
2024-06-07 20:10:06,910 [INFO] PluginManage:310 - Check plugin userauth
2024-06-07 20:10:06,914 [INFO] UserAuth:114 - Init User Auth plugin
2024-06-07 20:10:06,915 [INFO] PluginManage:359 - Loaded plugin userauth (category:base,tabindex:14)
2024-06-07 20:10:06,915 [INFO] PluginManage:283 - PluginManage : Loaded plugins [17]
2024-06-07 20:10:07,123 [INFO] PinOutPanel:1499 - setPackage(No Configuration,No Configuration)
2024-06-07 20:10:07,191 [INFO] CADModel:165 - CPN selected for project level
2024-06-07 20:10:07,191 [INFO] CADModel:114 - Register for checkConnection events
2024-06-07 20:10:07,214 [INFO] IPUIPlugin:80 - create IPUIPlugin
2024-06-07 20:10:07,214 [INFO] PluginManager:220 - loadIPPluginJar : add adc
2024-06-07 20:10:07,246 [INFO] IPUIPlugin:80 - create IPUIPlugin
2024-06-07 20:10:07,246 [INFO] PluginManager:220 - loadIPPluginJar : add aes
2024-06-07 20:10:07,283 [INFO] IPUIPlugin:80 - create IPUIPlugin
2024-06-07 20:10:07,283 [INFO] PluginManager:220 - loadIPPluginJar : add can
2024-06-07 20:10:07,304 [INFO] IPUIPlugin:80 - create IPUIPlugin
2024-06-07 20:10:07,304 [INFO] PluginManager:220 - loadIPPluginJar : add comp
2024-06-07 20:10:07,333 [INFO] IPUIPlugin:80 - create IPUIPlugin
2024-06-07 20:10:07,333 [INFO] PluginManager:220 - loadIPPluginJar : add cryp
2024-06-07 20:10:07,359 [INFO] IPUIPlugin:80 - create IPUIPlugin
2024-06-07 20:10:07,359 [INFO] PluginManager:220 - loadIPPluginJar : add dfsdm
2024-06-07 20:10:07,372 [INFO] IPUIPlugin:80 - create IPUIPlugin
2024-06-07 20:10:07,372 [INFO] PluginManager:220 - loadIPPluginJar : add dma
2024-06-07 20:10:07,412 [INFO] IPUIPlugin:80 - create IPUIPlugin
2024-06-07 20:10:07,412 [INFO] PluginManager:220 - loadIPPluginJar : add dma3
2024-06-07 20:10:07,429 [INFO] IPUIPlugin:80 - create IPUIPlugin
2024-06-07 20:10:07,429 [INFO] PluginManager:220 - loadIPPluginJar : add fatfs
2024-06-07 20:10:07,469 [INFO] IPUIPlugin:80 - create IPUIPlugin
2024-06-07 20:10:07,469 [INFO] PluginManager:220 - loadIPPluginJar : add fmc
2024-06-07 20:10:07,482 [INFO] IPUIPlugin:80 - create IPUIPlugin
2024-06-07 20:10:07,482 [INFO] PluginManager:220 - loadIPPluginJar : add freertos
2024-06-07 20:10:07,500 [INFO] IPUIPlugin:80 - create IPUIPlugin
2024-06-07 20:10:07,500 [INFO] PluginManager:220 - loadIPPluginJar : add genericplugin
2024-06-07 20:10:07,585 [INFO] IPUIPlugin:80 - create IPUIPlugin
2024-06-07 20:10:07,585 [INFO] PluginManager:220 - loadIPPluginJar : add gfxmmu
2024-06-07 20:10:07,705 [INFO] IPUIPlugin:80 - create IPUIPlugin
2024-06-07 20:10:07,705 [INFO] PluginManager:220 - loadIPPluginJar : add gic
2024-06-07 20:10:07,715 [INFO] IPUIPlugin:80 - create IPUIPlugin
2024-06-07 20:10:07,716 [INFO] PluginManager:220 - loadIPPluginJar : add gpio
2024-06-07 20:10:07,803 [INFO] IPUIPlugin:80 - create IPUIPlugin
2024-06-07 20:10:07,803 [INFO] PluginManager:220 - loadIPPluginJar : add gtzc
2024-06-07 20:10:07,835 [INFO] IPUIPlugin:80 - create IPUIPlugin
2024-06-07 20:10:07,835 [INFO] PluginManager:220 - loadIPPluginJar : add hash
2024-06-07 20:10:07,883 [INFO] IPUIPlugin:80 - create IPUIPlugin
2024-06-07 20:10:07,883 [INFO] PluginManager:220 - loadIPPluginJar : add i2c
2024-06-07 20:10:07,917 [INFO] IPUIPlugin:80 - create IPUIPlugin
2024-06-07 20:10:07,918 [INFO] PluginManager:220 - loadIPPluginJar : add i2s
2024-06-07 20:10:07,958 [INFO] IPUIPlugin:80 - create IPUIPlugin
2024-06-07 20:10:07,959 [INFO] PluginManager:220 - loadIPPluginJar : add i3c
2024-06-07 20:10:08,052 [INFO] IPUIPlugin:80 - create IPUIPlugin
2024-06-07 20:10:08,053 [INFO] PluginManager:220 - loadIPPluginJar : add ipddr
2024-06-07 20:10:08,133 [INFO] IPUIPlugin:80 - create IPUIPlugin
2024-06-07 20:10:08,133 [INFO] PluginManager:220 - loadIPPluginJar : add linkedlist
2024-06-07 20:10:08,163 [INFO] IPUIPlugin:80 - create IPUIPlugin
2024-06-07 20:10:08,164 [INFO] PluginManager:220 - loadIPPluginJar : add lorawan
2024-06-07 20:10:08,197 [INFO] IPUIPlugin:80 - create IPUIPlugin
2024-06-07 20:10:08,197 [INFO] PluginManager:220 - loadIPPluginJar : add ltdc
2024-06-07 20:10:08,209 [INFO] IPUIPlugin:80 - create IPUIPlugin
2024-06-07 20:10:08,209 [INFO] PluginManager:220 - loadIPPluginJar : add mdma
2024-06-07 20:10:08,219 [INFO] IPUIPlugin:80 - create IPUIPlugin
2024-06-07 20:10:08,219 [INFO] PluginManager:220 - loadIPPluginJar : add nvic
2024-06-07 20:10:08,255 [INFO] IPUIPlugin:80 - create IPUIPlugin
2024-06-07 20:10:08,255 [INFO] PluginManager:220 - loadIPPluginJar : add opamp
2024-06-07 20:10:08,315 [INFO] IPUIPlugin:80 - create IPUIPlugin
2024-06-07 20:10:08,315 [INFO] PluginManager:220 - loadIPPluginJar : add openamp
2024-06-07 20:10:08,354 [INFO] IPUIPlugin:80 - create IPUIPlugin
2024-06-07 20:10:08,354 [INFO] PluginManager:220 - loadIPPluginJar : add pdm2pcm
2024-06-07 20:10:08,366 [INFO] IPUIPlugin:80 - create IPUIPlugin
2024-06-07 20:10:08,368 [INFO] PluginManager:220 - loadIPPluginJar : add plateformsettings
2024-06-07 20:10:08,389 [INFO] IPUIPlugin:80 - create IPUIPlugin
2024-06-07 20:10:08,389 [INFO] PluginManager:220 - loadIPPluginJar : add quadspi
2024-06-07 20:10:08,401 [INFO] IPUIPlugin:80 - create IPUIPlugin
2024-06-07 20:10:08,401 [INFO] PluginManager:220 - loadIPPluginJar : add resmgrutility
2024-06-07 20:10:08,444 [INFO] IPUIPlugin:80 - create IPUIPlugin
2024-06-07 20:10:08,444 [INFO] PluginManager:220 - loadIPPluginJar : add sai
2024-06-07 20:10:08,477 [INFO] IPUIPlugin:80 - create IPUIPlugin
2024-06-07 20:10:08,477 [INFO] PluginManager:220 - loadIPPluginJar : add spi
2024-06-07 20:10:08,540 [INFO] IPUIPlugin:80 - create IPUIPlugin
2024-06-07 20:10:08,540 [INFO] PluginManager:220 - loadIPPluginJar : add stm32_wpan
2024-06-07 20:10:08,561 [INFO] IPUIPlugin:80 - create IPUIPlugin
2024-06-07 20:10:08,561 [INFO] PluginManager:220 - loadIPPluginJar : add tim
2024-06-07 20:10:08,610 [INFO] IPUIPlugin:80 - create IPUIPlugin
2024-06-07 20:10:08,610 [INFO] PluginManager:220 - loadIPPluginJar : add touchsensing
2024-06-07 20:10:08,630 [INFO] IPUIPlugin:80 - create IPUIPlugin
2024-06-07 20:10:08,630 [INFO] PluginManager:220 - loadIPPluginJar : add tracer_emb
2024-06-07 20:10:08,650 [INFO] IPUIPlugin:80 - create IPUIPlugin
2024-06-07 20:10:08,650 [INFO] PluginManager:220 - loadIPPluginJar : add ts
2024-06-07 20:10:08,669 [INFO] IPUIPlugin:80 - create IPUIPlugin
2024-06-07 20:10:08,669 [INFO] PluginManager:220 - loadIPPluginJar : add tsc
2024-06-07 20:10:08,688 [INFO] IPUIPlugin:80 - create IPUIPlugin
2024-06-07 20:10:08,688 [INFO] PluginManager:220 - loadIPPluginJar : add ucpd
2024-06-07 20:10:08,727 [INFO] IPUIPlugin:80 - create IPUIPlugin
2024-06-07 20:10:08,727 [INFO] PluginManager:220 - loadIPPluginJar : add usart
2024-06-07 20:10:08,766 [INFO] IPUIPlugin:80 - create IPUIPlugin
2024-06-07 20:10:08,766 [INFO] PluginManager:220 - loadIPPluginJar : add usbx
2024-06-07 20:10:08,888 [INFO] CADModel:165 - CPN selected for project level
2024-06-07 20:10:08,888 [INFO] CADModel:114 - Register for checkConnection events
2024-06-07 20:10:08,888 [FATAL] Updater:308 - Updater called before beeing initialized
2024-06-07 20:10:08,888 [ERROR] CADModel:125 - Updater not yet initialized, retry later 
2024-06-07 20:10:09,013 [INFO] CADModel:165 - CPN selected for project level
2024-06-07 20:10:09,013 [INFO] CADModel:114 - Register for checkConnection events
2024-06-07 20:10:09,013 [FATAL] Updater:308 - Updater called before beeing initialized
2024-06-07 20:10:09,013 [ERROR] CADModel:125 - Updater not yet initialized, retry later 
2024-06-07 20:10:09,016 [FATAL] Updater:308 - Updater called before beeing initialized
2024-06-07 20:10:09,112 [FATAL] Updater:308 - Updater called before beeing initialized
2024-06-07 20:10:09,119 [INFO] DbMcusAds:53 - JSON generation date=Wed Nov 29 17:52:27 ICT 2023 (1701255147349)
2024-06-07 20:10:09,120 [FATAL] Updater:308 - Updater called before beeing initialized
2024-06-07 20:10:09,192 [WARN] DetailPanel:346 - Failed to get advertising image, set to default
2024-06-07 20:10:09,277 [FATAL] Updater:308 - Updater called before beeing initialized
2024-06-07 20:10:09,279 [FATAL] Updater:308 - Updater called before beeing initialized
2024-06-07 20:10:09,279 [FATAL] Updater:308 - Updater called before beeing initialized
2024-06-07 20:10:09,279 [WARN] DetailPanel:346 - Failed to get advertising image, set to default
2024-06-07 20:10:09,280 [FATAL] Updater:308 - Updater called before beeing initialized
2024-06-07 20:10:09,332 [ERROR] Updater:1120 - MainUpdater not yet initialized. External WinMGr cannot be set.
2024-06-07 20:10:09,342 [INFO] Updater:1056 - Updater Version found : 6.10.0
2024-06-07 20:10:09,358 [INFO] ApplicationProperties:184 - Using Application install path: G:\stm32cubeide\stm32cubeide114\STM32CubeIDE_1.14.0\STM32CubeIDE\plugins\com.st.stm32cube.common.mx_6.10.0.202311202037
2024-06-07 20:10:09,699 [INFO] ThirdPartyUpdaterWithRetryManager:70 - Updater plugin not ready yet. [2/15]
2024-06-07 20:10:10,270 [INFO] MainUpdater:2873 - connection check result : 10
2024-06-07 20:10:10,271 [INFO] MainUpdater:290 - Updater Check For Update Now.
2024-06-07 20:10:10,271 [INFO] MicroXplorer:498 - Change Database Version : DB.6.0.100
2024-06-07 20:10:10,290 [INFO] McuFinderGlobals:63 - Set McuFinder mode to 2 (CubeIDE integrated)
2024-06-07 20:10:10,487 [INFO] CheckServerUpdateThread:120 - End of CheckServer Thread
2024-06-07 20:10:10,939 [INFO] UserAuth:404 - Internet connection configuration mode: 1
2024-06-07 20:10:10,961 [INFO] JxBrowserEngine:152 - Initiate JxBrowser Engine with user profile folder
2024-06-07 20:10:12,874 [INFO] WebApp:161 - Instantiating new browser for Auth
2024-06-07 20:10:13,015 [WARN] PackLoader:240 - Cannot read IP mode file for STMicroelectronics.FP-SNS-MOTENVWB1.1.4.0
2024-06-07 20:10:13,047 [WARN] PackLoader:240 - Cannot read IP mode file for STMicroelectronics.X-CUBE-SMBUS.2.1.0
2024-06-07 20:10:13,071 [WARN] PackLoader:240 - Cannot read IP mode file for STMicroelectronics.X-CUBE-TOUCHGFX.4.23.1
2024-06-07 20:10:13,098 [WARN] PackLoader:240 - Cannot read IP mode file for STMicroelectronics.X-CUBE-TOUCHGFX.4.23.0
2024-06-07 20:10:13,122 [WARN] PackLoader:240 - Cannot read IP mode file for STMicroelectronics.X-CUBE-TOUCHGFX.4.23.2
2024-06-07 20:10:13,189 [WARN] PackLoader:240 - Cannot read IP mode file for STMicroelectronics.X-CUBE-AZRTOS-F7.1.1.0
2024-06-07 20:10:13,210 [WARN] PackLoader:240 - Cannot read IP mode file for STMicroelectronics.FP-SNS-MOTENV1.4.3.2
2024-06-07 20:10:13,229 [WARN] PackLoader:240 - Cannot read IP mode file for STMicroelectronics.FP-SNS-FLIGHT1.5.0.2
2024-06-07 20:10:13,248 [WARN] PackLoader:240 - Cannot read IP mode file for STMicroelectronics.X-CUBE-DISPLAY.3.0.0
2024-06-07 20:10:13,271 [WARN] PackLoader:240 - Cannot read IP mode file for STMicroelectronics.X-CUBE-BLE1.7.0.0
2024-06-07 20:10:13,287 [WARN] PackLoader:240 - Cannot read IP mode file for emotas.I-CUBE-CANOPEN.1.3.0
2024-06-07 20:10:13,300 [WARN] PackLoader:240 - Cannot read IP mode file for STMicroelectronics.X-CUBE-TOUCHGFX.4.22.1
2024-06-07 20:10:13,333 [WARN] PackLoader:240 - Cannot read IP mode file for STMicroelectronics.X-CUBE-BLEMGR.3.1.0
2024-06-07 20:10:13,349 [WARN] PackLoader:240 - Cannot read IP mode file for STMicroelectronics.FP-SNS-SMARTAG2.1.2.0
2024-06-07 20:10:13,371 [INFO] LogOutputStream:77 - [STDOUT_REDIRECT] 1 : Invalid condition id : UX_CORESTACK_Condition cause : null
2024-06-07 20:10:13,372 [INFO] LogOutputStream:77 - [STDOUT_REDIRECT] 1 : Invalid condition id : UX_CORESTACK_Condition cause : null
2024-06-07 20:10:13,373 [INFO] LogOutputStream:77 - [STDOUT_REDIRECT] 1 : Invalid condition id : UX_CORESTACK_Condition cause : null
2024-06-07 20:10:13,374 [INFO] LogOutputStream:77 - [STDOUT_REDIRECT] 1 : Invalid condition id : UX_CORESTACK_Condition cause : null
2024-06-07 20:10:13,375 [INFO] LogOutputStream:77 - [STDOUT_REDIRECT] 1 : Invalid condition id : UX_CORESTACK_Condition cause : null
2024-06-07 20:10:13,379 [WARN] PackLoader:240 - Cannot read IP mode file for STMicroelectronics.X-CUBE-AZRTOS-WL.2.0.0
2024-06-07 20:10:13,391 [WARN] PackLoader:240 - Cannot read IP mode file for STMicroelectronics.FP-SNS-MOTENV1.5.0.0
2024-06-07 20:10:13,408 [WARN] PackLoader:240 - Cannot read IP mode file for WES.I-CUBE-Cesium.1.3.0
2024-06-07 20:10:13,421 [WARN] PackLoader:240 - Cannot read IP mode file for STMicroelectronics.X-CUBE-BLE2.3.3.0
2024-06-07 20:10:13,432 [WARN] PackLoader:240 - Cannot read IP mode file for STMicroelectronics.X-CUBE-TCPP.4.1.0
2024-06-07 20:10:13,455 [WARN] PackLoader:240 - Cannot read IP mode file for STMicroelectronics.X-CUBE-ALGOBUILD.1.3.0
2024-06-07 20:10:13,491 [WARN] PackLoader:240 - Cannot read IP mode file for STMicroelectronics.X-CUBE-AZRTOS-G0.1.1.0
2024-06-07 20:10:13,519 [WARN] PackLoader:240 - Cannot read IP mode file for STMicroelectronics.X-CUBE-SAFEA1.1.2.2
2024-06-07 20:10:13,542 [WARN] PackLoader:240 - Cannot read IP mode file for STMicroelectronics.X-CUBE-NFC4.3.0.0
2024-06-07 20:10:13,561 [WARN] PackLoader:240 - Cannot read IP mode file for wolfSSL.I-CUBE-wolfMQTT.1.18.0
2024-06-07 20:10:13,582 [WARN] PackLoader:240 - Cannot read IP mode file for STMicroelectronics.X-CUBE-BLEMGR.3.0.0
2024-06-07 20:10:13,602 [WARN] PackLoader:240 - Cannot read IP mode file for STMicroelectronics.FP-ATR-SIGFOX1.3.2.0
2024-06-07 20:10:13,618 [WARN] PackLoader:240 - Cannot read IP mode file for STMicroelectronics.X-CUBE-EEPRMA1.5.1.0
2024-06-07 20:10:13,659 [WARN] PackLoader:240 - Cannot read IP mode file for SEGGER.I-CUBE-embOS.1.3.1
2024-06-07 20:10:13,706 [WARN] PackLoader:240 - Cannot read IP mode file for STMicroelectronics.X-CUBE-ALGOBUILD.1.4.0
2024-06-07 20:10:13,723 [WARN] PackLoader:240 - Cannot read IP mode file for STMicroelectronics.X-CUBE-GNSS1.6.0.0
2024-06-07 20:10:13,761 [WARN] PackLoader:240 - Cannot read IP mode file for STMicroelectronics.X-CUBE-AZRTOS-F4.1.1.0
2024-06-07 20:10:13,771 [INFO] WebApp:780 - Register for checkConnection events
2024-06-07 20:10:13,771 [INFO] WebApp:414 - Apply proxy settings
2024-06-07 20:10:13,771 [INFO] WebApp:499 - Chromium requires no authentication
2024-06-07 20:10:13,780 [WARN] PackLoader:240 - Cannot read IP mode file for wolfSSL.I-CUBE-wolfSSL.5.6.3
2024-06-07 20:10:13,784 [INFO] WebApp:442 - Direct internet connection detected
2024-06-07 20:10:13,795 [WARN] PackLoader:240 - Cannot read IP mode file for STMicroelectronics.X-CUBE-FREERTOS.1.2.0
2024-06-07 20:10:13,834 [WARN] PackLoader:240 - Cannot read IP mode file for STMicroelectronics.X-CUBE-AZRTOS-L5.2.0.0
2024-06-07 20:10:13,894 [WARN] PackLoader:240 - Cannot read IP mode file for STMicroelectronics.X-CUBE-MEMS1.9.6.0
2024-06-07 20:10:14,045 [WARN] PackLoader:240 - Cannot read IP mode file for STMicroelectronics.X-CUBE-EEPRMA1.4.2.0
2024-06-07 20:10:14,053 [INFO] WebApp:192 - Starting web application
2024-06-07 20:10:14,053 [INFO] WebApp:544 - Web application path used G:\stm32cubeide\stm32cubeide114\STM32CubeIDE_1.14.0\STM32CubeIDE\plugins\com.st.stm32cube.common.mx_6.10.0.202311202037\db\plugins\mcufinder\reactClient1\index.html
2024-06-07 20:10:14,065 [WARN] PackLoader:240 - Cannot read IP mode file for STMicroelectronics.X-CUBE-NFC6.3.1.0
2024-06-07 20:10:14,087 [WARN] PackLoader:240 - Cannot read IP mode file for ITTIA_DB.I-CUBE-ITTIADB.8.8.0
2024-06-07 20:10:14,107 [WARN] PackLoader:240 - Cannot read IP mode file for STMicroelectronics.X-CUBE-BLEMGR.2.0.0
2024-06-07 20:10:14,126 [WARN] PackLoader:240 - Cannot read IP mode file for STMicroelectronics.X-CUBE-AI.9.0.0
2024-06-07 20:10:14,171 [WARN] ConditionMgr:438 - getConditionDescription Invalid condition id : UX DEVICE CLASS RTOS Condition cause : null
2024-06-07 20:10:14,172 [WARN] ConditionMgr:438 - getConditionDescription Invalid condition id : UX DEVICE CLASS RTOS Condition cause : null
2024-06-07 20:10:14,176 [WARN] PackLoader:240 - Cannot read IP mode file for STMicroelectronics.X-CUBE-AZRTOS-H7.3.1.0
2024-06-07 20:10:14,177 [WARN] ConditionMgr:1039 - genDependencies : Invalid condition id : UX DEVICE CLASS RTOS Condition cause : null
2024-06-07 20:10:14,177 [WARN] ConditionMgr:1039 - genDependencies : Invalid condition id : UX DEVICE CLASS RTOS Condition cause : null
2024-06-07 20:10:14,178 [WARN] ConditionMgr:1039 - genDependencies : Invalid condition id : UX DEVICE CLASS RTOS Condition cause : null
2024-06-07 20:10:14,178 [WARN] ConditionMgr:1039 - genDependencies : Invalid condition id : UX DEVICE CLASS RTOS Condition cause : null
2024-06-07 20:10:14,178 [WARN] ConditionMgr:1039 - genDependencies : Invalid condition id : UX DEVICE CLASS RTOS Condition cause : null
2024-06-07 20:10:14,199 [WARN] PackLoader:240 - Cannot read IP mode file for STMicroelectronics.X-CUBE-NFC7.1.0.1
2024-06-07 20:10:14,217 [WARN] PackLoader:240 - Cannot read IP mode file for STMicroelectronics.X-CUBE-NFC6.3.0.0
2024-06-07 20:10:14,238 [WARN] PackLoader:240 - Cannot read IP mode file for STMicroelectronics.X-CUBE-EEPRMA1.4.1.0
2024-06-07 20:10:14,259 [WARN] PackLoader:240 - Cannot read IP mode file for STMicroelectronics.X-CUBE-AI.8.1.0
2024-06-07 20:10:14,307 [WARN] ConditionMgr:438 - getConditionDescription Invalid condition id : LAN8742 Phy interface Condition cause : null
2024-06-07 20:10:14,308 [WARN] PackLoader:240 - Cannot read IP mode file for STMicroelectronics.X-CUBE-AZRTOS-L4.2.0.0
2024-06-07 20:10:14,310 [WARN] ConditionMgr:1039 - genDependencies : Invalid condition id : LAN8742 Phy interface Condition cause : null
2024-06-07 20:10:14,310 [WARN] ConditionMgr:1039 - genDependencies : Invalid condition id : LAN8742 Phy interface Condition cause : null
2024-06-07 20:10:14,311 [WARN] ConditionMgr:1039 - genDependencies : Invalid condition id : LAN8742 Phy interface Condition cause : null
2024-06-07 20:10:14,335 [WARN] PackLoader:240 - Cannot read IP mode file for STMicroelectronics.X-CUBE-SFXS2LP1.4.0.0
2024-06-07 20:10:14,355 [WARN] PackLoader:240 - Cannot read IP mode file for STMicroelectronics.X-CUBE-ISPU.1.1.0
2024-06-07 20:10:14,390 [WARN] ConditionMgr:438 - getConditionDescription Invalid condition id : UX DEVICE CLASS RTOS Condition cause : null
2024-06-07 20:10:14,390 [WARN] ConditionMgr:438 - getConditionDescription Invalid condition id : UX DEVICE CLASS RTOS Condition cause : null
2024-06-07 20:10:14,393 [WARN] PackLoader:240 - Cannot read IP mode file for STMicroelectronics.X-CUBE-AZRTOS-WB.2.0.0
2024-06-07 20:10:14,394 [WARN] ConditionMgr:1039 - genDependencies : Invalid condition id : UX DEVICE CLASS RTOS Condition cause : null
2024-06-07 20:10:14,394 [WARN] ConditionMgr:1039 - genDependencies : Invalid condition id : UX DEVICE CLASS RTOS Condition cause : null
2024-06-07 20:10:14,395 [WARN] ConditionMgr:1039 - genDependencies : Invalid condition id : UX DEVICE CLASS RTOS Condition cause : null
2024-06-07 20:10:14,395 [WARN] ConditionMgr:1039 - genDependencies : Invalid condition id : UX DEVICE CLASS RTOS Condition cause : null
2024-06-07 20:10:14,396 [WARN] ConditionMgr:1039 - genDependencies : Invalid condition id : UX DEVICE CLASS RTOS Condition cause : null
2024-06-07 20:10:14,429 [WARN] PackLoader:240 - Cannot read IP mode file for STMicroelectronics.X-CUBE-SUBG2.5.0.0
2024-06-07 20:10:14,471 [WARN] PackLoader:240 - Cannot read IP mode file for STMicroelectronics.X-CUBE-TOF1.3.3.1
2024-06-07 20:10:14,513 [WARN] PackLoader:240 - Cannot read IP mode file for STMicroelectronics.X-CUBE-AZRTOS-G4.2.0.0
2024-06-07 20:10:14,543 [WARN] PackLoader:240 - Cannot read IP mode file for Infineon.AIROC-Wi-Fi-Bluetooth-STM32.1.5.1
2024-06-07 20:10:14,562 [WARN] PackLoader:240 - Cannot read IP mode file for STMicroelectronics.FP-SNS-MOTENVWB1.1.3.0
2024-06-07 20:10:14,581 [WARN] PackLoader:240 - Cannot read IP mode file for STMicroelectronics.FP-SNS-MOTENVWB1.1.3.1
2024-06-07 20:10:14,596 [WARN] PackLoader:240 - Cannot read IP mode file for STMicroelectronics.X-CUBE-ISPU.2.0.0
2024-06-07 20:10:14,611 [WARN] PackLoader:240 - Cannot read IP mode file for STMicroelectronics.X-CUBE-ALS.1.0.2
2024-06-07 20:10:14,661 [WARN] PackLoader:240 - Cannot read IP mode file for STMicroelectronics.X-CUBE-MEMS1.10.0.0
2024-06-07 20:10:14,790 [WARN] PackLoader:240 - Cannot read IP mode file for STMicroelectronics.X-CUBE-FREERTOS.1.1.0
2024-06-07 20:10:14,810 [WARN] PackLoader:240 - Cannot read IP mode file for portGmbH.I-Cube-SoM-uGOAL.1.1.0
2024-06-07 20:10:14,825 [WARN] PackLoader:240 - Cannot read IP mode file for STMicroelectronics.X-CUBE-ALS.1.0.1
2024-06-07 20:10:14,857 [WARN] PackLoader:240 - Cannot read IP mode file for STMicroelectronics.X-CUBE-AZRTOS-H7RS.1.0.0
2024-06-07 20:10:14,876 [WARN] PackLoader:240 - Cannot read IP mode file for STMicroelectronics.FP-ATR-ASTRA1.2.0.0
2024-06-07 20:10:14,898 [WARN] PackLoader:240 - Cannot read IP mode file for STMicroelectronics.X-CUBE-TOF1.3.4.0
2024-06-07 20:10:14,931 [WARN] PackLoader:240 - Cannot read IP mode file for STMicroelectronics.X-CUBE-TOF1.3.4.1
2024-06-07 20:10:14,977 [WARN] PackLoader:240 - Cannot read IP mode file for STMicroelectronics.X-CUBE-AZRTOS-H7.3.2.0
2024-06-07 20:10:14,981 [INFO] ThirdParty:978 - Integrity check success = true
2024-06-07 20:10:14,981 [INFO] IntegrityCheckThread:100 - exiting critical section [integrity check]
2024-06-07 20:10:14,981 [INFO] IntegrityCheckThread:103 - End integrity checks thread
2024-06-07 20:10:35,140 [ERROR] LogOutputStream:75 - [STDERR_REDIRECT] SLF4J: Failed to load class "org.slf4j.impl.StaticLoggerBinder".
2024-06-07 20:10:35,140 [ERROR] LogOutputStream:75 - [STDERR_REDIRECT] SLF4J: Defaulting to no-operation (NOP) logger implementation
2024-06-07 20:10:35,141 [ERROR] LogOutputStream:75 - [STDERR_REDIRECT] SLF4J: See http://www.slf4j.org/codes.html#StaticLoggerBinder for further details.
2024-06-07 22:34:50,546 [ERROR] LogOutputStream:75 - [STDERR_REDIRECT] 
