2024-06-25 20:48:32,347 [INFO] Activator:176 - 


2024-06-25 20:48:32,354 [INFO] Activator:177 - !SESSION log4j initialized
2024-06-25 20:48:39,456 [INFO] LogOutputStream:77 - [STDOUT_REDIRECT] 
2024-06-25 20:48:46,555 [INFO] ApplicationProperties:184 - Using Application install path: G:\stm32cubeide\stm32cubeide114\STM32CubeIDE_1.14.0\STM32CubeIDE\plugins\com.st.stm32cube.common.mx_6.10.0.202311202037
2024-06-25 20:48:46,571 [INFO] DbMcusXml:78 - Set database path to: G:\stm32cubeide\stm32cubeide114\STM32CubeIDE_1.14.0\STM32CubeIDE\plugins\com.st.stm32cube.common.mx_6.10.0.202311202037\\db\/mcu/
2024-06-25 20:48:46,572 [INFO] ApiDb:274 - Set plugin database path to: G:\stm32cubeide\stm32cubeide114\STM32CubeIDE_1.14.0\STM32CubeIDE\plugins\com.st.stm32cube.common.mx_6.10.0.202311202037\\db\/plugins/boardmanager/
2024-06-25 20:48:46,572 [WARN] ApiDb:259 - Overriding images path with different value:  => G:\stm32cubeide\stm32cubeide114\STM32CubeIDE_1.14.0\STM32CubeIDE\plugins\com.st.stm32cube.common.mx_6.10.0.202311202037\\db\/plugins/mcufinder/images/
2024-06-25 20:48:46,585 [INFO] ApiDb:250 - Set database path to: C:\Users\Nghia\.stmcufinder\plugins\mcufinder//mcu/
2024-06-25 20:48:46,586 [INFO] DbMcusAds:125 - Set database path to: C:\Users\Nghia\.stmcufinder\plugins\mcufinder//mcu/
2024-06-25 20:48:46,588 [INFO] CrossReferenceDbSqlite:203 - Set database path to: C:\Users\Nghia\.stmcufinder\plugins\mcufinder//mcu/cs/
2024-06-25 20:48:46,698 [INFO] RulesReader:64 - Compatibility file has been processed (297 Rules)
2024-06-25 20:48:46,773 [INFO] DbMcusXml:78 - Set database path to: G:\stm32cubeide\stm32cubeide114\STM32CubeIDE_1.14.0\STM32CubeIDE\plugins\com.st.stm32cube.common.mx_6.10.0.202311202037\\db\/mcu/
2024-06-25 20:48:46,773 [INFO] ApiDb:274 - Set plugin database path to: G:\stm32cubeide\stm32cubeide114\STM32CubeIDE_1.14.0\STM32CubeIDE\plugins\com.st.stm32cube.common.mx_6.10.0.202311202037\\db\/plugins/boardmanager/
2024-06-25 20:48:46,773 [INFO] ApiDb:261 - Set plugin images path to: G:\stm32cubeide\stm32cubeide114\STM32CubeIDE_1.14.0\STM32CubeIDE\plugins\com.st.stm32cube.common.mx_6.10.0.202311202037\\db\/plugins/mcufinder/images/
2024-06-25 20:48:46,774 [WARN] DbFile:41 - Overriding database path with different value: C:\Users\Nghia\.stmcufinder\plugins\mcufinder/ => C:\Users\Nghia\.stmcufinder\plugins\mcufinder
2024-06-25 20:48:46,774 [INFO] ApiDb:250 - Set database path to: C:\Users\Nghia\.stmcufinder\plugins\mcufinder//mcu/
2024-06-25 20:48:46,774 [WARN] DbFile:41 - Overriding database path with different value: C:\Users\Nghia\.stmcufinder\plugins\mcufinder/ => C:\Users\Nghia\.stmcufinder\plugins\mcufinder
2024-06-25 20:48:46,774 [INFO] DbMcusAds:125 - Set database path to: C:\Users\Nghia\.stmcufinder\plugins\mcufinder//mcu/
2024-06-25 20:48:46,774 [WARN] DbFile:41 - Overriding database path with different value: C:\Users\Nghia\.stmcufinder\plugins\mcufinder/ => C:\Users\Nghia\.stmcufinder\plugins\mcufinder
2024-06-25 20:48:46,774 [WARN] DbFile:41 - Overriding database path with different value: C:\Users\Nghia\.stmcufinder\plugins\mcufinder/ => C:\Users\Nghia\.stmcufinder\plugins\mcufinder
2024-06-25 20:48:46,774 [INFO] CrossReferenceDbSqlite:203 - Set database path to: C:\Users\Nghia\.stmcufinder\plugins\mcufinder//mcu/cs/
2024-06-25 20:48:46,846 [INFO] MainPanel:264 - HeapMemory: 268435456
2024-06-25 20:48:46,927 [INFO] DbMcusXml:78 - Set database path to: G:\stm32cubeide\stm32cubeide114\STM32CubeIDE_1.14.0\STM32CubeIDE\plugins\com.st.stm32cube.common.mx_6.10.0.202311202037\\db\/mcu/
2024-06-25 20:48:46,927 [INFO] ApiDb:274 - Set plugin database path to: G:\stm32cubeide\stm32cubeide114\STM32CubeIDE_1.14.0\STM32CubeIDE\plugins\com.st.stm32cube.common.mx_6.10.0.202311202037\\db\/plugins/boardmanager/
2024-06-25 20:48:46,927 [INFO] ApiDb:261 - Set plugin images path to: G:\stm32cubeide\stm32cubeide114\STM32CubeIDE_1.14.0\STM32CubeIDE\plugins\com.st.stm32cube.common.mx_6.10.0.202311202037\\db\/plugins/mcufinder/images/
2024-06-25 20:48:46,927 [WARN] DbFile:41 - Overriding database path with different value: C:\Users\Nghia\.stmcufinder\plugins\mcufinder/ => C:\Users\Nghia\.stmcufinder\plugins\mcufinder
2024-06-25 20:48:46,927 [INFO] ApiDb:250 - Set database path to: C:\Users\Nghia\.stmcufinder\plugins\mcufinder//mcu/
2024-06-25 20:48:46,927 [WARN] DbFile:41 - Overriding database path with different value: C:\Users\Nghia\.stmcufinder\plugins\mcufinder/ => C:\Users\Nghia\.stmcufinder\plugins\mcufinder
2024-06-25 20:48:46,927 [INFO] DbMcusAds:125 - Set database path to: C:\Users\Nghia\.stmcufinder\plugins\mcufinder//mcu/
2024-06-25 20:48:46,927 [WARN] DbFile:41 - Overriding database path with different value: C:\Users\Nghia\.stmcufinder\plugins\mcufinder/ => C:\Users\Nghia\.stmcufinder\plugins\mcufinder
2024-06-25 20:48:46,928 [WARN] DbFile:41 - Overriding database path with different value: C:\Users\Nghia\.stmcufinder\plugins\mcufinder/ => C:\Users\Nghia\.stmcufinder\plugins\mcufinder
2024-06-25 20:48:46,928 [INFO] CrossReferenceDbSqlite:203 - Set database path to: C:\Users\Nghia\.stmcufinder\plugins\mcufinder//mcu/cs/
2024-06-25 20:48:46,945 [INFO] ApplicationProperties:184 - Using Application install path: G:\stm32cubeide\stm32cubeide114\STM32CubeIDE_1.14.0\STM32CubeIDE\plugins\com.st.stm32cube.common.mx_6.10.0.202311202037
2024-06-25 20:48:46,947 [INFO] PluginManage:196 - Search for loadable plugins [exclusion list=, ]
2024-06-25 20:48:46,948 [INFO] PluginManage:310 - Check plugin analytics
2024-06-25 20:48:52,074 [INFO] AnalyticsPlugin:253 - Accepted Software Licenses: STM32CubeMX.6.8.0,STM32CubeMX.6.1.1
2024-06-25 20:48:52,074 [INFO] AnalyticsPlugin:255 - Accepted CMSIS Pack Licenses: 
2024-06-25 20:48:52,074 [INFO] AnalyticsPlugin:257 - Accepted Firmware Licenses: FW.F4.1.27.0,FW.F4.1.28.0
2024-06-25 20:48:52,076 [INFO] PluginManage:359 - Loaded plugin analytics (category:tool,tabindex:-1)
2024-06-25 20:48:52,076 [INFO] PluginManage:310 - Check plugin cadmodel
2024-06-25 20:48:52,089 [INFO] CADModel:105 - Init CAD model plugin
2024-06-25 20:48:52,089 [INFO] PluginManage:359 - Loaded plugin cadmodel (category:power,tabindex:5)
2024-06-25 20:48:52,089 [INFO] PluginManage:310 - Check plugin clock
2024-06-25 20:48:52,107 [INFO] PluginManage:359 - Loaded plugin clock (category:base,tabindex:2)
2024-06-25 20:48:52,107 [INFO] PluginManage:310 - Check plugin ddr
2024-06-25 20:48:52,109 [INFO] PluginManage:359 - Loaded plugin ddr (category:tool,tabindex:6)
2024-06-25 20:48:52,109 [INFO] PluginManage:310 - Check plugin filemanager
2024-06-25 20:48:52,242 [INFO] PluginManage:359 - Loaded plugin filemanager (category:base,tabindex:10)
2024-06-25 20:48:52,243 [INFO] PluginManage:310 - Check plugin ipmanager
2024-06-25 20:48:52,249 [INFO] PluginManage:359 - Loaded plugin ipmanager (category:base,tabindex:5)
2024-06-25 20:48:52,250 [INFO] PluginManage:310 - Check plugin lpbam
2024-06-25 20:48:52,265 [INFO] PluginManage:359 - Loaded plugin lpbam (category:base,tabindex:0)
2024-06-25 20:48:52,265 [INFO] PluginManage:310 - Check plugin memorymap
2024-06-25 20:48:52,290 [INFO] PluginManage:359 - Loaded plugin memorymap (category:base,tabindex:4)
2024-06-25 20:48:52,290 [INFO] PluginManage:310 - Check plugin pinoutandconfiguration
2024-06-25 20:48:52,307 [INFO] PluginManage:359 - Loaded plugin pinoutandconfiguration (category:base,tabindex:1)
2024-06-25 20:48:52,307 [INFO] PluginManage:310 - Check plugin pinoutconfig
2024-06-25 20:48:52,392 [WARN] SupportedApi:132 - Cannot load RTOS API schema: s4s-elt-must-match.1: The content of 'definitions' must match (annotation?, (simpleType | complexType)?, (unique | key | keyref)*)). A problem was found starting at: attribute.
2024-06-25 20:48:52,525 [INFO] PluginManage:359 - Loaded plugin pinoutconfig (category:base,tabindex:0)
2024-06-25 20:48:52,525 [INFO] PluginManage:310 - Check plugin power
2024-06-25 20:48:52,551 [INFO] PluginManage:359 - Loaded plugin power (category:power,tabindex:4)
2024-06-25 20:48:52,551 [INFO] PluginManage:310 - Check plugin projectmanager
2024-06-25 20:48:52,568 [INFO] PluginManage:359 - Loaded plugin projectmanager (category:projectmanager,tabindex:3)
2024-06-25 20:48:52,568 [INFO] PluginManage:310 - Check plugin thirdparty
2024-06-25 20:48:52,813 [INFO] PluginManage:359 - Loaded plugin thirdparty (category:base,tabindex:-1)
2024-06-25 20:48:52,813 [WARN] IntegrityCheckThread:84 - waiting for thirdparty lock release [integrity check]
2024-06-25 20:48:52,814 [INFO] PluginManage:310 - Check plugin tools
2024-06-25 20:48:52,814 [INFO] IntegrityCheckThread:86 - entering critical section [integrity check]
2024-06-25 20:48:52,814 [INFO] ThirdPartyUpdaterWithRetryManager:70 - Updater plugin not ready yet. [1/15]
2024-06-25 20:48:52,845 [INFO] PluginManage:359 - Loaded plugin tools (category:base,tabindex:7)
2024-06-25 20:48:52,846 [INFO] PluginManage:310 - Check plugin tutovideos
2024-06-25 20:48:53,016 [INFO] PluginManage:359 - Loaded plugin tutovideos (category:base,tabindex:-1)
2024-06-25 20:48:53,017 [INFO] PluginManage:310 - Check plugin updater
2024-06-25 20:48:53,027 [INFO] PluginManage:359 - Loaded plugin updater (category:base,tabindex:12)
2024-06-25 20:48:53,027 [INFO] PluginManage:310 - Check plugin userauth
2024-06-25 20:48:53,032 [INFO] UserAuth:114 - Init User Auth plugin
2024-06-25 20:48:53,032 [INFO] PluginManage:359 - Loaded plugin userauth (category:base,tabindex:14)
2024-06-25 20:48:53,032 [INFO] PluginManage:283 - PluginManage : Loaded plugins [17]
2024-06-25 20:48:53,221 [INFO] PinOutPanel:1499 - setPackage(No Configuration,No Configuration)
2024-06-25 20:48:53,291 [INFO] CADModel:165 - CPN selected for project level
2024-06-25 20:48:53,291 [INFO] CADModel:114 - Register for checkConnection events
2024-06-25 20:48:53,315 [INFO] IPUIPlugin:80 - create IPUIPlugin
2024-06-25 20:48:53,315 [INFO] PluginManager:220 - loadIPPluginJar : add adc
2024-06-25 20:48:53,346 [INFO] IPUIPlugin:80 - create IPUIPlugin
2024-06-25 20:48:53,346 [INFO] PluginManager:220 - loadIPPluginJar : add aes
2024-06-25 20:48:53,383 [INFO] IPUIPlugin:80 - create IPUIPlugin
2024-06-25 20:48:53,383 [INFO] PluginManager:220 - loadIPPluginJar : add can
2024-06-25 20:48:53,403 [INFO] IPUIPlugin:80 - create IPUIPlugin
2024-06-25 20:48:53,403 [INFO] PluginManager:220 - loadIPPluginJar : add comp
2024-06-25 20:48:53,433 [INFO] IPUIPlugin:80 - create IPUIPlugin
2024-06-25 20:48:53,433 [INFO] PluginManager:220 - loadIPPluginJar : add cryp
2024-06-25 20:48:53,459 [INFO] IPUIPlugin:80 - create IPUIPlugin
2024-06-25 20:48:53,459 [INFO] PluginManager:220 - loadIPPluginJar : add dfsdm
2024-06-25 20:48:53,470 [INFO] IPUIPlugin:80 - create IPUIPlugin
2024-06-25 20:48:53,471 [INFO] PluginManager:220 - loadIPPluginJar : add dma
2024-06-25 20:48:53,508 [INFO] IPUIPlugin:80 - create IPUIPlugin
2024-06-25 20:48:53,508 [INFO] PluginManager:220 - loadIPPluginJar : add dma3
2024-06-25 20:48:53,527 [INFO] IPUIPlugin:80 - create IPUIPlugin
2024-06-25 20:48:53,527 [INFO] PluginManager:220 - loadIPPluginJar : add fatfs
2024-06-25 20:48:53,569 [INFO] IPUIPlugin:80 - create IPUIPlugin
2024-06-25 20:48:53,569 [INFO] PluginManager:220 - loadIPPluginJar : add fmc
2024-06-25 20:48:53,583 [INFO] IPUIPlugin:80 - create IPUIPlugin
2024-06-25 20:48:53,583 [INFO] PluginManager:220 - loadIPPluginJar : add freertos
2024-06-25 20:48:53,610 [INFO] IPUIPlugin:80 - create IPUIPlugin
2024-06-25 20:48:53,610 [INFO] PluginManager:220 - loadIPPluginJar : add genericplugin
2024-06-25 20:48:53,695 [INFO] IPUIPlugin:80 - create IPUIPlugin
2024-06-25 20:48:53,695 [INFO] PluginManager:220 - loadIPPluginJar : add gfxmmu
2024-06-25 20:48:53,813 [INFO] IPUIPlugin:80 - create IPUIPlugin
2024-06-25 20:48:53,813 [INFO] PluginManager:220 - loadIPPluginJar : add gic
2024-06-25 20:48:53,824 [INFO] IPUIPlugin:80 - create IPUIPlugin
2024-06-25 20:48:53,824 [INFO] PluginManager:220 - loadIPPluginJar : add gpio
2024-06-25 20:48:53,906 [INFO] IPUIPlugin:80 - create IPUIPlugin
2024-06-25 20:48:53,906 [INFO] PluginManager:220 - loadIPPluginJar : add gtzc
2024-06-25 20:48:53,935 [INFO] IPUIPlugin:80 - create IPUIPlugin
2024-06-25 20:48:53,935 [INFO] PluginManager:220 - loadIPPluginJar : add hash
2024-06-25 20:48:53,981 [INFO] IPUIPlugin:80 - create IPUIPlugin
2024-06-25 20:48:53,981 [INFO] PluginManager:220 - loadIPPluginJar : add i2c
2024-06-25 20:48:54,015 [INFO] IPUIPlugin:80 - create IPUIPlugin
2024-06-25 20:48:54,015 [INFO] PluginManager:220 - loadIPPluginJar : add i2s
2024-06-25 20:48:54,050 [INFO] IPUIPlugin:80 - create IPUIPlugin
2024-06-25 20:48:54,050 [INFO] PluginManager:220 - loadIPPluginJar : add i3c
2024-06-25 20:48:54,142 [INFO] IPUIPlugin:80 - create IPUIPlugin
2024-06-25 20:48:54,142 [INFO] PluginManager:220 - loadIPPluginJar : add ipddr
2024-06-25 20:48:54,267 [INFO] IPUIPlugin:80 - create IPUIPlugin
2024-06-25 20:48:54,268 [INFO] PluginManager:220 - loadIPPluginJar : add linkedlist
2024-06-25 20:48:54,322 [INFO] IPUIPlugin:80 - create IPUIPlugin
2024-06-25 20:48:54,323 [INFO] PluginManager:220 - loadIPPluginJar : add lorawan
2024-06-25 20:48:54,374 [INFO] IPUIPlugin:80 - create IPUIPlugin
2024-06-25 20:48:54,374 [INFO] PluginManager:220 - loadIPPluginJar : add ltdc
2024-06-25 20:48:54,391 [INFO] IPUIPlugin:80 - create IPUIPlugin
2024-06-25 20:48:54,391 [INFO] PluginManager:220 - loadIPPluginJar : add mdma
2024-06-25 20:48:54,401 [INFO] IPUIPlugin:80 - create IPUIPlugin
2024-06-25 20:48:54,401 [INFO] PluginManager:220 - loadIPPluginJar : add nvic
2024-06-25 20:48:54,434 [INFO] IPUIPlugin:80 - create IPUIPlugin
2024-06-25 20:48:54,434 [INFO] PluginManager:220 - loadIPPluginJar : add opamp
2024-06-25 20:48:54,496 [INFO] IPUIPlugin:80 - create IPUIPlugin
2024-06-25 20:48:54,496 [INFO] PluginManager:220 - loadIPPluginJar : add openamp
2024-06-25 20:48:54,534 [INFO] IPUIPlugin:80 - create IPUIPlugin
2024-06-25 20:48:54,534 [INFO] PluginManager:220 - loadIPPluginJar : add pdm2pcm
2024-06-25 20:48:54,547 [INFO] IPUIPlugin:80 - create IPUIPlugin
2024-06-25 20:48:54,549 [INFO] PluginManager:220 - loadIPPluginJar : add plateformsettings
2024-06-25 20:48:54,568 [INFO] IPUIPlugin:80 - create IPUIPlugin
2024-06-25 20:48:54,569 [INFO] PluginManager:220 - loadIPPluginJar : add quadspi
2024-06-25 20:48:54,579 [INFO] IPUIPlugin:80 - create IPUIPlugin
2024-06-25 20:48:54,579 [INFO] PluginManager:220 - loadIPPluginJar : add resmgrutility
2024-06-25 20:48:54,623 [INFO] IPUIPlugin:80 - create IPUIPlugin
2024-06-25 20:48:54,624 [INFO] PluginManager:220 - loadIPPluginJar : add sai
2024-06-25 20:48:54,655 [INFO] IPUIPlugin:80 - create IPUIPlugin
2024-06-25 20:48:54,655 [INFO] PluginManager:220 - loadIPPluginJar : add spi
2024-06-25 20:48:54,718 [INFO] IPUIPlugin:80 - create IPUIPlugin
2024-06-25 20:48:54,718 [INFO] PluginManager:220 - loadIPPluginJar : add stm32_wpan
2024-06-25 20:48:54,738 [INFO] IPUIPlugin:80 - create IPUIPlugin
2024-06-25 20:48:54,738 [INFO] PluginManager:220 - loadIPPluginJar : add tim
2024-06-25 20:48:54,786 [INFO] IPUIPlugin:80 - create IPUIPlugin
2024-06-25 20:48:54,786 [INFO] PluginManager:220 - loadIPPluginJar : add touchsensing
2024-06-25 20:48:54,805 [INFO] IPUIPlugin:80 - create IPUIPlugin
2024-06-25 20:48:54,806 [INFO] PluginManager:220 - loadIPPluginJar : add tracer_emb
2024-06-25 20:48:54,828 [INFO] IPUIPlugin:80 - create IPUIPlugin
2024-06-25 20:48:54,828 [INFO] PluginManager:220 - loadIPPluginJar : add ts
2024-06-25 20:48:54,856 [INFO] IPUIPlugin:80 - create IPUIPlugin
2024-06-25 20:48:54,857 [INFO] PluginManager:220 - loadIPPluginJar : add tsc
2024-06-25 20:48:54,902 [INFO] IPUIPlugin:80 - create IPUIPlugin
2024-06-25 20:48:54,903 [INFO] PluginManager:220 - loadIPPluginJar : add ucpd
2024-06-25 20:48:54,992 [INFO] IPUIPlugin:80 - create IPUIPlugin
2024-06-25 20:48:54,992 [INFO] PluginManager:220 - loadIPPluginJar : add usart
2024-06-25 20:48:55,058 [INFO] IPUIPlugin:80 - create IPUIPlugin
2024-06-25 20:48:55,058 [INFO] PluginManager:220 - loadIPPluginJar : add usbx
2024-06-25 20:48:55,215 [INFO] CADModel:165 - CPN selected for project level
2024-06-25 20:48:55,215 [INFO] CADModel:114 - Register for checkConnection events
2024-06-25 20:48:55,215 [FATAL] Updater:308 - Updater called before beeing initialized
2024-06-25 20:48:55,215 [ERROR] CADModel:125 - Updater not yet initialized, retry later 
2024-06-25 20:48:55,348 [INFO] CADModel:165 - CPN selected for project level
2024-06-25 20:48:55,348 [INFO] CADModel:114 - Register for checkConnection events
2024-06-25 20:48:55,348 [FATAL] Updater:308 - Updater called before beeing initialized
2024-06-25 20:48:55,348 [ERROR] CADModel:125 - Updater not yet initialized, retry later 
2024-06-25 20:48:55,351 [FATAL] Updater:308 - Updater called before beeing initialized
2024-06-25 20:48:55,466 [FATAL] Updater:308 - Updater called before beeing initialized
2024-06-25 20:48:55,475 [INFO] DbMcusAds:53 - JSON generation date=Wed Nov 29 17:52:27 ICT 2023 (1701255147349)
2024-06-25 20:48:55,475 [FATAL] Updater:308 - Updater called before beeing initialized
2024-06-25 20:48:55,549 [WARN] DetailPanel:346 - Failed to get advertising image, set to default
2024-06-25 20:48:55,628 [FATAL] Updater:308 - Updater called before beeing initialized
2024-06-25 20:48:55,630 [FATAL] Updater:308 - Updater called before beeing initialized
2024-06-25 20:48:55,630 [FATAL] Updater:308 - Updater called before beeing initialized
2024-06-25 20:48:55,630 [WARN] DetailPanel:346 - Failed to get advertising image, set to default
2024-06-25 20:48:55,631 [FATAL] Updater:308 - Updater called before beeing initialized
2024-06-25 20:48:55,688 [ERROR] Updater:1120 - MainUpdater not yet initialized. External WinMGr cannot be set.
2024-06-25 20:48:55,697 [INFO] Updater:1056 - Updater Version found : 6.10.0
2024-06-25 20:48:55,718 [INFO] ApplicationProperties:184 - Using Application install path: G:\stm32cubeide\stm32cubeide114\STM32CubeIDE_1.14.0\STM32CubeIDE\plugins\com.st.stm32cube.common.mx_6.10.0.202311202037
2024-06-25 20:48:55,817 [INFO] ThirdPartyUpdaterWithRetryManager:70 - Updater plugin not ready yet. [2/15]
2024-06-25 20:48:56,378 [INFO] MainUpdater:2873 - connection check result : 10
2024-06-25 20:48:56,379 [INFO] MainUpdater:3567 - Updater definition file requires update
2024-06-25 20:48:56,380 [INFO] MainUpdater:290 - Updater Check For Update Now.
2024-06-25 20:48:56,380 [INFO] MicroXplorer:498 - Change Database Version : DB.6.0.100
2024-06-25 20:48:56,394 [INFO] McuFinderGlobals:63 - Set McuFinder mode to 2 (CubeIDE integrated)
2024-06-25 20:48:56,563 [INFO] ServerAccessManage:473 - Download File updaters.zip
2024-06-25 20:48:57,089 [INFO] FileExtend:240 - Unzip File : updaters.zip
2024-06-25 20:48:57,089 [INFO] FileExtend:255 - Standard Zip Deflate
2024-06-25 20:48:57,263 [INFO] UserAuth:404 - Internet connection configuration mode: 1
2024-06-25 20:48:57,307 [INFO] JxBrowserEngine:152 - Initiate JxBrowser Engine with user profile folder
2024-06-25 20:48:58,237 [INFO] ServerAccessManage:473 - Download File PacksControlFlags.xml
2024-06-25 20:48:58,503 [INFO] ServerAccessManage:473 - Download File cubemx.pidx
2024-06-25 20:48:58,818 [WARN] MainUpdater:1194 - Updater busy. Cannot search thirdparties
2024-06-25 20:48:58,818 [INFO] ThirdPartyUpdaterWithRetryManager:96 - Updater plugin is busy. [1/15]
2024-06-25 20:49:00,094 [INFO] ServerAccessManage:473 - Download File STMicroelectronics.X-CUBE-TOUCHGFX.pdsc
2024-06-25 20:49:00,256 [INFO] WebApp:161 - Instantiating new browser for Auth
2024-06-25 20:49:01,082 [INFO] WebApp:780 - Register for checkConnection events
2024-06-25 20:49:01,082 [INFO] WebApp:414 - Apply proxy settings
2024-06-25 20:49:01,082 [INFO] WebApp:499 - Chromium requires no authentication
2024-06-25 20:49:01,093 [INFO] WebApp:442 - Direct internet connection detected
2024-06-25 20:49:01,265 [INFO] WebApp:192 - Starting web application
2024-06-25 20:49:01,265 [INFO] WebApp:544 - Web application path used G:\stm32cubeide\stm32cubeide114\STM32CubeIDE_1.14.0\STM32CubeIDE\plugins\com.st.stm32cube.common.mx_6.10.0.202311202037\db\plugins\mcufinder\reactClient1\index.html
2024-06-25 20:49:01,819 [WARN] MainUpdater:1194 - Updater busy. Cannot search thirdparties
2024-06-25 20:49:01,819 [INFO] ThirdPartyUpdaterWithRetryManager:96 - Updater plugin is busy. [2/15]
2024-06-25 20:49:04,820 [WARN] MainUpdater:1194 - Updater busy. Cannot search thirdparties
2024-06-25 20:49:04,820 [INFO] ThirdPartyUpdaterWithRetryManager:96 - Updater plugin is busy. [3/15]
2024-06-25 20:49:07,822 [WARN] MainUpdater:1194 - Updater busy. Cannot search thirdparties
2024-06-25 20:49:07,822 [INFO] ThirdPartyUpdaterWithRetryManager:96 - Updater plugin is busy. [4/15]
2024-06-25 20:49:08,777 [INFO] ServerAccessManage:473 - Download File wolfSSL.I-CUBE-wolfMQTT.pdsc
2024-06-25 20:49:10,823 [WARN] MainUpdater:1194 - Updater busy. Cannot search thirdparties
2024-06-25 20:49:10,823 [INFO] ThirdPartyUpdaterWithRetryManager:96 - Updater plugin is busy. [5/15]
2024-06-25 20:49:11,097 [ERROR] ServerAccessManage:1089 - Problem, file not found on Server
2024-06-25 20:49:11,294 [WARN] PackLoader:240 - Cannot read IP mode file for STMicroelectronics.X-CUBE-TOUCHGFX.4.24.0
2024-06-25 20:49:11,299 [WARN] PackLoader:240 - Cannot read IP mode file for wolfSSL.I-CUBE-wolfMQTT.1.19.0
2024-06-25 20:49:11,300 [INFO] PopulateThirdPartyThread:66 - Ending populate Thread
2024-06-25 20:49:11,302 [INFO] ThirdParty:1030 - CMSIS Pack Vendor :wolfSSL I-CUBE-wolfMQTT 1.19.0
2024-06-25 20:49:11,302 [INFO] ThirdParty:1030 - CMSIS Pack Vendor :STMicroelectronics X-CUBE-TOUCHGFX 4.24.0
2024-06-25 20:49:11,303 [INFO] LoadServerUpdatesThread:375 - End of LoadServerUpdate Thread
2024-06-25 20:49:11,434 [INFO] CheckServerUpdateThread:120 - End of CheckServer Thread
2024-06-25 20:49:14,001 [WARN] PackLoader:240 - Cannot read IP mode file for STMicroelectronics.FP-SNS-MOTENVWB1.1.4.0
2024-06-25 20:49:14,016 [WARN] PackLoader:240 - Cannot read IP mode file for STMicroelectronics.X-CUBE-SMBUS.2.1.0
2024-06-25 20:49:14,029 [WARN] PackLoader:240 - Cannot read IP mode file for STMicroelectronics.X-CUBE-TOUCHGFX.4.23.1
2024-06-25 20:49:14,040 [WARN] PackLoader:240 - Cannot read IP mode file for STMicroelectronics.X-CUBE-TOUCHGFX.4.23.0
2024-06-25 20:49:14,052 [WARN] PackLoader:240 - Cannot read IP mode file for STMicroelectronics.X-CUBE-TOUCHGFX.4.23.2
2024-06-25 20:49:14,090 [WARN] PackLoader:240 - Cannot read IP mode file for STMicroelectronics.X-CUBE-AZRTOS-F7.1.1.0
2024-06-25 20:49:14,112 [WARN] PackLoader:240 - Cannot read IP mode file for STMicroelectronics.FP-SNS-MOTENV1.4.3.2
2024-06-25 20:49:14,120 [WARN] PackLoader:240 - Cannot read IP mode file for STMicroelectronics.FP-SNS-FLIGHT1.5.0.2
2024-06-25 20:49:14,139 [WARN] PackLoader:240 - Cannot read IP mode file for STMicroelectronics.X-CUBE-DISPLAY.3.0.0
2024-06-25 20:49:14,159 [WARN] PackLoader:240 - Cannot read IP mode file for STMicroelectronics.X-CUBE-BLE1.7.0.0
2024-06-25 20:49:14,172 [WARN] PackLoader:240 - Cannot read IP mode file for emotas.I-CUBE-CANOPEN.1.3.0
2024-06-25 20:49:14,183 [WARN] PackLoader:240 - Cannot read IP mode file for STMicroelectronics.X-CUBE-TOUCHGFX.4.22.1
2024-06-25 20:49:14,200 [WARN] PackLoader:240 - Cannot read IP mode file for STMicroelectronics.X-CUBE-BLEMGR.3.1.0
2024-06-25 20:49:14,214 [WARN] PackLoader:240 - Cannot read IP mode file for STMicroelectronics.FP-SNS-SMARTAG2.1.2.0
2024-06-25 20:49:14,230 [INFO] LogOutputStream:77 - [STDOUT_REDIRECT] 1 : Invalid condition id : UX_CORESTACK_Condition cause : null
2024-06-25 20:49:14,231 [INFO] LogOutputStream:77 - [STDOUT_REDIRECT] 1 : Invalid condition id : UX_CORESTACK_Condition cause : null
2024-06-25 20:49:14,231 [INFO] LogOutputStream:77 - [STDOUT_REDIRECT] 1 : Invalid condition id : UX_CORESTACK_Condition cause : null
2024-06-25 20:49:14,232 [INFO] LogOutputStream:77 - [STDOUT_REDIRECT] 1 : Invalid condition id : UX_CORESTACK_Condition cause : null
2024-06-25 20:49:14,233 [INFO] LogOutputStream:77 - [STDOUT_REDIRECT] 1 : Invalid condition id : UX_CORESTACK_Condition cause : null
2024-06-25 20:49:14,235 [WARN] PackLoader:240 - Cannot read IP mode file for STMicroelectronics.X-CUBE-AZRTOS-WL.2.0.0
2024-06-25 20:49:14,246 [WARN] PackLoader:240 - Cannot read IP mode file for STMicroelectronics.FP-SNS-MOTENV1.5.0.0
2024-06-25 20:49:14,250 [WARN] PackLoader:240 - Cannot read IP mode file for wolfSSL.I-CUBE-wolfMQTT.1.19.0
2024-06-25 20:49:14,262 [WARN] PackLoader:240 - Cannot read IP mode file for WES.I-CUBE-Cesium.1.3.0
2024-06-25 20:49:14,274 [WARN] PackLoader:240 - Cannot read IP mode file for STMicroelectronics.X-CUBE-BLE2.3.3.0
2024-06-25 20:49:14,286 [WARN] PackLoader:240 - Cannot read IP mode file for STMicroelectronics.X-CUBE-TCPP.4.1.0
2024-06-25 20:49:14,303 [WARN] PackLoader:240 - Cannot read IP mode file for STMicroelectronics.X-CUBE-ALGOBUILD.1.3.0
2024-06-25 20:49:14,332 [WARN] PackLoader:240 - Cannot read IP mode file for STMicroelectronics.X-CUBE-AZRTOS-G0.1.1.0
2024-06-25 20:49:14,350 [WARN] PackLoader:240 - Cannot read IP mode file for STMicroelectronics.X-CUBE-SAFEA1.1.2.2
2024-06-25 20:49:14,369 [WARN] PackLoader:240 - Cannot read IP mode file for STMicroelectronics.X-CUBE-NFC4.3.0.0
2024-06-25 20:49:14,375 [WARN] PackLoader:240 - Cannot read IP mode file for wolfSSL.I-CUBE-wolfMQTT.1.18.0
2024-06-25 20:49:14,394 [WARN] PackLoader:240 - Cannot read IP mode file for STMicroelectronics.X-CUBE-BLEMGR.3.0.0
2024-06-25 20:49:14,403 [WARN] PackLoader:240 - Cannot read IP mode file for STMicroelectronics.FP-ATR-SIGFOX1.3.2.0
2024-06-25 20:49:14,425 [WARN] PackLoader:240 - Cannot read IP mode file for STMicroelectronics.X-CUBE-EEPRMA1.5.1.0
2024-06-25 20:49:14,468 [WARN] PackLoader:240 - Cannot read IP mode file for SEGGER.I-CUBE-embOS.1.3.1
2024-06-25 20:49:14,516 [WARN] PackLoader:240 - Cannot read IP mode file for STMicroelectronics.X-CUBE-ALGOBUILD.1.4.0
2024-06-25 20:49:14,531 [WARN] PackLoader:240 - Cannot read IP mode file for STMicroelectronics.X-CUBE-GNSS1.6.0.0
2024-06-25 20:49:14,570 [WARN] PackLoader:240 - Cannot read IP mode file for STMicroelectronics.X-CUBE-AZRTOS-F4.1.1.0
2024-06-25 20:49:14,584 [WARN] PackLoader:240 - Cannot read IP mode file for wolfSSL.I-CUBE-wolfSSL.5.6.3
2024-06-25 20:49:14,597 [WARN] PackLoader:240 - Cannot read IP mode file for STMicroelectronics.X-CUBE-FREERTOS.1.2.0
2024-06-25 20:49:14,623 [WARN] PackLoader:240 - Cannot read IP mode file for STMicroelectronics.X-CUBE-AZRTOS-L5.2.0.0
2024-06-25 20:49:14,673 [WARN] PackLoader:240 - Cannot read IP mode file for STMicroelectronics.X-CUBE-MEMS1.9.6.0
2024-06-25 20:49:14,803 [WARN] PackLoader:240 - Cannot read IP mode file for STMicroelectronics.X-CUBE-EEPRMA1.4.2.0
2024-06-25 20:49:14,819 [WARN] PackLoader:240 - Cannot read IP mode file for STMicroelectronics.X-CUBE-NFC6.3.1.0
2024-06-25 20:49:14,834 [WARN] PackLoader:240 - Cannot read IP mode file for ITTIA_DB.I-CUBE-ITTIADB.8.8.0
2024-06-25 20:49:14,851 [WARN] PackLoader:240 - Cannot read IP mode file for STMicroelectronics.X-CUBE-BLEMGR.2.0.0
2024-06-25 20:49:14,865 [WARN] PackLoader:240 - Cannot read IP mode file for STMicroelectronics.X-CUBE-AI.9.0.0
2024-06-25 20:49:14,894 [WARN] ConditionMgr:438 - getConditionDescription Invalid condition id : UX DEVICE CLASS RTOS Condition cause : null
2024-06-25 20:49:14,894 [WARN] ConditionMgr:438 - getConditionDescription Invalid condition id : UX DEVICE CLASS RTOS Condition cause : null
2024-06-25 20:49:14,897 [WARN] PackLoader:240 - Cannot read IP mode file for STMicroelectronics.X-CUBE-AZRTOS-H7.3.1.0
2024-06-25 20:49:14,898 [WARN] ConditionMgr:1039 - genDependencies : Invalid condition id : UX DEVICE CLASS RTOS Condition cause : null
2024-06-25 20:49:14,898 [WARN] ConditionMgr:1039 - genDependencies : Invalid condition id : UX DEVICE CLASS RTOS Condition cause : null
2024-06-25 20:49:14,899 [WARN] ConditionMgr:1039 - genDependencies : Invalid condition id : UX DEVICE CLASS RTOS Condition cause : null
2024-06-25 20:49:14,899 [WARN] ConditionMgr:1039 - genDependencies : Invalid condition id : UX DEVICE CLASS RTOS Condition cause : null
2024-06-25 20:49:14,899 [WARN] ConditionMgr:1039 - genDependencies : Invalid condition id : UX DEVICE CLASS RTOS Condition cause : null
2024-06-25 20:49:14,914 [WARN] PackLoader:240 - Cannot read IP mode file for STMicroelectronics.X-CUBE-NFC7.1.0.1
2024-06-25 20:49:14,928 [WARN] PackLoader:240 - Cannot read IP mode file for STMicroelectronics.X-CUBE-NFC6.3.0.0
2024-06-25 20:49:14,942 [WARN] PackLoader:240 - Cannot read IP mode file for STMicroelectronics.X-CUBE-EEPRMA1.4.1.0
2024-06-25 20:49:14,955 [WARN] PackLoader:240 - Cannot read IP mode file for STMicroelectronics.X-CUBE-AI.8.1.0
2024-06-25 20:49:14,986 [WARN] ConditionMgr:438 - getConditionDescription Invalid condition id : LAN8742 Phy interface Condition cause : null
2024-06-25 20:49:14,987 [WARN] PackLoader:240 - Cannot read IP mode file for STMicroelectronics.X-CUBE-AZRTOS-L4.2.0.0
2024-06-25 20:49:14,988 [WARN] ConditionMgr:1039 - genDependencies : Invalid condition id : LAN8742 Phy interface Condition cause : null
2024-06-25 20:49:14,989 [WARN] ConditionMgr:1039 - genDependencies : Invalid condition id : LAN8742 Phy interface Condition cause : null
2024-06-25 20:49:14,989 [WARN] ConditionMgr:1039 - genDependencies : Invalid condition id : LAN8742 Phy interface Condition cause : null
2024-06-25 20:49:15,006 [WARN] PackLoader:240 - Cannot read IP mode file for STMicroelectronics.X-CUBE-SFXS2LP1.4.0.0
2024-06-25 20:49:15,019 [WARN] PackLoader:240 - Cannot read IP mode file for STMicroelectronics.X-CUBE-ISPU.1.1.0
2024-06-25 20:49:15,040 [WARN] ConditionMgr:438 - getConditionDescription Invalid condition id : UX DEVICE CLASS RTOS Condition cause : null
2024-06-25 20:49:15,041 [WARN] ConditionMgr:438 - getConditionDescription Invalid condition id : UX DEVICE CLASS RTOS Condition cause : null
2024-06-25 20:49:15,044 [WARN] PackLoader:240 - Cannot read IP mode file for STMicroelectronics.X-CUBE-AZRTOS-WB.2.0.0
2024-06-25 20:49:15,044 [WARN] ConditionMgr:1039 - genDependencies : Invalid condition id : UX DEVICE CLASS RTOS Condition cause : null
2024-06-25 20:49:15,044 [WARN] ConditionMgr:1039 - genDependencies : Invalid condition id : UX DEVICE CLASS RTOS Condition cause : null
2024-06-25 20:49:15,045 [WARN] ConditionMgr:1039 - genDependencies : Invalid condition id : UX DEVICE CLASS RTOS Condition cause : null
2024-06-25 20:49:15,045 [WARN] ConditionMgr:1039 - genDependencies : Invalid condition id : UX DEVICE CLASS RTOS Condition cause : null
2024-06-25 20:49:15,045 [WARN] ConditionMgr:1039 - genDependencies : Invalid condition id : UX DEVICE CLASS RTOS Condition cause : null
2024-06-25 20:49:15,066 [WARN] PackLoader:240 - Cannot read IP mode file for STMicroelectronics.X-CUBE-SUBG2.5.0.0
2024-06-25 20:49:15,089 [WARN] PackLoader:240 - Cannot read IP mode file for STMicroelectronics.X-CUBE-TOF1.3.3.1
2024-06-25 20:49:15,119 [WARN] PackLoader:240 - Cannot read IP mode file for STMicroelectronics.X-CUBE-AZRTOS-G4.2.0.0
2024-06-25 20:49:15,144 [WARN] PackLoader:240 - Cannot read IP mode file for Infineon.AIROC-Wi-Fi-Bluetooth-STM32.1.5.1
2024-06-25 20:49:15,161 [WARN] PackLoader:240 - Cannot read IP mode file for STMicroelectronics.FP-SNS-MOTENVWB1.1.3.0
2024-06-25 20:49:15,175 [WARN] PackLoader:240 - Cannot read IP mode file for STMicroelectronics.FP-SNS-MOTENVWB1.1.3.1
2024-06-25 20:49:15,186 [WARN] PackLoader:240 - Cannot read IP mode file for STMicroelectronics.X-CUBE-ISPU.2.0.0
2024-06-25 20:49:15,203 [WARN] PackLoader:240 - Cannot read IP mode file for STMicroelectronics.X-CUBE-ALS.1.0.2
2024-06-25 20:49:15,245 [WARN] PackLoader:240 - Cannot read IP mode file for STMicroelectronics.X-CUBE-MEMS1.10.0.0
2024-06-25 20:49:15,381 [WARN] PackLoader:240 - Cannot read IP mode file for STMicroelectronics.X-CUBE-FREERTOS.1.1.0
2024-06-25 20:49:15,384 [WARN] PackLoader:240 - Cannot read IP mode file for STMicroelectronics.X-CUBE-TOUCHGFX.4.24.0
2024-06-25 20:49:15,398 [WARN] PackLoader:240 - Cannot read IP mode file for portGmbH.I-Cube-SoM-uGOAL.1.1.0
2024-06-25 20:49:15,409 [WARN] PackLoader:240 - Cannot read IP mode file for STMicroelectronics.X-CUBE-ALS.1.0.1
2024-06-25 20:49:15,436 [WARN] PackLoader:240 - Cannot read IP mode file for STMicroelectronics.X-CUBE-AZRTOS-H7RS.1.0.0
2024-06-25 20:49:15,446 [WARN] PackLoader:240 - Cannot read IP mode file for STMicroelectronics.FP-ATR-ASTRA1.2.0.0
2024-06-25 20:49:15,463 [WARN] PackLoader:240 - Cannot read IP mode file for STMicroelectronics.X-CUBE-TOF1.3.4.0
2024-06-25 20:49:15,493 [WARN] PackLoader:240 - Cannot read IP mode file for STMicroelectronics.X-CUBE-TOF1.3.4.1
2024-06-25 20:49:15,531 [WARN] PackLoader:240 - Cannot read IP mode file for STMicroelectronics.X-CUBE-AZRTOS-H7.3.2.0
2024-06-25 20:49:15,534 [INFO] ThirdParty:978 - Integrity check success = true
2024-06-25 20:49:15,534 [INFO] IntegrityCheckThread:100 - exiting critical section [integrity check]
2024-06-25 20:49:15,534 [INFO] IntegrityCheckThread:103 - End integrity checks thread
2024-06-25 20:49:22,149 [ERROR] LogOutputStream:75 - [STDERR_REDIRECT] SLF4J: Failed to load class "org.slf4j.impl.StaticLoggerBinder".
2024-06-25 20:49:22,150 [ERROR] LogOutputStream:75 - [STDERR_REDIRECT] SLF4J: Defaulting to no-operation (NOP) logger implementation
2024-06-25 20:49:22,151 [ERROR] LogOutputStream:75 - [STDERR_REDIRECT] SLF4J: See http://www.slf4j.org/codes.html#StaticLoggerBinder for further details.
2024-06-25 21:51:35,942 [ERROR] LogOutputStream:75 - [STDERR_REDIRECT] 
