2024-06-11 20:20:26,476 [INFO] Activator:176 - 


2024-06-11 20:20:26,482 [INFO] Activator:177 - !SESSION log4j initialized
2024-06-11 20:20:34,831 [INFO] LogOutputStream:77 - [STDOUT_REDIRECT] 
2024-06-11 20:20:35,197 [ERROR] ConfigurationRetriever:142 - IOException on connection: sw-center.st.com
2024-06-11 20:20:35,198 [ERROR] ConfigurationRetriever:142 - IOException on connection: sw-center.st.com
2024-06-11 20:20:35,199 [ERROR] ConfigurationRetriever:142 - IOException on connection: sw-center.st.com
2024-06-11 20:20:35,203 [ERROR] ConfigurationRetriever:142 - IOException on connection: sw-center.st.com
2024-06-11 20:20:35,205 [ERROR] ConfigurationRetriever:142 - IOException on connection: sw-center.st.com
2024-06-11 20:20:35,207 [ERROR] ConfigurationRetriever:142 - IOException on connection: sw-center.st.com
2024-06-11 20:20:36,963 [INFO] ApplicationProperties:184 - Using Application install path: G:\stm32cubeide\stm32cubeide114\STM32CubeIDE_1.14.0\STM32CubeIDE\plugins\com.st.stm32cube.common.mx_6.10.0.202311202037
2024-06-11 20:20:36,984 [INFO] DbMcusXml:78 - Set database path to: G:\stm32cubeide\stm32cubeide114\STM32CubeIDE_1.14.0\STM32CubeIDE\plugins\com.st.stm32cube.common.mx_6.10.0.202311202037\\db\/mcu/
2024-06-11 20:20:36,984 [INFO] ApiDb:274 - Set plugin database path to: G:\stm32cubeide\stm32cubeide114\STM32CubeIDE_1.14.0\STM32CubeIDE\plugins\com.st.stm32cube.common.mx_6.10.0.202311202037\\db\/plugins/boardmanager/
2024-06-11 20:20:36,984 [WARN] ApiDb:259 - Overriding images path with different value:  => G:\stm32cubeide\stm32cubeide114\STM32CubeIDE_1.14.0\STM32CubeIDE\plugins\com.st.stm32cube.common.mx_6.10.0.202311202037\\db\/plugins/mcufinder/images/
2024-06-11 20:20:36,998 [INFO] ApiDb:250 - Set database path to: C:\Users\Nghia\.stmcufinder\plugins\mcufinder//mcu/
2024-06-11 20:20:37,000 [INFO] DbMcusAds:125 - Set database path to: C:\Users\Nghia\.stmcufinder\plugins\mcufinder//mcu/
2024-06-11 20:20:37,002 [INFO] CrossReferenceDbSqlite:203 - Set database path to: C:\Users\Nghia\.stmcufinder\plugins\mcufinder//mcu/cs/
2024-06-11 20:20:37,128 [INFO] RulesReader:64 - Compatibility file has been processed (297 Rules)
2024-06-11 20:20:37,212 [INFO] DbMcusXml:78 - Set database path to: G:\stm32cubeide\stm32cubeide114\STM32CubeIDE_1.14.0\STM32CubeIDE\plugins\com.st.stm32cube.common.mx_6.10.0.202311202037\\db\/mcu/
2024-06-11 20:20:37,212 [INFO] ApiDb:274 - Set plugin database path to: G:\stm32cubeide\stm32cubeide114\STM32CubeIDE_1.14.0\STM32CubeIDE\plugins\com.st.stm32cube.common.mx_6.10.0.202311202037\\db\/plugins/boardmanager/
2024-06-11 20:20:37,213 [INFO] ApiDb:261 - Set plugin images path to: G:\stm32cubeide\stm32cubeide114\STM32CubeIDE_1.14.0\STM32CubeIDE\plugins\com.st.stm32cube.common.mx_6.10.0.202311202037\\db\/plugins/mcufinder/images/
2024-06-11 20:20:37,213 [WARN] DbFile:41 - Overriding database path with different value: C:\Users\Nghia\.stmcufinder\plugins\mcufinder/ => C:\Users\Nghia\.stmcufinder\plugins\mcufinder
2024-06-11 20:20:37,213 [INFO] ApiDb:250 - Set database path to: C:\Users\Nghia\.stmcufinder\plugins\mcufinder//mcu/
2024-06-11 20:20:37,213 [WARN] DbFile:41 - Overriding database path with different value: C:\Users\Nghia\.stmcufinder\plugins\mcufinder/ => C:\Users\Nghia\.stmcufinder\plugins\mcufinder
2024-06-11 20:20:37,213 [INFO] DbMcusAds:125 - Set database path to: C:\Users\Nghia\.stmcufinder\plugins\mcufinder//mcu/
2024-06-11 20:20:37,213 [WARN] DbFile:41 - Overriding database path with different value: C:\Users\Nghia\.stmcufinder\plugins\mcufinder/ => C:\Users\Nghia\.stmcufinder\plugins\mcufinder
2024-06-11 20:20:37,213 [WARN] DbFile:41 - Overriding database path with different value: C:\Users\Nghia\.stmcufinder\plugins\mcufinder/ => C:\Users\Nghia\.stmcufinder\plugins\mcufinder
2024-06-11 20:20:37,213 [INFO] CrossReferenceDbSqlite:203 - Set database path to: C:\Users\Nghia\.stmcufinder\plugins\mcufinder//mcu/cs/
2024-06-11 20:20:37,285 [INFO] MainPanel:264 - HeapMemory: 268435456
2024-06-11 20:20:37,386 [INFO] DbMcusXml:78 - Set database path to: G:\stm32cubeide\stm32cubeide114\STM32CubeIDE_1.14.0\STM32CubeIDE\plugins\com.st.stm32cube.common.mx_6.10.0.202311202037\\db\/mcu/
2024-06-11 20:20:37,386 [INFO] ApiDb:274 - Set plugin database path to: G:\stm32cubeide\stm32cubeide114\STM32CubeIDE_1.14.0\STM32CubeIDE\plugins\com.st.stm32cube.common.mx_6.10.0.202311202037\\db\/plugins/boardmanager/
2024-06-11 20:20:37,386 [INFO] ApiDb:261 - Set plugin images path to: G:\stm32cubeide\stm32cubeide114\STM32CubeIDE_1.14.0\STM32CubeIDE\plugins\com.st.stm32cube.common.mx_6.10.0.202311202037\\db\/plugins/mcufinder/images/
2024-06-11 20:20:37,386 [WARN] DbFile:41 - Overriding database path with different value: C:\Users\Nghia\.stmcufinder\plugins\mcufinder/ => C:\Users\Nghia\.stmcufinder\plugins\mcufinder
2024-06-11 20:20:37,386 [INFO] ApiDb:250 - Set database path to: C:\Users\Nghia\.stmcufinder\plugins\mcufinder//mcu/
2024-06-11 20:20:37,386 [WARN] DbFile:41 - Overriding database path with different value: C:\Users\Nghia\.stmcufinder\plugins\mcufinder/ => C:\Users\Nghia\.stmcufinder\plugins\mcufinder
2024-06-11 20:20:37,386 [INFO] DbMcusAds:125 - Set database path to: C:\Users\Nghia\.stmcufinder\plugins\mcufinder//mcu/
2024-06-11 20:20:37,386 [WARN] DbFile:41 - Overriding database path with different value: C:\Users\Nghia\.stmcufinder\plugins\mcufinder/ => C:\Users\Nghia\.stmcufinder\plugins\mcufinder
2024-06-11 20:20:37,387 [WARN] DbFile:41 - Overriding database path with different value: C:\Users\Nghia\.stmcufinder\plugins\mcufinder/ => C:\Users\Nghia\.stmcufinder\plugins\mcufinder
2024-06-11 20:20:37,387 [INFO] CrossReferenceDbSqlite:203 - Set database path to: C:\Users\Nghia\.stmcufinder\plugins\mcufinder//mcu/cs/
2024-06-11 20:20:37,404 [INFO] ApplicationProperties:184 - Using Application install path: G:\stm32cubeide\stm32cubeide114\STM32CubeIDE_1.14.0\STM32CubeIDE\plugins\com.st.stm32cube.common.mx_6.10.0.202311202037
2024-06-11 20:20:37,406 [INFO] PluginManage:196 - Search for loadable plugins [exclusion list=, ]
2024-06-11 20:20:37,408 [INFO] PluginManage:310 - Check plugin analytics
2024-06-11 20:20:37,556 [INFO] AnalyticsPlugin:253 - Accepted Software Licenses: STM32CubeMX.6.8.0,STM32CubeMX.6.1.1
2024-06-11 20:20:37,556 [INFO] AnalyticsPlugin:255 - Accepted CMSIS Pack Licenses: 
2024-06-11 20:20:37,556 [INFO] AnalyticsPlugin:257 - Accepted Firmware Licenses: FW.F4.1.27.0,FW.F4.1.28.0
2024-06-11 20:20:37,558 [INFO] PluginManage:359 - Loaded plugin analytics (category:tool,tabindex:-1)
2024-06-11 20:20:37,558 [INFO] PluginManage:310 - Check plugin cadmodel
2024-06-11 20:20:37,559 [ERROR] ConfigurationRetriever:142 - IOException on connection: sw-center.st.com
2024-06-11 20:20:37,559 [ERROR] ConfigurationRetriever:142 - IOException on connection: sw-center.st.com
2024-06-11 20:20:37,560 [ERROR] ConfigurationRetriever:142 - IOException on connection: sw-center.st.com
2024-06-11 20:20:37,570 [INFO] CADModel:105 - Init CAD model plugin
2024-06-11 20:20:37,571 [INFO] PluginManage:359 - Loaded plugin cadmodel (category:power,tabindex:5)
2024-06-11 20:20:37,571 [INFO] PluginManage:310 - Check plugin clock
2024-06-11 20:20:37,587 [INFO] PluginManage:359 - Loaded plugin clock (category:base,tabindex:2)
2024-06-11 20:20:37,587 [INFO] PluginManage:310 - Check plugin ddr
2024-06-11 20:20:37,589 [INFO] PluginManage:359 - Loaded plugin ddr (category:tool,tabindex:6)
2024-06-11 20:20:37,589 [INFO] PluginManage:310 - Check plugin filemanager
2024-06-11 20:20:37,707 [INFO] PluginManage:359 - Loaded plugin filemanager (category:base,tabindex:10)
2024-06-11 20:20:37,707 [INFO] PluginManage:310 - Check plugin ipmanager
2024-06-11 20:20:37,714 [INFO] PluginManage:359 - Loaded plugin ipmanager (category:base,tabindex:5)
2024-06-11 20:20:37,714 [INFO] PluginManage:310 - Check plugin lpbam
2024-06-11 20:20:37,730 [INFO] PluginManage:359 - Loaded plugin lpbam (category:base,tabindex:0)
2024-06-11 20:20:37,731 [INFO] PluginManage:310 - Check plugin memorymap
2024-06-11 20:20:37,752 [INFO] PluginManage:359 - Loaded plugin memorymap (category:base,tabindex:4)
2024-06-11 20:20:37,752 [INFO] PluginManage:310 - Check plugin pinoutandconfiguration
2024-06-11 20:20:37,766 [INFO] PluginManage:359 - Loaded plugin pinoutandconfiguration (category:base,tabindex:1)
2024-06-11 20:20:37,767 [INFO] PluginManage:310 - Check plugin pinoutconfig
2024-06-11 20:20:37,844 [WARN] SupportedApi:132 - Cannot load RTOS API schema: s4s-elt-must-match.1: The content of 'definitions' must match (annotation?, (simpleType | complexType)?, (unique | key | keyref)*)). A problem was found starting at: attribute.
2024-06-11 20:20:37,958 [INFO] PluginManage:359 - Loaded plugin pinoutconfig (category:base,tabindex:0)
2024-06-11 20:20:37,959 [INFO] PluginManage:310 - Check plugin power
2024-06-11 20:20:37,973 [INFO] PluginManage:359 - Loaded plugin power (category:power,tabindex:4)
2024-06-11 20:20:37,974 [INFO] PluginManage:310 - Check plugin projectmanager
2024-06-11 20:20:37,988 [INFO] PluginManage:359 - Loaded plugin projectmanager (category:projectmanager,tabindex:3)
2024-06-11 20:20:37,989 [INFO] PluginManage:310 - Check plugin thirdparty
2024-06-11 20:20:38,209 [INFO] PluginManage:359 - Loaded plugin thirdparty (category:base,tabindex:-1)
2024-06-11 20:20:38,209 [WARN] IntegrityCheckThread:84 - waiting for thirdparty lock release [integrity check]
2024-06-11 20:20:38,209 [INFO] PluginManage:310 - Check plugin tools
2024-06-11 20:20:38,209 [INFO] IntegrityCheckThread:86 - entering critical section [integrity check]
2024-06-11 20:20:38,210 [INFO] ThirdPartyUpdaterWithRetryManager:70 - Updater plugin not ready yet. [1/15]
2024-06-11 20:20:38,239 [INFO] PluginManage:359 - Loaded plugin tools (category:base,tabindex:7)
2024-06-11 20:20:38,239 [INFO] PluginManage:310 - Check plugin tutovideos
2024-06-11 20:20:38,393 [INFO] PluginManage:359 - Loaded plugin tutovideos (category:base,tabindex:-1)
2024-06-11 20:20:38,393 [INFO] PluginManage:310 - Check plugin updater
2024-06-11 20:20:38,403 [INFO] PluginManage:359 - Loaded plugin updater (category:base,tabindex:12)
2024-06-11 20:20:38,403 [INFO] PluginManage:310 - Check plugin userauth
2024-06-11 20:20:38,408 [INFO] UserAuth:114 - Init User Auth plugin
2024-06-11 20:20:38,408 [INFO] PluginManage:359 - Loaded plugin userauth (category:base,tabindex:14)
2024-06-11 20:20:38,408 [INFO] PluginManage:283 - PluginManage : Loaded plugins [17]
2024-06-11 20:20:38,618 [INFO] PinOutPanel:1499 - setPackage(No Configuration,No Configuration)
2024-06-11 20:20:38,685 [INFO] CADModel:165 - CPN selected for project level
2024-06-11 20:20:38,685 [INFO] CADModel:114 - Register for checkConnection events
2024-06-11 20:20:38,708 [INFO] IPUIPlugin:80 - create IPUIPlugin
2024-06-11 20:20:38,708 [INFO] PluginManager:220 - loadIPPluginJar : add adc
2024-06-11 20:20:38,756 [INFO] IPUIPlugin:80 - create IPUIPlugin
2024-06-11 20:20:38,756 [INFO] PluginManager:220 - loadIPPluginJar : add aes
2024-06-11 20:20:38,806 [INFO] IPUIPlugin:80 - create IPUIPlugin
2024-06-11 20:20:38,806 [INFO] PluginManager:220 - loadIPPluginJar : add can
2024-06-11 20:20:38,837 [INFO] IPUIPlugin:80 - create IPUIPlugin
2024-06-11 20:20:38,838 [INFO] PluginManager:220 - loadIPPluginJar : add comp
2024-06-11 20:20:38,878 [INFO] IPUIPlugin:80 - create IPUIPlugin
2024-06-11 20:20:38,878 [INFO] PluginManager:220 - loadIPPluginJar : add cryp
2024-06-11 20:20:38,910 [INFO] IPUIPlugin:80 - create IPUIPlugin
2024-06-11 20:20:38,910 [INFO] PluginManager:220 - loadIPPluginJar : add dfsdm
2024-06-11 20:20:38,922 [INFO] IPUIPlugin:80 - create IPUIPlugin
2024-06-11 20:20:38,922 [INFO] PluginManager:220 - loadIPPluginJar : add dma
2024-06-11 20:20:38,959 [INFO] IPUIPlugin:80 - create IPUIPlugin
2024-06-11 20:20:38,959 [INFO] PluginManager:220 - loadIPPluginJar : add dma3
2024-06-11 20:20:38,977 [INFO] IPUIPlugin:80 - create IPUIPlugin
2024-06-11 20:20:38,977 [INFO] PluginManager:220 - loadIPPluginJar : add fatfs
2024-06-11 20:20:39,019 [INFO] IPUIPlugin:80 - create IPUIPlugin
2024-06-11 20:20:39,019 [INFO] PluginManager:220 - loadIPPluginJar : add fmc
2024-06-11 20:20:39,032 [INFO] IPUIPlugin:80 - create IPUIPlugin
2024-06-11 20:20:39,032 [INFO] PluginManager:220 - loadIPPluginJar : add freertos
2024-06-11 20:20:39,052 [INFO] IPUIPlugin:80 - create IPUIPlugin
2024-06-11 20:20:39,053 [INFO] PluginManager:220 - loadIPPluginJar : add genericplugin
2024-06-11 20:20:39,139 [INFO] IPUIPlugin:80 - create IPUIPlugin
2024-06-11 20:20:39,139 [INFO] PluginManager:220 - loadIPPluginJar : add gfxmmu
2024-06-11 20:20:39,263 [INFO] IPUIPlugin:80 - create IPUIPlugin
2024-06-11 20:20:39,263 [INFO] PluginManager:220 - loadIPPluginJar : add gic
2024-06-11 20:20:39,276 [INFO] IPUIPlugin:80 - create IPUIPlugin
2024-06-11 20:20:39,276 [INFO] PluginManager:220 - loadIPPluginJar : add gpio
2024-06-11 20:20:39,358 [INFO] IPUIPlugin:80 - create IPUIPlugin
2024-06-11 20:20:39,358 [INFO] PluginManager:220 - loadIPPluginJar : add gtzc
2024-06-11 20:20:39,390 [INFO] IPUIPlugin:80 - create IPUIPlugin
2024-06-11 20:20:39,390 [INFO] PluginManager:220 - loadIPPluginJar : add hash
2024-06-11 20:20:39,440 [INFO] IPUIPlugin:80 - create IPUIPlugin
2024-06-11 20:20:39,440 [INFO] PluginManager:220 - loadIPPluginJar : add i2c
2024-06-11 20:20:39,477 [INFO] IPUIPlugin:80 - create IPUIPlugin
2024-06-11 20:20:39,478 [INFO] PluginManager:220 - loadIPPluginJar : add i2s
2024-06-11 20:20:39,521 [INFO] IPUIPlugin:80 - create IPUIPlugin
2024-06-11 20:20:39,521 [INFO] PluginManager:220 - loadIPPluginJar : add i3c
2024-06-11 20:20:39,617 [INFO] IPUIPlugin:80 - create IPUIPlugin
2024-06-11 20:20:39,617 [INFO] PluginManager:220 - loadIPPluginJar : add ipddr
2024-06-11 20:20:39,701 [INFO] IPUIPlugin:80 - create IPUIPlugin
2024-06-11 20:20:39,701 [INFO] PluginManager:220 - loadIPPluginJar : add linkedlist
2024-06-11 20:20:39,735 [INFO] IPUIPlugin:80 - create IPUIPlugin
2024-06-11 20:20:39,735 [INFO] PluginManager:220 - loadIPPluginJar : add lorawan
2024-06-11 20:20:39,769 [INFO] IPUIPlugin:80 - create IPUIPlugin
2024-06-11 20:20:39,769 [INFO] PluginManager:220 - loadIPPluginJar : add ltdc
2024-06-11 20:20:39,781 [INFO] IPUIPlugin:80 - create IPUIPlugin
2024-06-11 20:20:39,781 [INFO] PluginManager:220 - loadIPPluginJar : add mdma
2024-06-11 20:20:39,793 [INFO] IPUIPlugin:80 - create IPUIPlugin
2024-06-11 20:20:39,793 [INFO] PluginManager:220 - loadIPPluginJar : add nvic
2024-06-11 20:20:39,824 [INFO] IPUIPlugin:80 - create IPUIPlugin
2024-06-11 20:20:39,824 [INFO] PluginManager:220 - loadIPPluginJar : add opamp
2024-06-11 20:20:39,934 [INFO] IPUIPlugin:80 - create IPUIPlugin
2024-06-11 20:20:39,936 [INFO] PluginManager:220 - loadIPPluginJar : add openamp
2024-06-11 20:20:40,029 [INFO] IPUIPlugin:80 - create IPUIPlugin
2024-06-11 20:20:40,029 [INFO] PluginManager:220 - loadIPPluginJar : add pdm2pcm
2024-06-11 20:20:40,052 [INFO] IPUIPlugin:80 - create IPUIPlugin
2024-06-11 20:20:40,054 [INFO] PluginManager:220 - loadIPPluginJar : add plateformsettings
2024-06-11 20:20:40,081 [INFO] IPUIPlugin:80 - create IPUIPlugin
2024-06-11 20:20:40,081 [INFO] PluginManager:220 - loadIPPluginJar : add quadspi
2024-06-11 20:20:40,094 [INFO] IPUIPlugin:80 - create IPUIPlugin
2024-06-11 20:20:40,094 [INFO] PluginManager:220 - loadIPPluginJar : add resmgrutility
2024-06-11 20:20:40,160 [INFO] IPUIPlugin:80 - create IPUIPlugin
2024-06-11 20:20:40,160 [INFO] PluginManager:220 - loadIPPluginJar : add sai
2024-06-11 20:20:40,205 [INFO] IPUIPlugin:80 - create IPUIPlugin
2024-06-11 20:20:40,205 [INFO] PluginManager:220 - loadIPPluginJar : add spi
2024-06-11 20:20:40,296 [INFO] IPUIPlugin:80 - create IPUIPlugin
2024-06-11 20:20:40,297 [INFO] PluginManager:220 - loadIPPluginJar : add stm32_wpan
2024-06-11 20:20:40,325 [INFO] IPUIPlugin:80 - create IPUIPlugin
2024-06-11 20:20:40,325 [INFO] PluginManager:220 - loadIPPluginJar : add tim
2024-06-11 20:20:40,389 [INFO] IPUIPlugin:80 - create IPUIPlugin
2024-06-11 20:20:40,389 [INFO] PluginManager:220 - loadIPPluginJar : add touchsensing
2024-06-11 20:20:40,418 [INFO] IPUIPlugin:80 - create IPUIPlugin
2024-06-11 20:20:40,418 [INFO] PluginManager:220 - loadIPPluginJar : add tracer_emb
2024-06-11 20:20:40,447 [INFO] IPUIPlugin:80 - create IPUIPlugin
2024-06-11 20:20:40,448 [INFO] PluginManager:220 - loadIPPluginJar : add ts
2024-06-11 20:20:40,492 [INFO] IPUIPlugin:80 - create IPUIPlugin
2024-06-11 20:20:40,493 [INFO] PluginManager:220 - loadIPPluginJar : add tsc
2024-06-11 20:20:40,545 [INFO] IPUIPlugin:80 - create IPUIPlugin
2024-06-11 20:20:40,546 [INFO] PluginManager:220 - loadIPPluginJar : add ucpd
2024-06-11 20:20:40,661 [INFO] IPUIPlugin:80 - create IPUIPlugin
2024-06-11 20:20:40,662 [INFO] PluginManager:220 - loadIPPluginJar : add usart
2024-06-11 20:20:40,806 [INFO] IPUIPlugin:80 - create IPUIPlugin
2024-06-11 20:20:40,806 [INFO] PluginManager:220 - loadIPPluginJar : add usbx
2024-06-11 20:20:40,958 [INFO] CADModel:165 - CPN selected for project level
2024-06-11 20:20:40,958 [INFO] CADModel:114 - Register for checkConnection events
2024-06-11 20:20:40,959 [FATAL] Updater:308 - Updater called before beeing initialized
2024-06-11 20:20:40,959 [ERROR] CADModel:125 - Updater not yet initialized, retry later 
2024-06-11 20:20:41,229 [INFO] ThirdPartyUpdaterWithRetryManager:70 - Updater plugin not ready yet. [2/15]
2024-06-11 20:20:41,235 [INFO] CADModel:165 - CPN selected for project level
2024-06-11 20:20:41,235 [INFO] CADModel:114 - Register for checkConnection events
2024-06-11 20:20:41,235 [FATAL] Updater:308 - Updater called before beeing initialized
2024-06-11 20:20:41,235 [ERROR] CADModel:125 - Updater not yet initialized, retry later 
2024-06-11 20:20:41,241 [FATAL] Updater:308 - Updater called before beeing initialized
2024-06-11 20:20:41,659 [FATAL] Updater:308 - Updater called before beeing initialized
2024-06-11 20:20:41,685 [INFO] DbMcusAds:53 - JSON generation date=Wed Nov 29 17:52:27 ICT 2023 (1701255147349)
2024-06-11 20:20:41,686 [FATAL] Updater:308 - Updater called before beeing initialized
2024-06-11 20:20:41,858 [WARN] DetailPanel:346 - Failed to get advertising image, set to default
2024-06-11 20:20:41,973 [FATAL] Updater:308 - Updater called before beeing initialized
2024-06-11 20:20:41,974 [FATAL] Updater:308 - Updater called before beeing initialized
2024-06-11 20:20:41,975 [FATAL] Updater:308 - Updater called before beeing initialized
2024-06-11 20:20:41,975 [WARN] DetailPanel:346 - Failed to get advertising image, set to default
2024-06-11 20:20:41,975 [FATAL] Updater:308 - Updater called before beeing initialized
2024-06-11 20:20:42,046 [ERROR] Updater:1120 - MainUpdater not yet initialized. External WinMGr cannot be set.
2024-06-11 20:20:42,058 [INFO] Updater:1056 - Updater Version found : 6.10.0
2024-06-11 20:20:42,089 [INFO] ApplicationProperties:184 - Using Application install path: G:\stm32cubeide\stm32cubeide114\STM32CubeIDE_1.14.0\STM32CubeIDE\plugins\com.st.stm32cube.common.mx_6.10.0.202311202037
2024-06-11 20:20:42,517 [INFO] MainUpdater:2873 - connection check result : 22
2024-06-11 20:20:42,518 [INFO] MainUpdater:290 - Updater Check For Update Now.
2024-06-11 20:20:42,518 [INFO] MicroXplorer:498 - Change Database Version : DB.6.0.100
2024-06-11 20:20:42,538 [INFO] McuFinderGlobals:63 - Set McuFinder mode to 2 (CubeIDE integrated)
2024-06-11 20:20:42,611 [INFO] UserAuth:404 - Internet connection configuration mode: 2
2024-06-11 20:20:42,772 [INFO] CheckServerUpdateThread:120 - End of CheckServer Thread
2024-06-11 20:20:44,506 [WARN] PackLoader:240 - Cannot read IP mode file for STMicroelectronics.FP-SNS-MOTENVWB1.1.4.0
2024-06-11 20:20:44,532 [WARN] PackLoader:240 - Cannot read IP mode file for STMicroelectronics.X-CUBE-SMBUS.2.1.0
2024-06-11 20:20:44,550 [WARN] PackLoader:240 - Cannot read IP mode file for STMicroelectronics.X-CUBE-TOUCHGFX.4.23.1
2024-06-11 20:20:44,566 [WARN] PackLoader:240 - Cannot read IP mode file for STMicroelectronics.X-CUBE-TOUCHGFX.4.23.0
2024-06-11 20:20:44,581 [WARN] PackLoader:240 - Cannot read IP mode file for STMicroelectronics.X-CUBE-TOUCHGFX.4.23.2
2024-06-11 20:20:44,633 [WARN] PackLoader:240 - Cannot read IP mode file for STMicroelectronics.X-CUBE-AZRTOS-F7.1.1.0
2024-06-11 20:20:44,660 [WARN] PackLoader:240 - Cannot read IP mode file for STMicroelectronics.FP-SNS-MOTENV1.4.3.2
2024-06-11 20:20:44,678 [WARN] PackLoader:240 - Cannot read IP mode file for STMicroelectronics.FP-SNS-FLIGHT1.5.0.2
2024-06-11 20:20:44,694 [WARN] PackLoader:240 - Cannot read IP mode file for STMicroelectronics.X-CUBE-DISPLAY.3.0.0
2024-06-11 20:20:44,714 [WARN] PackLoader:240 - Cannot read IP mode file for STMicroelectronics.X-CUBE-BLE1.7.0.0
2024-06-11 20:20:44,728 [WARN] PackLoader:240 - Cannot read IP mode file for emotas.I-CUBE-CANOPEN.1.3.0
2024-06-11 20:20:44,740 [WARN] PackLoader:240 - Cannot read IP mode file for STMicroelectronics.X-CUBE-TOUCHGFX.4.22.1
2024-06-11 20:20:44,758 [WARN] PackLoader:240 - Cannot read IP mode file for STMicroelectronics.X-CUBE-BLEMGR.3.1.0
2024-06-11 20:20:44,772 [WARN] PackLoader:240 - Cannot read IP mode file for STMicroelectronics.FP-SNS-SMARTAG2.1.2.0
2024-06-11 20:20:44,793 [INFO] LogOutputStream:77 - [STDOUT_REDIRECT] 1 : Invalid condition id : UX_CORESTACK_Condition cause : null
2024-06-11 20:20:44,794 [INFO] LogOutputStream:77 - [STDOUT_REDIRECT] 1 : Invalid condition id : UX_CORESTACK_Condition cause : null
2024-06-11 20:20:44,794 [INFO] LogOutputStream:77 - [STDOUT_REDIRECT] 1 : Invalid condition id : UX_CORESTACK_Condition cause : null
2024-06-11 20:20:44,795 [INFO] LogOutputStream:77 - [STDOUT_REDIRECT] 1 : Invalid condition id : UX_CORESTACK_Condition cause : null
2024-06-11 20:20:44,796 [INFO] LogOutputStream:77 - [STDOUT_REDIRECT] 1 : Invalid condition id : UX_CORESTACK_Condition cause : null
2024-06-11 20:20:44,798 [WARN] PackLoader:240 - Cannot read IP mode file for STMicroelectronics.X-CUBE-AZRTOS-WL.2.0.0
2024-06-11 20:20:44,809 [WARN] PackLoader:240 - Cannot read IP mode file for STMicroelectronics.FP-SNS-MOTENV1.5.0.0
2024-06-11 20:20:44,827 [WARN] PackLoader:240 - Cannot read IP mode file for WES.I-CUBE-Cesium.1.3.0
2024-06-11 20:20:44,838 [WARN] PackLoader:240 - Cannot read IP mode file for STMicroelectronics.X-CUBE-BLE2.3.3.0
2024-06-11 20:20:44,849 [WARN] PackLoader:240 - Cannot read IP mode file for STMicroelectronics.X-CUBE-TCPP.4.1.0
2024-06-11 20:20:44,864 [WARN] PackLoader:240 - Cannot read IP mode file for STMicroelectronics.X-CUBE-ALGOBUILD.1.3.0
2024-06-11 20:20:44,895 [WARN] PackLoader:240 - Cannot read IP mode file for STMicroelectronics.X-CUBE-AZRTOS-G0.1.1.0
2024-06-11 20:20:44,917 [WARN] PackLoader:240 - Cannot read IP mode file for STMicroelectronics.X-CUBE-SAFEA1.1.2.2
2024-06-11 20:20:44,942 [WARN] PackLoader:240 - Cannot read IP mode file for STMicroelectronics.X-CUBE-NFC4.3.0.0
2024-06-11 20:20:44,956 [WARN] PackLoader:240 - Cannot read IP mode file for wolfSSL.I-CUBE-wolfMQTT.1.18.0
2024-06-11 20:20:44,975 [WARN] PackLoader:240 - Cannot read IP mode file for STMicroelectronics.X-CUBE-BLEMGR.3.0.0
2024-06-11 20:20:44,997 [WARN] PackLoader:240 - Cannot read IP mode file for STMicroelectronics.FP-ATR-SIGFOX1.3.2.0
2024-06-11 20:20:45,015 [WARN] PackLoader:240 - Cannot read IP mode file for STMicroelectronics.X-CUBE-EEPRMA1.5.1.0
2024-06-11 20:20:45,060 [WARN] PackLoader:240 - Cannot read IP mode file for SEGGER.I-CUBE-embOS.1.3.1
2024-06-11 20:20:45,114 [WARN] PackLoader:240 - Cannot read IP mode file for STMicroelectronics.X-CUBE-ALGOBUILD.1.4.0
2024-06-11 20:20:45,130 [WARN] PackLoader:240 - Cannot read IP mode file for STMicroelectronics.X-CUBE-GNSS1.6.0.0
2024-06-11 20:20:45,161 [WARN] PackLoader:240 - Cannot read IP mode file for STMicroelectronics.X-CUBE-AZRTOS-F4.1.1.0
2024-06-11 20:20:45,177 [WARN] PackLoader:240 - Cannot read IP mode file for wolfSSL.I-CUBE-wolfSSL.5.6.3
2024-06-11 20:20:45,196 [WARN] PackLoader:240 - Cannot read IP mode file for STMicroelectronics.X-CUBE-FREERTOS.1.2.0
2024-06-11 20:20:45,229 [WARN] PackLoader:240 - Cannot read IP mode file for STMicroelectronics.X-CUBE-AZRTOS-L5.2.0.0
2024-06-11 20:20:45,287 [WARN] PackLoader:240 - Cannot read IP mode file for STMicroelectronics.X-CUBE-MEMS1.9.6.0
2024-06-11 20:20:45,423 [WARN] PackLoader:240 - Cannot read IP mode file for STMicroelectronics.X-CUBE-EEPRMA1.4.2.0
2024-06-11 20:20:45,443 [WARN] PackLoader:240 - Cannot read IP mode file for STMicroelectronics.X-CUBE-NFC6.3.1.0
2024-06-11 20:20:45,462 [WARN] PackLoader:240 - Cannot read IP mode file for ITTIA_DB.I-CUBE-ITTIADB.8.8.0
2024-06-11 20:20:45,480 [WARN] PackLoader:240 - Cannot read IP mode file for STMicroelectronics.X-CUBE-BLEMGR.2.0.0
2024-06-11 20:20:45,495 [WARN] PackLoader:240 - Cannot read IP mode file for STMicroelectronics.X-CUBE-AI.9.0.0
2024-06-11 20:20:45,524 [WARN] ConditionMgr:438 - getConditionDescription Invalid condition id : UX DEVICE CLASS RTOS Condition cause : null
2024-06-11 20:20:45,524 [WARN] ConditionMgr:438 - getConditionDescription Invalid condition id : UX DEVICE CLASS RTOS Condition cause : null
2024-06-11 20:20:45,527 [WARN] PackLoader:240 - Cannot read IP mode file for STMicroelectronics.X-CUBE-AZRTOS-H7.3.1.0
2024-06-11 20:20:45,528 [WARN] ConditionMgr:1039 - genDependencies : Invalid condition id : UX DEVICE CLASS RTOS Condition cause : null
2024-06-11 20:20:45,528 [WARN] ConditionMgr:1039 - genDependencies : Invalid condition id : UX DEVICE CLASS RTOS Condition cause : null
2024-06-11 20:20:45,529 [WARN] ConditionMgr:1039 - genDependencies : Invalid condition id : UX DEVICE CLASS RTOS Condition cause : null
2024-06-11 20:20:45,529 [WARN] ConditionMgr:1039 - genDependencies : Invalid condition id : UX DEVICE CLASS RTOS Condition cause : null
2024-06-11 20:20:45,529 [WARN] ConditionMgr:1039 - genDependencies : Invalid condition id : UX DEVICE CLASS RTOS Condition cause : null
2024-06-11 20:20:45,545 [WARN] PackLoader:240 - Cannot read IP mode file for STMicroelectronics.X-CUBE-NFC7.1.0.1
2024-06-11 20:20:45,564 [WARN] PackLoader:240 - Cannot read IP mode file for STMicroelectronics.X-CUBE-NFC6.3.0.0
2024-06-11 20:20:45,582 [WARN] PackLoader:240 - Cannot read IP mode file for STMicroelectronics.X-CUBE-EEPRMA1.4.1.0
2024-06-11 20:20:45,599 [WARN] PackLoader:240 - Cannot read IP mode file for STMicroelectronics.X-CUBE-AI.8.1.0
2024-06-11 20:20:45,634 [WARN] ConditionMgr:438 - getConditionDescription Invalid condition id : LAN8742 Phy interface Condition cause : null
2024-06-11 20:20:45,635 [WARN] PackLoader:240 - Cannot read IP mode file for STMicroelectronics.X-CUBE-AZRTOS-L4.2.0.0
2024-06-11 20:20:45,636 [WARN] ConditionMgr:1039 - genDependencies : Invalid condition id : LAN8742 Phy interface Condition cause : null
2024-06-11 20:20:45,636 [WARN] ConditionMgr:1039 - genDependencies : Invalid condition id : LAN8742 Phy interface Condition cause : null
2024-06-11 20:20:45,637 [WARN] ConditionMgr:1039 - genDependencies : Invalid condition id : LAN8742 Phy interface Condition cause : null
2024-06-11 20:20:45,656 [WARN] PackLoader:240 - Cannot read IP mode file for STMicroelectronics.X-CUBE-SFXS2LP1.4.0.0
2024-06-11 20:20:45,669 [WARN] PackLoader:240 - Cannot read IP mode file for STMicroelectronics.X-CUBE-ISPU.1.1.0
2024-06-11 20:20:45,690 [WARN] ConditionMgr:438 - getConditionDescription Invalid condition id : UX DEVICE CLASS RTOS Condition cause : null
2024-06-11 20:20:45,691 [WARN] ConditionMgr:438 - getConditionDescription Invalid condition id : UX DEVICE CLASS RTOS Condition cause : null
2024-06-11 20:20:45,693 [WARN] PackLoader:240 - Cannot read IP mode file for STMicroelectronics.X-CUBE-AZRTOS-WB.2.0.0
2024-06-11 20:20:45,693 [WARN] ConditionMgr:1039 - genDependencies : Invalid condition id : UX DEVICE CLASS RTOS Condition cause : null
2024-06-11 20:20:45,693 [WARN] ConditionMgr:1039 - genDependencies : Invalid condition id : UX DEVICE CLASS RTOS Condition cause : null
2024-06-11 20:20:45,694 [WARN] ConditionMgr:1039 - genDependencies : Invalid condition id : UX DEVICE CLASS RTOS Condition cause : null
2024-06-11 20:20:45,694 [WARN] ConditionMgr:1039 - genDependencies : Invalid condition id : UX DEVICE CLASS RTOS Condition cause : null
2024-06-11 20:20:45,694 [WARN] ConditionMgr:1039 - genDependencies : Invalid condition id : UX DEVICE CLASS RTOS Condition cause : null
2024-06-11 20:20:45,712 [WARN] PackLoader:240 - Cannot read IP mode file for STMicroelectronics.X-CUBE-SUBG2.5.0.0
2024-06-11 20:20:45,739 [WARN] PackLoader:240 - Cannot read IP mode file for STMicroelectronics.X-CUBE-TOF1.3.3.1
2024-06-11 20:20:45,769 [WARN] PackLoader:240 - Cannot read IP mode file for STMicroelectronics.X-CUBE-AZRTOS-G4.2.0.0
2024-06-11 20:20:45,795 [WARN] PackLoader:240 - Cannot read IP mode file for Infineon.AIROC-Wi-Fi-Bluetooth-STM32.1.5.1
2024-06-11 20:20:45,813 [WARN] PackLoader:240 - Cannot read IP mode file for STMicroelectronics.FP-SNS-MOTENVWB1.1.3.0
2024-06-11 20:20:45,830 [WARN] PackLoader:240 - Cannot read IP mode file for STMicroelectronics.FP-SNS-MOTENVWB1.1.3.1
2024-06-11 20:20:45,845 [WARN] PackLoader:240 - Cannot read IP mode file for STMicroelectronics.X-CUBE-ISPU.2.0.0
2024-06-11 20:20:45,860 [WARN] PackLoader:240 - Cannot read IP mode file for STMicroelectronics.X-CUBE-ALS.1.0.2
2024-06-11 20:20:45,908 [WARN] PackLoader:240 - Cannot read IP mode file for STMicroelectronics.X-CUBE-MEMS1.10.0.0
2024-06-11 20:20:46,039 [WARN] PackLoader:240 - Cannot read IP mode file for STMicroelectronics.X-CUBE-FREERTOS.1.1.0
2024-06-11 20:20:46,060 [WARN] PackLoader:240 - Cannot read IP mode file for portGmbH.I-Cube-SoM-uGOAL.1.1.0
2024-06-11 20:20:46,083 [WARN] PackLoader:240 - Cannot read IP mode file for STMicroelectronics.X-CUBE-ALS.1.0.1
2024-06-11 20:20:46,182 [WARN] PackLoader:240 - Cannot read IP mode file for STMicroelectronics.X-CUBE-AZRTOS-H7RS.1.0.0
2024-06-11 20:20:46,205 [WARN] PackLoader:240 - Cannot read IP mode file for STMicroelectronics.FP-ATR-ASTRA1.2.0.0
2024-06-11 20:20:46,234 [WARN] PackLoader:240 - Cannot read IP mode file for STMicroelectronics.X-CUBE-TOF1.3.4.0
2024-06-11 20:20:46,271 [WARN] PackLoader:240 - Cannot read IP mode file for STMicroelectronics.X-CUBE-TOF1.3.4.1
2024-06-11 20:20:46,312 [WARN] PackLoader:240 - Cannot read IP mode file for STMicroelectronics.X-CUBE-AZRTOS-H7.3.2.0
2024-06-11 20:20:46,316 [INFO] ThirdParty:978 - Integrity check success = true
2024-06-11 20:20:46,316 [INFO] IntegrityCheckThread:100 - exiting critical section [integrity check]
2024-06-11 20:20:46,316 [INFO] IntegrityCheckThread:103 - End integrity checks thread
2024-06-11 20:21:03,595 [ERROR] LogOutputStream:75 - [STDERR_REDIRECT] SLF4J: Failed to load class "org.slf4j.impl.StaticLoggerBinder".
2024-06-11 20:21:03,596 [ERROR] LogOutputStream:75 - [STDERR_REDIRECT] SLF4J: Defaulting to no-operation (NOP) logger implementation
2024-06-11 20:21:03,598 [ERROR] LogOutputStream:75 - [STDERR_REDIRECT] SLF4J: See http://www.slf4j.org/codes.html#StaticLoggerBinder for further details.
