2024-06-08 17:07:52,200 [INFO] Activator:176 - 


2024-06-08 17:07:52,204 [INFO] Activator:177 - !SESSION log4j initialized
2024-06-08 17:07:59,792 [INFO] LogOutputStream:77 - [STDOUT_REDIRECT] 
2024-06-08 17:08:06,682 [INFO] ApplicationProperties:184 - Using Application install path: G:\stm32cubeide\stm32cubeide114\STM32CubeIDE_1.14.0\STM32CubeIDE\plugins\com.st.stm32cube.common.mx_6.10.0.202311202037
2024-06-08 17:08:06,700 [INFO] DbMcusXml:78 - Set database path to: G:\stm32cubeide\stm32cubeide114\STM32CubeIDE_1.14.0\STM32CubeIDE\plugins\com.st.stm32cube.common.mx_6.10.0.202311202037\\db\/mcu/
2024-06-08 17:08:06,700 [INFO] ApiDb:274 - Set plugin database path to: G:\stm32cubeide\stm32cubeide114\STM32CubeIDE_1.14.0\STM32CubeIDE\plugins\com.st.stm32cube.common.mx_6.10.0.202311202037\\db\/plugins/boardmanager/
2024-06-08 17:08:06,701 [WARN] ApiDb:259 - Overriding images path with different value:  => G:\stm32cubeide\stm32cubeide114\STM32CubeIDE_1.14.0\STM32CubeIDE\plugins\com.st.stm32cube.common.mx_6.10.0.202311202037\\db\/plugins/mcufinder/images/
2024-06-08 17:08:06,716 [INFO] ApiDb:250 - Set database path to: C:\Users\Nghia\.stmcufinder\plugins\mcufinder//mcu/
2024-06-08 17:08:06,718 [INFO] DbMcusAds:125 - Set database path to: C:\Users\Nghia\.stmcufinder\plugins\mcufinder//mcu/
2024-06-08 17:08:06,719 [INFO] CrossReferenceDbSqlite:203 - Set database path to: C:\Users\Nghia\.stmcufinder\plugins\mcufinder//mcu/cs/
2024-06-08 17:08:06,842 [INFO] RulesReader:64 - Compatibility file has been processed (297 Rules)
2024-06-08 17:08:06,937 [INFO] DbMcusXml:78 - Set database path to: G:\stm32cubeide\stm32cubeide114\STM32CubeIDE_1.14.0\STM32CubeIDE\plugins\com.st.stm32cube.common.mx_6.10.0.202311202037\\db\/mcu/
2024-06-08 17:08:06,937 [INFO] ApiDb:274 - Set plugin database path to: G:\stm32cubeide\stm32cubeide114\STM32CubeIDE_1.14.0\STM32CubeIDE\plugins\com.st.stm32cube.common.mx_6.10.0.202311202037\\db\/plugins/boardmanager/
2024-06-08 17:08:06,937 [INFO] ApiDb:261 - Set plugin images path to: G:\stm32cubeide\stm32cubeide114\STM32CubeIDE_1.14.0\STM32CubeIDE\plugins\com.st.stm32cube.common.mx_6.10.0.202311202037\\db\/plugins/mcufinder/images/
2024-06-08 17:08:06,937 [WARN] DbFile:41 - Overriding database path with different value: C:\Users\Nghia\.stmcufinder\plugins\mcufinder/ => C:\Users\Nghia\.stmcufinder\plugins\mcufinder
2024-06-08 17:08:06,937 [INFO] ApiDb:250 - Set database path to: C:\Users\Nghia\.stmcufinder\plugins\mcufinder//mcu/
2024-06-08 17:08:06,937 [WARN] DbFile:41 - Overriding database path with different value: C:\Users\Nghia\.stmcufinder\plugins\mcufinder/ => C:\Users\Nghia\.stmcufinder\plugins\mcufinder
2024-06-08 17:08:06,938 [INFO] DbMcusAds:125 - Set database path to: C:\Users\Nghia\.stmcufinder\plugins\mcufinder//mcu/
2024-06-08 17:08:06,938 [WARN] DbFile:41 - Overriding database path with different value: C:\Users\Nghia\.stmcufinder\plugins\mcufinder/ => C:\Users\Nghia\.stmcufinder\plugins\mcufinder
2024-06-08 17:08:06,938 [WARN] DbFile:41 - Overriding database path with different value: C:\Users\Nghia\.stmcufinder\plugins\mcufinder/ => C:\Users\Nghia\.stmcufinder\plugins\mcufinder
2024-06-08 17:08:06,938 [INFO] CrossReferenceDbSqlite:203 - Set database path to: C:\Users\Nghia\.stmcufinder\plugins\mcufinder//mcu/cs/
2024-06-08 17:08:07,024 [INFO] MainPanel:264 - HeapMemory: 268435456
2024-06-08 17:08:07,139 [INFO] DbMcusXml:78 - Set database path to: G:\stm32cubeide\stm32cubeide114\STM32CubeIDE_1.14.0\STM32CubeIDE\plugins\com.st.stm32cube.common.mx_6.10.0.202311202037\\db\/mcu/
2024-06-08 17:08:07,139 [INFO] ApiDb:274 - Set plugin database path to: G:\stm32cubeide\stm32cubeide114\STM32CubeIDE_1.14.0\STM32CubeIDE\plugins\com.st.stm32cube.common.mx_6.10.0.202311202037\\db\/plugins/boardmanager/
2024-06-08 17:08:07,139 [INFO] ApiDb:261 - Set plugin images path to: G:\stm32cubeide\stm32cubeide114\STM32CubeIDE_1.14.0\STM32CubeIDE\plugins\com.st.stm32cube.common.mx_6.10.0.202311202037\\db\/plugins/mcufinder/images/
2024-06-08 17:08:07,140 [WARN] DbFile:41 - Overriding database path with different value: C:\Users\Nghia\.stmcufinder\plugins\mcufinder/ => C:\Users\Nghia\.stmcufinder\plugins\mcufinder
2024-06-08 17:08:07,140 [INFO] ApiDb:250 - Set database path to: C:\Users\Nghia\.stmcufinder\plugins\mcufinder//mcu/
2024-06-08 17:08:07,140 [WARN] DbFile:41 - Overriding database path with different value: C:\Users\Nghia\.stmcufinder\plugins\mcufinder/ => C:\Users\Nghia\.stmcufinder\plugins\mcufinder
2024-06-08 17:08:07,140 [INFO] DbMcusAds:125 - Set database path to: C:\Users\Nghia\.stmcufinder\plugins\mcufinder//mcu/
2024-06-08 17:08:07,140 [WARN] DbFile:41 - Overriding database path with different value: C:\Users\Nghia\.stmcufinder\plugins\mcufinder/ => C:\Users\Nghia\.stmcufinder\plugins\mcufinder
2024-06-08 17:08:07,140 [WARN] DbFile:41 - Overriding database path with different value: C:\Users\Nghia\.stmcufinder\plugins\mcufinder/ => C:\Users\Nghia\.stmcufinder\plugins\mcufinder
2024-06-08 17:08:07,140 [INFO] CrossReferenceDbSqlite:203 - Set database path to: C:\Users\Nghia\.stmcufinder\plugins\mcufinder//mcu/cs/
2024-06-08 17:08:07,160 [INFO] ApplicationProperties:184 - Using Application install path: G:\stm32cubeide\stm32cubeide114\STM32CubeIDE_1.14.0\STM32CubeIDE\plugins\com.st.stm32cube.common.mx_6.10.0.202311202037
2024-06-08 17:08:07,162 [INFO] PluginManage:196 - Search for loadable plugins [exclusion list=, ]
2024-06-08 17:08:07,163 [INFO] PluginManage:310 - Check plugin analytics
2024-06-08 17:08:12,274 [INFO] AnalyticsPlugin:253 - Accepted Software Licenses: STM32CubeMX.6.8.0,STM32CubeMX.6.1.1
2024-06-08 17:08:12,274 [INFO] AnalyticsPlugin:255 - Accepted CMSIS Pack Licenses: 
2024-06-08 17:08:12,275 [INFO] AnalyticsPlugin:257 - Accepted Firmware Licenses: FW.F4.1.27.0,FW.F4.1.28.0
2024-06-08 17:08:12,277 [INFO] PluginManage:359 - Loaded plugin analytics (category:tool,tabindex:-1)
2024-06-08 17:08:12,278 [INFO] PluginManage:310 - Check plugin cadmodel
2024-06-08 17:08:12,293 [INFO] CADModel:105 - Init CAD model plugin
2024-06-08 17:08:12,293 [INFO] PluginManage:359 - Loaded plugin cadmodel (category:power,tabindex:5)
2024-06-08 17:08:12,293 [INFO] PluginManage:310 - Check plugin clock
2024-06-08 17:08:12,312 [INFO] PluginManage:359 - Loaded plugin clock (category:base,tabindex:2)
2024-06-08 17:08:12,312 [INFO] PluginManage:310 - Check plugin ddr
2024-06-08 17:08:12,314 [INFO] PluginManage:359 - Loaded plugin ddr (category:tool,tabindex:6)
2024-06-08 17:08:12,314 [INFO] PluginManage:310 - Check plugin filemanager
2024-06-08 17:08:12,456 [INFO] PluginManage:359 - Loaded plugin filemanager (category:base,tabindex:10)
2024-06-08 17:08:12,457 [INFO] PluginManage:310 - Check plugin ipmanager
2024-06-08 17:08:12,464 [INFO] PluginManage:359 - Loaded plugin ipmanager (category:base,tabindex:5)
2024-06-08 17:08:12,464 [INFO] PluginManage:310 - Check plugin lpbam
2024-06-08 17:08:12,482 [INFO] PluginManage:359 - Loaded plugin lpbam (category:base,tabindex:0)
2024-06-08 17:08:12,482 [INFO] PluginManage:310 - Check plugin memorymap
2024-06-08 17:08:12,512 [INFO] PluginManage:359 - Loaded plugin memorymap (category:base,tabindex:4)
2024-06-08 17:08:12,513 [INFO] PluginManage:310 - Check plugin pinoutandconfiguration
2024-06-08 17:08:12,529 [INFO] PluginManage:359 - Loaded plugin pinoutandconfiguration (category:base,tabindex:1)
2024-06-08 17:08:12,529 [INFO] PluginManage:310 - Check plugin pinoutconfig
2024-06-08 17:08:12,635 [WARN] SupportedApi:132 - Cannot load RTOS API schema: s4s-elt-must-match.1: The content of 'definitions' must match (annotation?, (simpleType | complexType)?, (unique | key | keyref)*)). A problem was found starting at: attribute.
2024-06-08 17:08:12,778 [INFO] PluginManage:359 - Loaded plugin pinoutconfig (category:base,tabindex:0)
2024-06-08 17:08:12,778 [INFO] PluginManage:310 - Check plugin power
2024-06-08 17:08:12,798 [INFO] PluginManage:359 - Loaded plugin power (category:power,tabindex:4)
2024-06-08 17:08:12,798 [INFO] PluginManage:310 - Check plugin projectmanager
2024-06-08 17:08:12,813 [INFO] PluginManage:359 - Loaded plugin projectmanager (category:projectmanager,tabindex:3)
2024-06-08 17:08:12,813 [INFO] PluginManage:310 - Check plugin thirdparty
2024-06-08 17:08:13,067 [INFO] PluginManage:359 - Loaded plugin thirdparty (category:base,tabindex:-1)
2024-06-08 17:08:13,067 [WARN] IntegrityCheckThread:84 - waiting for thirdparty lock release [integrity check]
2024-06-08 17:08:13,067 [INFO] PluginManage:310 - Check plugin tools
2024-06-08 17:08:13,067 [INFO] IntegrityCheckThread:86 - entering critical section [integrity check]
2024-06-08 17:08:13,068 [INFO] ThirdPartyUpdaterWithRetryManager:70 - Updater plugin not ready yet. [1/15]
2024-06-08 17:08:13,103 [INFO] PluginManage:359 - Loaded plugin tools (category:base,tabindex:7)
2024-06-08 17:08:13,103 [INFO] PluginManage:310 - Check plugin tutovideos
2024-06-08 17:08:13,292 [INFO] PluginManage:359 - Loaded plugin tutovideos (category:base,tabindex:-1)
2024-06-08 17:08:13,293 [INFO] PluginManage:310 - Check plugin updater
2024-06-08 17:08:13,303 [INFO] PluginManage:359 - Loaded plugin updater (category:base,tabindex:12)
2024-06-08 17:08:13,303 [INFO] PluginManage:310 - Check plugin userauth
2024-06-08 17:08:13,308 [INFO] UserAuth:114 - Init User Auth plugin
2024-06-08 17:08:13,308 [INFO] PluginManage:359 - Loaded plugin userauth (category:base,tabindex:14)
2024-06-08 17:08:13,309 [INFO] PluginManage:283 - PluginManage : Loaded plugins [17]
2024-06-08 17:08:13,549 [INFO] PinOutPanel:1499 - setPackage(No Configuration,No Configuration)
2024-06-08 17:08:13,634 [INFO] CADModel:165 - CPN selected for project level
2024-06-08 17:08:13,634 [INFO] CADModel:114 - Register for checkConnection events
2024-06-08 17:08:13,660 [INFO] IPUIPlugin:80 - create IPUIPlugin
2024-06-08 17:08:13,660 [INFO] PluginManager:220 - loadIPPluginJar : add adc
2024-06-08 17:08:13,694 [INFO] IPUIPlugin:80 - create IPUIPlugin
2024-06-08 17:08:13,694 [INFO] PluginManager:220 - loadIPPluginJar : add aes
2024-06-08 17:08:13,747 [INFO] IPUIPlugin:80 - create IPUIPlugin
2024-06-08 17:08:13,747 [INFO] PluginManager:220 - loadIPPluginJar : add can
2024-06-08 17:08:13,772 [INFO] IPUIPlugin:80 - create IPUIPlugin
2024-06-08 17:08:13,772 [INFO] PluginManager:220 - loadIPPluginJar : add comp
2024-06-08 17:08:13,808 [INFO] IPUIPlugin:80 - create IPUIPlugin
2024-06-08 17:08:13,808 [INFO] PluginManager:220 - loadIPPluginJar : add cryp
2024-06-08 17:08:13,839 [INFO] IPUIPlugin:80 - create IPUIPlugin
2024-06-08 17:08:13,839 [INFO] PluginManager:220 - loadIPPluginJar : add dfsdm
2024-06-08 17:08:13,854 [INFO] IPUIPlugin:80 - create IPUIPlugin
2024-06-08 17:08:13,854 [INFO] PluginManager:220 - loadIPPluginJar : add dma
2024-06-08 17:08:13,912 [INFO] IPUIPlugin:80 - create IPUIPlugin
2024-06-08 17:08:13,912 [INFO] PluginManager:220 - loadIPPluginJar : add dma3
2024-06-08 17:08:13,940 [INFO] IPUIPlugin:80 - create IPUIPlugin
2024-06-08 17:08:13,940 [INFO] PluginManager:220 - loadIPPluginJar : add fatfs
2024-06-08 17:08:14,011 [INFO] IPUIPlugin:80 - create IPUIPlugin
2024-06-08 17:08:14,011 [INFO] PluginManager:220 - loadIPPluginJar : add fmc
2024-06-08 17:08:14,033 [INFO] IPUIPlugin:80 - create IPUIPlugin
2024-06-08 17:08:14,033 [INFO] PluginManager:220 - loadIPPluginJar : add freertos
2024-06-08 17:08:14,077 [INFO] IPUIPlugin:80 - create IPUIPlugin
2024-06-08 17:08:14,077 [INFO] PluginManager:220 - loadIPPluginJar : add genericplugin
2024-06-08 17:08:14,266 [INFO] IPUIPlugin:80 - create IPUIPlugin
2024-06-08 17:08:14,266 [INFO] PluginManager:220 - loadIPPluginJar : add gfxmmu
2024-06-08 17:08:14,440 [INFO] IPUIPlugin:80 - create IPUIPlugin
2024-06-08 17:08:14,441 [INFO] PluginManager:220 - loadIPPluginJar : add gic
2024-06-08 17:08:14,453 [INFO] IPUIPlugin:80 - create IPUIPlugin
2024-06-08 17:08:14,453 [INFO] PluginManager:220 - loadIPPluginJar : add gpio
2024-06-08 17:08:14,550 [INFO] IPUIPlugin:80 - create IPUIPlugin
2024-06-08 17:08:14,550 [INFO] PluginManager:220 - loadIPPluginJar : add gtzc
2024-06-08 17:08:14,588 [INFO] IPUIPlugin:80 - create IPUIPlugin
2024-06-08 17:08:14,588 [INFO] PluginManager:220 - loadIPPluginJar : add hash
2024-06-08 17:08:14,655 [INFO] IPUIPlugin:80 - create IPUIPlugin
2024-06-08 17:08:14,655 [INFO] PluginManager:220 - loadIPPluginJar : add i2c
2024-06-08 17:08:14,698 [INFO] IPUIPlugin:80 - create IPUIPlugin
2024-06-08 17:08:14,698 [INFO] PluginManager:220 - loadIPPluginJar : add i2s
2024-06-08 17:08:14,765 [INFO] IPUIPlugin:80 - create IPUIPlugin
2024-06-08 17:08:14,765 [INFO] PluginManager:220 - loadIPPluginJar : add i3c
2024-06-08 17:08:14,942 [INFO] IPUIPlugin:80 - create IPUIPlugin
2024-06-08 17:08:14,943 [INFO] PluginManager:220 - loadIPPluginJar : add ipddr
2024-06-08 17:08:15,051 [INFO] IPUIPlugin:80 - create IPUIPlugin
2024-06-08 17:08:15,051 [INFO] PluginManager:220 - loadIPPluginJar : add linkedlist
2024-06-08 17:08:15,090 [INFO] IPUIPlugin:80 - create IPUIPlugin
2024-06-08 17:08:15,091 [INFO] PluginManager:220 - loadIPPluginJar : add lorawan
2024-06-08 17:08:15,129 [INFO] IPUIPlugin:80 - create IPUIPlugin
2024-06-08 17:08:15,129 [INFO] PluginManager:220 - loadIPPluginJar : add ltdc
2024-06-08 17:08:15,142 [INFO] IPUIPlugin:80 - create IPUIPlugin
2024-06-08 17:08:15,142 [INFO] PluginManager:220 - loadIPPluginJar : add mdma
2024-06-08 17:08:15,153 [INFO] IPUIPlugin:80 - create IPUIPlugin
2024-06-08 17:08:15,153 [INFO] PluginManager:220 - loadIPPluginJar : add nvic
2024-06-08 17:08:15,188 [INFO] IPUIPlugin:80 - create IPUIPlugin
2024-06-08 17:08:15,189 [INFO] PluginManager:220 - loadIPPluginJar : add opamp
2024-06-08 17:08:15,248 [INFO] IPUIPlugin:80 - create IPUIPlugin
2024-06-08 17:08:15,248 [INFO] PluginManager:220 - loadIPPluginJar : add openamp
2024-06-08 17:08:15,290 [INFO] IPUIPlugin:80 - create IPUIPlugin
2024-06-08 17:08:15,291 [INFO] PluginManager:220 - loadIPPluginJar : add pdm2pcm
2024-06-08 17:08:15,302 [INFO] IPUIPlugin:80 - create IPUIPlugin
2024-06-08 17:08:15,304 [INFO] PluginManager:220 - loadIPPluginJar : add plateformsettings
2024-06-08 17:08:15,326 [INFO] IPUIPlugin:80 - create IPUIPlugin
2024-06-08 17:08:15,327 [INFO] PluginManager:220 - loadIPPluginJar : add quadspi
2024-06-08 17:08:15,338 [INFO] IPUIPlugin:80 - create IPUIPlugin
2024-06-08 17:08:15,338 [INFO] PluginManager:220 - loadIPPluginJar : add resmgrutility
2024-06-08 17:08:15,392 [INFO] IPUIPlugin:80 - create IPUIPlugin
2024-06-08 17:08:15,392 [INFO] PluginManager:220 - loadIPPluginJar : add sai
2024-06-08 17:08:15,434 [INFO] IPUIPlugin:80 - create IPUIPlugin
2024-06-08 17:08:15,434 [INFO] PluginManager:220 - loadIPPluginJar : add spi
2024-06-08 17:08:15,511 [INFO] IPUIPlugin:80 - create IPUIPlugin
2024-06-08 17:08:15,511 [INFO] PluginManager:220 - loadIPPluginJar : add stm32_wpan
2024-06-08 17:08:15,539 [INFO] IPUIPlugin:80 - create IPUIPlugin
2024-06-08 17:08:15,540 [INFO] PluginManager:220 - loadIPPluginJar : add tim
2024-06-08 17:08:15,611 [INFO] IPUIPlugin:80 - create IPUIPlugin
2024-06-08 17:08:15,612 [INFO] PluginManager:220 - loadIPPluginJar : add touchsensing
2024-06-08 17:08:15,639 [INFO] IPUIPlugin:80 - create IPUIPlugin
2024-06-08 17:08:15,640 [INFO] PluginManager:220 - loadIPPluginJar : add tracer_emb
2024-06-08 17:08:15,663 [INFO] IPUIPlugin:80 - create IPUIPlugin
2024-06-08 17:08:15,663 [INFO] PluginManager:220 - loadIPPluginJar : add ts
2024-06-08 17:08:15,685 [INFO] IPUIPlugin:80 - create IPUIPlugin
2024-06-08 17:08:15,686 [INFO] PluginManager:220 - loadIPPluginJar : add tsc
2024-06-08 17:08:15,711 [INFO] IPUIPlugin:80 - create IPUIPlugin
2024-06-08 17:08:15,711 [INFO] PluginManager:220 - loadIPPluginJar : add ucpd
2024-06-08 17:08:15,762 [INFO] IPUIPlugin:80 - create IPUIPlugin
2024-06-08 17:08:15,763 [INFO] PluginManager:220 - loadIPPluginJar : add usart
2024-06-08 17:08:15,824 [INFO] IPUIPlugin:80 - create IPUIPlugin
2024-06-08 17:08:15,824 [INFO] PluginManager:220 - loadIPPluginJar : add usbx
2024-06-08 17:08:15,976 [INFO] CADModel:165 - CPN selected for project level
2024-06-08 17:08:15,976 [INFO] CADModel:114 - Register for checkConnection events
2024-06-08 17:08:15,977 [FATAL] Updater:308 - Updater called before beeing initialized
2024-06-08 17:08:15,977 [ERROR] CADModel:125 - Updater not yet initialized, retry later 
2024-06-08 17:08:16,070 [INFO] ThirdPartyUpdaterWithRetryManager:70 - Updater plugin not ready yet. [2/15]
2024-06-08 17:08:16,197 [INFO] CADModel:165 - CPN selected for project level
2024-06-08 17:08:16,198 [INFO] CADModel:114 - Register for checkConnection events
2024-06-08 17:08:16,198 [FATAL] Updater:308 - Updater called before beeing initialized
2024-06-08 17:08:16,198 [ERROR] CADModel:125 - Updater not yet initialized, retry later 
2024-06-08 17:08:16,202 [FATAL] Updater:308 - Updater called before beeing initialized
2024-06-08 17:08:16,364 [FATAL] Updater:308 - Updater called before beeing initialized
2024-06-08 17:08:16,380 [INFO] DbMcusAds:53 - JSON generation date=Wed Nov 29 17:52:27 ICT 2023 (1701255147349)
2024-06-08 17:08:16,380 [FATAL] Updater:308 - Updater called before beeing initialized
2024-06-08 17:08:16,492 [WARN] DetailPanel:346 - Failed to get advertising image, set to default
2024-06-08 17:08:16,620 [FATAL] Updater:308 - Updater called before beeing initialized
2024-06-08 17:08:16,621 [FATAL] Updater:308 - Updater called before beeing initialized
2024-06-08 17:08:16,621 [FATAL] Updater:308 - Updater called before beeing initialized
2024-06-08 17:08:16,621 [WARN] DetailPanel:346 - Failed to get advertising image, set to default
2024-06-08 17:08:16,622 [FATAL] Updater:308 - Updater called before beeing initialized
2024-06-08 17:08:16,684 [ERROR] Updater:1120 - MainUpdater not yet initialized. External WinMGr cannot be set.
2024-06-08 17:08:16,696 [INFO] Updater:1056 - Updater Version found : 6.10.0
2024-06-08 17:08:16,710 [INFO] ApplicationProperties:184 - Using Application install path: G:\stm32cubeide\stm32cubeide114\STM32CubeIDE_1.14.0\STM32CubeIDE\plugins\com.st.stm32cube.common.mx_6.10.0.202311202037
2024-06-08 17:08:17,397 [INFO] MainUpdater:2873 - connection check result : 10
2024-06-08 17:08:17,397 [INFO] MainUpdater:290 - Updater Check For Update Now.
2024-06-08 17:08:17,397 [INFO] MicroXplorer:498 - Change Database Version : DB.6.0.100
2024-06-08 17:08:17,416 [INFO] McuFinderGlobals:63 - Set McuFinder mode to 2 (CubeIDE integrated)
2024-06-08 17:08:17,619 [INFO] CheckServerUpdateThread:120 - End of CheckServer Thread
2024-06-08 17:08:18,051 [INFO] UserAuth:404 - Internet connection configuration mode: 1
2024-06-08 17:08:18,073 [INFO] JxBrowserEngine:152 - Initiate JxBrowser Engine with user profile folder
2024-06-08 17:08:19,289 [WARN] PackLoader:240 - Cannot read IP mode file for STMicroelectronics.FP-SNS-MOTENVWB1.1.4.0
2024-06-08 17:08:19,315 [WARN] PackLoader:240 - Cannot read IP mode file for STMicroelectronics.X-CUBE-SMBUS.2.1.0
2024-06-08 17:08:19,334 [WARN] PackLoader:240 - Cannot read IP mode file for STMicroelectronics.X-CUBE-TOUCHGFX.4.23.1
2024-06-08 17:08:19,351 [WARN] PackLoader:240 - Cannot read IP mode file for STMicroelectronics.X-CUBE-TOUCHGFX.4.23.0
2024-06-08 17:08:19,367 [WARN] PackLoader:240 - Cannot read IP mode file for STMicroelectronics.X-CUBE-TOUCHGFX.4.23.2
2024-06-08 17:08:19,434 [WARN] PackLoader:240 - Cannot read IP mode file for STMicroelectronics.X-CUBE-AZRTOS-F7.1.1.0
2024-06-08 17:08:19,462 [WARN] PackLoader:240 - Cannot read IP mode file for STMicroelectronics.FP-SNS-MOTENV1.4.3.2
2024-06-08 17:08:19,484 [WARN] PackLoader:240 - Cannot read IP mode file for STMicroelectronics.FP-SNS-FLIGHT1.5.0.2
2024-06-08 17:08:19,519 [WARN] PackLoader:240 - Cannot read IP mode file for STMicroelectronics.X-CUBE-DISPLAY.3.0.0
2024-06-08 17:08:19,549 [WARN] PackLoader:240 - Cannot read IP mode file for STMicroelectronics.X-CUBE-BLE1.7.0.0
2024-06-08 17:08:19,568 [WARN] PackLoader:240 - Cannot read IP mode file for emotas.I-CUBE-CANOPEN.1.3.0
2024-06-08 17:08:19,588 [WARN] PackLoader:240 - Cannot read IP mode file for STMicroelectronics.X-CUBE-TOUCHGFX.4.22.1
2024-06-08 17:08:19,670 [WARN] PackLoader:240 - Cannot read IP mode file for STMicroelectronics.X-CUBE-BLEMGR.3.1.0
2024-06-08 17:08:19,686 [WARN] PackLoader:240 - Cannot read IP mode file for STMicroelectronics.FP-SNS-SMARTAG2.1.2.0
2024-06-08 17:08:19,711 [INFO] LogOutputStream:77 - [STDOUT_REDIRECT] 1 : Invalid condition id : UX_CORESTACK_Condition cause : null
2024-06-08 17:08:19,711 [INFO] LogOutputStream:77 - [STDOUT_REDIRECT] 1 : Invalid condition id : UX_CORESTACK_Condition cause : null
2024-06-08 17:08:19,713 [INFO] LogOutputStream:77 - [STDOUT_REDIRECT] 1 : Invalid condition id : UX_CORESTACK_Condition cause : null
2024-06-08 17:08:19,714 [INFO] LogOutputStream:77 - [STDOUT_REDIRECT] 1 : Invalid condition id : UX_CORESTACK_Condition cause : null
2024-06-08 17:08:19,716 [INFO] LogOutputStream:77 - [STDOUT_REDIRECT] 1 : Invalid condition id : UX_CORESTACK_Condition cause : null
2024-06-08 17:08:19,718 [WARN] PackLoader:240 - Cannot read IP mode file for STMicroelectronics.X-CUBE-AZRTOS-WL.2.0.0
2024-06-08 17:08:19,836 [WARN] PackLoader:240 - Cannot read IP mode file for STMicroelectronics.FP-SNS-MOTENV1.5.0.0
2024-06-08 17:08:19,905 [WARN] PackLoader:240 - Cannot read IP mode file for WES.I-CUBE-Cesium.1.3.0
2024-06-08 17:08:19,922 [WARN] PackLoader:240 - Cannot read IP mode file for STMicroelectronics.X-CUBE-BLE2.3.3.0
2024-06-08 17:08:19,941 [WARN] PackLoader:240 - Cannot read IP mode file for STMicroelectronics.X-CUBE-TCPP.4.1.0
2024-06-08 17:08:19,966 [WARN] PackLoader:240 - Cannot read IP mode file for STMicroelectronics.X-CUBE-ALGOBUILD.1.3.0
2024-06-08 17:08:20,009 [WARN] PackLoader:240 - Cannot read IP mode file for STMicroelectronics.X-CUBE-AZRTOS-G0.1.1.0
2024-06-08 17:08:20,032 [WARN] PackLoader:240 - Cannot read IP mode file for STMicroelectronics.X-CUBE-SAFEA1.1.2.2
2024-06-08 17:08:20,062 [WARN] PackLoader:240 - Cannot read IP mode file for STMicroelectronics.X-CUBE-NFC4.3.0.0
2024-06-08 17:08:20,100 [WARN] PackLoader:240 - Cannot read IP mode file for wolfSSL.I-CUBE-wolfMQTT.1.18.0
2024-06-08 17:08:20,141 [WARN] PackLoader:240 - Cannot read IP mode file for STMicroelectronics.X-CUBE-BLEMGR.3.0.0
2024-06-08 17:08:20,214 [WARN] PackLoader:240 - Cannot read IP mode file for STMicroelectronics.FP-ATR-SIGFOX1.3.2.0
2024-06-08 17:08:20,316 [WARN] PackLoader:240 - Cannot read IP mode file for STMicroelectronics.X-CUBE-EEPRMA1.5.1.0
2024-06-08 17:08:20,385 [WARN] PackLoader:240 - Cannot read IP mode file for SEGGER.I-CUBE-embOS.1.3.1
2024-06-08 17:08:20,484 [WARN] PackLoader:240 - Cannot read IP mode file for STMicroelectronics.X-CUBE-ALGOBUILD.1.4.0
2024-06-08 17:08:20,560 [WARN] PackLoader:240 - Cannot read IP mode file for STMicroelectronics.X-CUBE-GNSS1.6.0.0
2024-06-08 17:08:20,618 [WARN] PackLoader:240 - Cannot read IP mode file for STMicroelectronics.X-CUBE-AZRTOS-F4.1.1.0
2024-06-08 17:08:20,646 [WARN] PackLoader:240 - Cannot read IP mode file for wolfSSL.I-CUBE-wolfSSL.5.6.3
2024-06-08 17:08:20,667 [INFO] WebApp:161 - Instantiating new browser for Auth
2024-06-08 17:08:20,669 [WARN] PackLoader:240 - Cannot read IP mode file for STMicroelectronics.X-CUBE-FREERTOS.1.2.0
2024-06-08 17:08:20,715 [WARN] PackLoader:240 - Cannot read IP mode file for STMicroelectronics.X-CUBE-AZRTOS-L5.2.0.0
2024-06-08 17:08:20,797 [WARN] PackLoader:240 - Cannot read IP mode file for STMicroelectronics.X-CUBE-MEMS1.9.6.0
2024-06-08 17:08:21,044 [WARN] PackLoader:240 - Cannot read IP mode file for STMicroelectronics.X-CUBE-EEPRMA1.4.2.0
2024-06-08 17:08:21,108 [WARN] PackLoader:240 - Cannot read IP mode file for STMicroelectronics.X-CUBE-NFC6.3.1.0
2024-06-08 17:08:21,134 [WARN] PackLoader:240 - Cannot read IP mode file for ITTIA_DB.I-CUBE-ITTIADB.8.8.0
2024-06-08 17:08:21,159 [WARN] PackLoader:240 - Cannot read IP mode file for STMicroelectronics.X-CUBE-BLEMGR.2.0.0
2024-06-08 17:08:21,188 [WARN] PackLoader:240 - Cannot read IP mode file for STMicroelectronics.X-CUBE-AI.9.0.0
2024-06-08 17:08:21,231 [WARN] ConditionMgr:438 - getConditionDescription Invalid condition id : UX DEVICE CLASS RTOS Condition cause : null
2024-06-08 17:08:21,231 [WARN] ConditionMgr:438 - getConditionDescription Invalid condition id : UX DEVICE CLASS RTOS Condition cause : null
2024-06-08 17:08:21,246 [WARN] PackLoader:240 - Cannot read IP mode file for STMicroelectronics.X-CUBE-AZRTOS-H7.3.1.0
2024-06-08 17:08:21,247 [WARN] ConditionMgr:1039 - genDependencies : Invalid condition id : UX DEVICE CLASS RTOS Condition cause : null
2024-06-08 17:08:21,248 [WARN] ConditionMgr:1039 - genDependencies : Invalid condition id : UX DEVICE CLASS RTOS Condition cause : null
2024-06-08 17:08:21,249 [WARN] ConditionMgr:1039 - genDependencies : Invalid condition id : UX DEVICE CLASS RTOS Condition cause : null
2024-06-08 17:08:21,249 [WARN] ConditionMgr:1039 - genDependencies : Invalid condition id : UX DEVICE CLASS RTOS Condition cause : null
2024-06-08 17:08:21,249 [WARN] ConditionMgr:1039 - genDependencies : Invalid condition id : UX DEVICE CLASS RTOS Condition cause : null
2024-06-08 17:08:21,285 [WARN] PackLoader:240 - Cannot read IP mode file for STMicroelectronics.X-CUBE-NFC7.1.0.1
2024-06-08 17:08:21,312 [WARN] PackLoader:240 - Cannot read IP mode file for STMicroelectronics.X-CUBE-NFC6.3.0.0
2024-06-08 17:08:21,337 [WARN] PackLoader:240 - Cannot read IP mode file for STMicroelectronics.X-CUBE-EEPRMA1.4.1.0
2024-06-08 17:08:21,357 [WARN] PackLoader:240 - Cannot read IP mode file for STMicroelectronics.X-CUBE-AI.8.1.0
2024-06-08 17:08:21,427 [WARN] ConditionMgr:438 - getConditionDescription Invalid condition id : LAN8742 Phy interface Condition cause : null
2024-06-08 17:08:21,432 [WARN] PackLoader:240 - Cannot read IP mode file for STMicroelectronics.X-CUBE-AZRTOS-L4.2.0.0
2024-06-08 17:08:21,435 [WARN] ConditionMgr:1039 - genDependencies : Invalid condition id : LAN8742 Phy interface Condition cause : null
2024-06-08 17:08:21,436 [WARN] ConditionMgr:1039 - genDependencies : Invalid condition id : LAN8742 Phy interface Condition cause : null
2024-06-08 17:08:21,436 [WARN] ConditionMgr:1039 - genDependencies : Invalid condition id : LAN8742 Phy interface Condition cause : null
2024-06-08 17:08:21,462 [WARN] PackLoader:240 - Cannot read IP mode file for STMicroelectronics.X-CUBE-SFXS2LP1.4.0.0
2024-06-08 17:08:21,487 [WARN] PackLoader:240 - Cannot read IP mode file for STMicroelectronics.X-CUBE-ISPU.1.1.0
2024-06-08 17:08:21,519 [WARN] ConditionMgr:438 - getConditionDescription Invalid condition id : UX DEVICE CLASS RTOS Condition cause : null
2024-06-08 17:08:21,519 [WARN] ConditionMgr:438 - getConditionDescription Invalid condition id : UX DEVICE CLASS RTOS Condition cause : null
2024-06-08 17:08:21,522 [WARN] PackLoader:240 - Cannot read IP mode file for STMicroelectronics.X-CUBE-AZRTOS-WB.2.0.0
2024-06-08 17:08:21,523 [WARN] ConditionMgr:1039 - genDependencies : Invalid condition id : UX DEVICE CLASS RTOS Condition cause : null
2024-06-08 17:08:21,523 [WARN] ConditionMgr:1039 - genDependencies : Invalid condition id : UX DEVICE CLASS RTOS Condition cause : null
2024-06-08 17:08:21,524 [WARN] ConditionMgr:1039 - genDependencies : Invalid condition id : UX DEVICE CLASS RTOS Condition cause : null
2024-06-08 17:08:21,524 [WARN] ConditionMgr:1039 - genDependencies : Invalid condition id : UX DEVICE CLASS RTOS Condition cause : null
2024-06-08 17:08:21,524 [WARN] ConditionMgr:1039 - genDependencies : Invalid condition id : UX DEVICE CLASS RTOS Condition cause : null
2024-06-08 17:08:21,558 [WARN] PackLoader:240 - Cannot read IP mode file for STMicroelectronics.X-CUBE-SUBG2.5.0.0
2024-06-08 17:08:21,594 [WARN] PackLoader:240 - Cannot read IP mode file for STMicroelectronics.X-CUBE-TOF1.3.3.1
2024-06-08 17:08:21,636 [WARN] PackLoader:240 - Cannot read IP mode file for STMicroelectronics.X-CUBE-AZRTOS-G4.2.0.0
2024-06-08 17:08:21,668 [WARN] PackLoader:240 - Cannot read IP mode file for Infineon.AIROC-Wi-Fi-Bluetooth-STM32.1.5.1
2024-06-08 17:08:21,688 [WARN] PackLoader:240 - Cannot read IP mode file for STMicroelectronics.FP-SNS-MOTENVWB1.1.3.0
2024-06-08 17:08:21,702 [WARN] PackLoader:240 - Cannot read IP mode file for STMicroelectronics.FP-SNS-MOTENVWB1.1.3.1
2024-06-08 17:08:21,719 [WARN] PackLoader:240 - Cannot read IP mode file for STMicroelectronics.X-CUBE-ISPU.2.0.0
2024-06-08 17:08:21,745 [WARN] PackLoader:240 - Cannot read IP mode file for STMicroelectronics.X-CUBE-ALS.1.0.2
2024-06-08 17:08:21,814 [WARN] PackLoader:240 - Cannot read IP mode file for STMicroelectronics.X-CUBE-MEMS1.10.0.0
2024-06-08 17:08:21,833 [INFO] WebApp:780 - Register for checkConnection events
2024-06-08 17:08:21,833 [INFO] WebApp:414 - Apply proxy settings
2024-06-08 17:08:21,834 [INFO] WebApp:499 - Chromium requires no authentication
2024-06-08 17:08:21,844 [INFO] WebApp:442 - Direct internet connection detected
2024-06-08 17:08:21,931 [WARN] PackLoader:240 - Cannot read IP mode file for STMicroelectronics.X-CUBE-FREERTOS.1.1.0
2024-06-08 17:08:21,949 [WARN] PackLoader:240 - Cannot read IP mode file for portGmbH.I-Cube-SoM-uGOAL.1.1.0
2024-06-08 17:08:21,962 [WARN] PackLoader:240 - Cannot read IP mode file for STMicroelectronics.X-CUBE-ALS.1.0.1
2024-06-08 17:08:22,001 [WARN] PackLoader:240 - Cannot read IP mode file for STMicroelectronics.X-CUBE-AZRTOS-H7RS.1.0.0
2024-06-08 17:08:22,018 [WARN] PackLoader:240 - Cannot read IP mode file for STMicroelectronics.FP-ATR-ASTRA1.2.0.0
2024-06-08 17:08:22,044 [WARN] PackLoader:240 - Cannot read IP mode file for STMicroelectronics.X-CUBE-TOF1.3.4.0
2024-06-08 17:08:22,076 [WARN] PackLoader:240 - Cannot read IP mode file for STMicroelectronics.X-CUBE-TOF1.3.4.1
2024-06-08 17:08:22,107 [INFO] WebApp:192 - Starting web application
2024-06-08 17:08:22,107 [INFO] WebApp:544 - Web application path used G:\stm32cubeide\stm32cubeide114\STM32CubeIDE_1.14.0\STM32CubeIDE\plugins\com.st.stm32cube.common.mx_6.10.0.202311202037\db\plugins\mcufinder\reactClient1\index.html
2024-06-08 17:08:22,125 [WARN] PackLoader:240 - Cannot read IP mode file for STMicroelectronics.X-CUBE-AZRTOS-H7.3.2.0
2024-06-08 17:08:22,129 [INFO] ThirdParty:978 - Integrity check success = true
2024-06-08 17:08:22,129 [INFO] IntegrityCheckThread:100 - exiting critical section [integrity check]
2024-06-08 17:08:22,129 [INFO] IntegrityCheckThread:103 - End integrity checks thread
2024-06-08 17:08:43,253 [ERROR] LogOutputStream:75 - [STDERR_REDIRECT] SLF4J: Failed to load class "org.slf4j.impl.StaticLoggerBinder".
2024-06-08 17:08:43,254 [ERROR] LogOutputStream:75 - [STDERR_REDIRECT] SLF4J: Defaulting to no-operation (NOP) logger implementation
2024-06-08 17:08:43,255 [ERROR] LogOutputStream:75 - [STDERR_REDIRECT] SLF4J: See http://www.slf4j.org/codes.html#StaticLoggerBinder for further details.
