2024-06-16 16:06:03,752 [INFO] Activator:176 - 


2024-06-16 16:06:03,758 [INFO] Activator:177 - !SESSION log4j initialized
2024-06-16 16:06:12,096 [INFO] LogOutputStream:77 - [STDOUT_REDIRECT] 
2024-06-16 16:06:19,277 [INFO] ApplicationProperties:184 - Using Application install path: G:\stm32cubeide\stm32cubeide114\STM32CubeIDE_1.14.0\STM32CubeIDE\plugins\com.st.stm32cube.common.mx_6.10.0.202311202037
2024-06-16 16:06:19,307 [INFO] DbMcusXml:78 - Set database path to: G:\stm32cubeide\stm32cubeide114\STM32CubeIDE_1.14.0\STM32CubeIDE\plugins\com.st.stm32cube.common.mx_6.10.0.202311202037\\db\/mcu/
2024-06-16 16:06:19,308 [INFO] ApiDb:274 - Set plugin database path to: G:\stm32cubeide\stm32cubeide114\STM32CubeIDE_1.14.0\STM32CubeIDE\plugins\com.st.stm32cube.common.mx_6.10.0.202311202037\\db\/plugins/boardmanager/
2024-06-16 16:06:19,309 [WARN] ApiDb:259 - Overriding images path with different value:  => G:\stm32cubeide\stm32cubeide114\STM32CubeIDE_1.14.0\STM32CubeIDE\plugins\com.st.stm32cube.common.mx_6.10.0.202311202037\\db\/plugins/mcufinder/images/
2024-06-16 16:06:19,328 [INFO] ApiDb:250 - Set database path to: C:\Users\Nghia\.stmcufinder\plugins\mcufinder//mcu/
2024-06-16 16:06:19,330 [INFO] DbMcusAds:125 - Set database path to: C:\Users\Nghia\.stmcufinder\plugins\mcufinder//mcu/
2024-06-16 16:06:19,331 [INFO] CrossReferenceDbSqlite:203 - Set database path to: C:\Users\Nghia\.stmcufinder\plugins\mcufinder//mcu/cs/
2024-06-16 16:06:19,486 [INFO] RulesReader:64 - Compatibility file has been processed (297 Rules)
2024-06-16 16:06:19,591 [INFO] DbMcusXml:78 - Set database path to: G:\stm32cubeide\stm32cubeide114\STM32CubeIDE_1.14.0\STM32CubeIDE\plugins\com.st.stm32cube.common.mx_6.10.0.202311202037\\db\/mcu/
2024-06-16 16:06:19,591 [INFO] ApiDb:274 - Set plugin database path to: G:\stm32cubeide\stm32cubeide114\STM32CubeIDE_1.14.0\STM32CubeIDE\plugins\com.st.stm32cube.common.mx_6.10.0.202311202037\\db\/plugins/boardmanager/
2024-06-16 16:06:19,591 [INFO] ApiDb:261 - Set plugin images path to: G:\stm32cubeide\stm32cubeide114\STM32CubeIDE_1.14.0\STM32CubeIDE\plugins\com.st.stm32cube.common.mx_6.10.0.202311202037\\db\/plugins/mcufinder/images/
2024-06-16 16:06:19,592 [WARN] DbFile:41 - Overriding database path with different value: C:\Users\Nghia\.stmcufinder\plugins\mcufinder/ => C:\Users\Nghia\.stmcufinder\plugins\mcufinder
2024-06-16 16:06:19,592 [INFO] ApiDb:250 - Set database path to: C:\Users\Nghia\.stmcufinder\plugins\mcufinder//mcu/
2024-06-16 16:06:19,592 [WARN] DbFile:41 - Overriding database path with different value: C:\Users\Nghia\.stmcufinder\plugins\mcufinder/ => C:\Users\Nghia\.stmcufinder\plugins\mcufinder
2024-06-16 16:06:19,592 [INFO] DbMcusAds:125 - Set database path to: C:\Users\Nghia\.stmcufinder\plugins\mcufinder//mcu/
2024-06-16 16:06:19,592 [WARN] DbFile:41 - Overriding database path with different value: C:\Users\Nghia\.stmcufinder\plugins\mcufinder/ => C:\Users\Nghia\.stmcufinder\plugins\mcufinder
2024-06-16 16:06:19,592 [WARN] DbFile:41 - Overriding database path with different value: C:\Users\Nghia\.stmcufinder\plugins\mcufinder/ => C:\Users\Nghia\.stmcufinder\plugins\mcufinder
2024-06-16 16:06:19,592 [INFO] CrossReferenceDbSqlite:203 - Set database path to: C:\Users\Nghia\.stmcufinder\plugins\mcufinder//mcu/cs/
2024-06-16 16:06:19,679 [INFO] MainPanel:264 - HeapMemory: 268435456
2024-06-16 16:06:19,788 [INFO] DbMcusXml:78 - Set database path to: G:\stm32cubeide\stm32cubeide114\STM32CubeIDE_1.14.0\STM32CubeIDE\plugins\com.st.stm32cube.common.mx_6.10.0.202311202037\\db\/mcu/
2024-06-16 16:06:19,788 [INFO] ApiDb:274 - Set plugin database path to: G:\stm32cubeide\stm32cubeide114\STM32CubeIDE_1.14.0\STM32CubeIDE\plugins\com.st.stm32cube.common.mx_6.10.0.202311202037\\db\/plugins/boardmanager/
2024-06-16 16:06:19,788 [INFO] ApiDb:261 - Set plugin images path to: G:\stm32cubeide\stm32cubeide114\STM32CubeIDE_1.14.0\STM32CubeIDE\plugins\com.st.stm32cube.common.mx_6.10.0.202311202037\\db\/plugins/mcufinder/images/
2024-06-16 16:06:19,788 [WARN] DbFile:41 - Overriding database path with different value: C:\Users\Nghia\.stmcufinder\plugins\mcufinder/ => C:\Users\Nghia\.stmcufinder\plugins\mcufinder
2024-06-16 16:06:19,788 [INFO] ApiDb:250 - Set database path to: C:\Users\Nghia\.stmcufinder\plugins\mcufinder//mcu/
2024-06-16 16:06:19,788 [WARN] DbFile:41 - Overriding database path with different value: C:\Users\Nghia\.stmcufinder\plugins\mcufinder/ => C:\Users\Nghia\.stmcufinder\plugins\mcufinder
2024-06-16 16:06:19,788 [INFO] DbMcusAds:125 - Set database path to: C:\Users\Nghia\.stmcufinder\plugins\mcufinder//mcu/
2024-06-16 16:06:19,788 [WARN] DbFile:41 - Overriding database path with different value: C:\Users\Nghia\.stmcufinder\plugins\mcufinder/ => C:\Users\Nghia\.stmcufinder\plugins\mcufinder
2024-06-16 16:06:19,788 [WARN] DbFile:41 - Overriding database path with different value: C:\Users\Nghia\.stmcufinder\plugins\mcufinder/ => C:\Users\Nghia\.stmcufinder\plugins\mcufinder
2024-06-16 16:06:19,788 [INFO] CrossReferenceDbSqlite:203 - Set database path to: C:\Users\Nghia\.stmcufinder\plugins\mcufinder//mcu/cs/
2024-06-16 16:06:19,814 [INFO] ApplicationProperties:184 - Using Application install path: G:\stm32cubeide\stm32cubeide114\STM32CubeIDE_1.14.0\STM32CubeIDE\plugins\com.st.stm32cube.common.mx_6.10.0.202311202037
2024-06-16 16:06:19,815 [INFO] PluginManage:196 - Search for loadable plugins [exclusion list=, ]
2024-06-16 16:06:19,817 [INFO] PluginManage:310 - Check plugin analytics
2024-06-16 16:06:24,945 [INFO] AnalyticsPlugin:253 - Accepted Software Licenses: STM32CubeMX.6.8.0,STM32CubeMX.6.1.1
2024-06-16 16:06:24,945 [INFO] AnalyticsPlugin:255 - Accepted CMSIS Pack Licenses: 
2024-06-16 16:06:24,946 [INFO] AnalyticsPlugin:257 - Accepted Firmware Licenses: FW.F4.1.27.0,FW.F4.1.28.0
2024-06-16 16:06:24,949 [INFO] PluginManage:359 - Loaded plugin analytics (category:tool,tabindex:-1)
2024-06-16 16:06:24,949 [INFO] PluginManage:310 - Check plugin cadmodel
2024-06-16 16:06:24,968 [INFO] CADModel:105 - Init CAD model plugin
2024-06-16 16:06:24,969 [INFO] PluginManage:359 - Loaded plugin cadmodel (category:power,tabindex:5)
2024-06-16 16:06:24,969 [INFO] PluginManage:310 - Check plugin clock
2024-06-16 16:06:25,004 [INFO] PluginManage:359 - Loaded plugin clock (category:base,tabindex:2)
2024-06-16 16:06:25,005 [INFO] PluginManage:310 - Check plugin ddr
2024-06-16 16:06:25,008 [INFO] PluginManage:359 - Loaded plugin ddr (category:tool,tabindex:6)
2024-06-16 16:06:25,008 [INFO] PluginManage:310 - Check plugin filemanager
2024-06-16 16:06:25,150 [INFO] PluginManage:359 - Loaded plugin filemanager (category:base,tabindex:10)
2024-06-16 16:06:25,151 [INFO] PluginManage:310 - Check plugin ipmanager
2024-06-16 16:06:25,158 [INFO] PluginManage:359 - Loaded plugin ipmanager (category:base,tabindex:5)
2024-06-16 16:06:25,159 [INFO] PluginManage:310 - Check plugin lpbam
2024-06-16 16:06:25,176 [INFO] PluginManage:359 - Loaded plugin lpbam (category:base,tabindex:0)
2024-06-16 16:06:25,176 [INFO] PluginManage:310 - Check plugin memorymap
2024-06-16 16:06:25,200 [INFO] PluginManage:359 - Loaded plugin memorymap (category:base,tabindex:4)
2024-06-16 16:06:25,200 [INFO] PluginManage:310 - Check plugin pinoutandconfiguration
2024-06-16 16:06:25,216 [INFO] PluginManage:359 - Loaded plugin pinoutandconfiguration (category:base,tabindex:1)
2024-06-16 16:06:25,216 [INFO] PluginManage:310 - Check plugin pinoutconfig
2024-06-16 16:06:25,300 [WARN] SupportedApi:132 - Cannot load RTOS API schema: s4s-elt-must-match.1: The content of 'definitions' must match (annotation?, (simpleType | complexType)?, (unique | key | keyref)*)). A problem was found starting at: attribute.
2024-06-16 16:06:25,419 [INFO] PluginManage:359 - Loaded plugin pinoutconfig (category:base,tabindex:0)
2024-06-16 16:06:25,419 [INFO] PluginManage:310 - Check plugin power
2024-06-16 16:06:25,436 [INFO] PluginManage:359 - Loaded plugin power (category:power,tabindex:4)
2024-06-16 16:06:25,436 [INFO] PluginManage:310 - Check plugin projectmanager
2024-06-16 16:06:25,449 [INFO] PluginManage:359 - Loaded plugin projectmanager (category:projectmanager,tabindex:3)
2024-06-16 16:06:25,450 [INFO] PluginManage:310 - Check plugin thirdparty
2024-06-16 16:06:25,697 [INFO] PluginManage:359 - Loaded plugin thirdparty (category:base,tabindex:-1)
2024-06-16 16:06:25,697 [WARN] IntegrityCheckThread:84 - waiting for thirdparty lock release [integrity check]
2024-06-16 16:06:25,697 [INFO] IntegrityCheckThread:86 - entering critical section [integrity check]
2024-06-16 16:06:25,697 [INFO] PluginManage:310 - Check plugin tools
2024-06-16 16:06:25,697 [INFO] ThirdPartyUpdaterWithRetryManager:70 - Updater plugin not ready yet. [1/15]
2024-06-16 16:06:25,736 [INFO] PluginManage:359 - Loaded plugin tools (category:base,tabindex:7)
2024-06-16 16:06:25,736 [INFO] PluginManage:310 - Check plugin tutovideos
2024-06-16 16:06:25,925 [INFO] PluginManage:359 - Loaded plugin tutovideos (category:base,tabindex:-1)
2024-06-16 16:06:25,925 [INFO] PluginManage:310 - Check plugin updater
2024-06-16 16:06:25,937 [INFO] PluginManage:359 - Loaded plugin updater (category:base,tabindex:12)
2024-06-16 16:06:25,938 [INFO] PluginManage:310 - Check plugin userauth
2024-06-16 16:06:25,942 [INFO] UserAuth:114 - Init User Auth plugin
2024-06-16 16:06:25,942 [INFO] PluginManage:359 - Loaded plugin userauth (category:base,tabindex:14)
2024-06-16 16:06:25,943 [INFO] PluginManage:283 - PluginManage : Loaded plugins [17]
2024-06-16 16:06:26,146 [INFO] PinOutPanel:1499 - setPackage(No Configuration,No Configuration)
2024-06-16 16:06:26,217 [INFO] CADModel:165 - CPN selected for project level
2024-06-16 16:06:26,217 [INFO] CADModel:114 - Register for checkConnection events
2024-06-16 16:06:26,242 [INFO] IPUIPlugin:80 - create IPUIPlugin
2024-06-16 16:06:26,242 [INFO] PluginManager:220 - loadIPPluginJar : add adc
2024-06-16 16:06:26,281 [INFO] IPUIPlugin:80 - create IPUIPlugin
2024-06-16 16:06:26,281 [INFO] PluginManager:220 - loadIPPluginJar : add aes
2024-06-16 16:06:26,321 [INFO] IPUIPlugin:80 - create IPUIPlugin
2024-06-16 16:06:26,322 [INFO] PluginManager:220 - loadIPPluginJar : add can
2024-06-16 16:06:26,343 [INFO] IPUIPlugin:80 - create IPUIPlugin
2024-06-16 16:06:26,344 [INFO] PluginManager:220 - loadIPPluginJar : add comp
2024-06-16 16:06:26,376 [INFO] IPUIPlugin:80 - create IPUIPlugin
2024-06-16 16:06:26,377 [INFO] PluginManager:220 - loadIPPluginJar : add cryp
2024-06-16 16:06:26,406 [INFO] IPUIPlugin:80 - create IPUIPlugin
2024-06-16 16:06:26,406 [INFO] PluginManager:220 - loadIPPluginJar : add dfsdm
2024-06-16 16:06:26,419 [INFO] IPUIPlugin:80 - create IPUIPlugin
2024-06-16 16:06:26,419 [INFO] PluginManager:220 - loadIPPluginJar : add dma
2024-06-16 16:06:26,463 [INFO] IPUIPlugin:80 - create IPUIPlugin
2024-06-16 16:06:26,463 [INFO] PluginManager:220 - loadIPPluginJar : add dma3
2024-06-16 16:06:26,483 [INFO] IPUIPlugin:80 - create IPUIPlugin
2024-06-16 16:06:26,483 [INFO] PluginManager:220 - loadIPPluginJar : add fatfs
2024-06-16 16:06:26,529 [INFO] IPUIPlugin:80 - create IPUIPlugin
2024-06-16 16:06:26,529 [INFO] PluginManager:220 - loadIPPluginJar : add fmc
2024-06-16 16:06:26,544 [INFO] IPUIPlugin:80 - create IPUIPlugin
2024-06-16 16:06:26,544 [INFO] PluginManager:220 - loadIPPluginJar : add freertos
2024-06-16 16:06:26,566 [INFO] IPUIPlugin:80 - create IPUIPlugin
2024-06-16 16:06:26,566 [INFO] PluginManager:220 - loadIPPluginJar : add genericplugin
2024-06-16 16:06:26,676 [INFO] IPUIPlugin:80 - create IPUIPlugin
2024-06-16 16:06:26,676 [INFO] PluginManager:220 - loadIPPluginJar : add gfxmmu
2024-06-16 16:06:26,830 [INFO] IPUIPlugin:80 - create IPUIPlugin
2024-06-16 16:06:26,830 [INFO] PluginManager:220 - loadIPPluginJar : add gic
2024-06-16 16:06:26,841 [INFO] IPUIPlugin:80 - create IPUIPlugin
2024-06-16 16:06:26,841 [INFO] PluginManager:220 - loadIPPluginJar : add gpio
2024-06-16 16:06:26,934 [INFO] IPUIPlugin:80 - create IPUIPlugin
2024-06-16 16:06:26,934 [INFO] PluginManager:220 - loadIPPluginJar : add gtzc
2024-06-16 16:06:26,967 [INFO] IPUIPlugin:80 - create IPUIPlugin
2024-06-16 16:06:26,967 [INFO] PluginManager:220 - loadIPPluginJar : add hash
2024-06-16 16:06:27,020 [INFO] IPUIPlugin:80 - create IPUIPlugin
2024-06-16 16:06:27,020 [INFO] PluginManager:220 - loadIPPluginJar : add i2c
2024-06-16 16:06:27,058 [INFO] IPUIPlugin:80 - create IPUIPlugin
2024-06-16 16:06:27,059 [INFO] PluginManager:220 - loadIPPluginJar : add i2s
2024-06-16 16:06:27,099 [INFO] IPUIPlugin:80 - create IPUIPlugin
2024-06-16 16:06:27,099 [INFO] PluginManager:220 - loadIPPluginJar : add i3c
2024-06-16 16:06:27,201 [INFO] IPUIPlugin:80 - create IPUIPlugin
2024-06-16 16:06:27,202 [INFO] PluginManager:220 - loadIPPluginJar : add ipddr
2024-06-16 16:06:27,295 [INFO] IPUIPlugin:80 - create IPUIPlugin
2024-06-16 16:06:27,295 [INFO] PluginManager:220 - loadIPPluginJar : add linkedlist
2024-06-16 16:06:27,330 [INFO] IPUIPlugin:80 - create IPUIPlugin
2024-06-16 16:06:27,330 [INFO] PluginManager:220 - loadIPPluginJar : add lorawan
2024-06-16 16:06:27,367 [INFO] IPUIPlugin:80 - create IPUIPlugin
2024-06-16 16:06:27,367 [INFO] PluginManager:220 - loadIPPluginJar : add ltdc
2024-06-16 16:06:27,379 [INFO] IPUIPlugin:80 - create IPUIPlugin
2024-06-16 16:06:27,380 [INFO] PluginManager:220 - loadIPPluginJar : add mdma
2024-06-16 16:06:27,390 [INFO] IPUIPlugin:80 - create IPUIPlugin
2024-06-16 16:06:27,391 [INFO] PluginManager:220 - loadIPPluginJar : add nvic
2024-06-16 16:06:27,426 [INFO] IPUIPlugin:80 - create IPUIPlugin
2024-06-16 16:06:27,426 [INFO] PluginManager:220 - loadIPPluginJar : add opamp
2024-06-16 16:06:27,492 [INFO] IPUIPlugin:80 - create IPUIPlugin
2024-06-16 16:06:27,492 [INFO] PluginManager:220 - loadIPPluginJar : add openamp
2024-06-16 16:06:27,535 [INFO] IPUIPlugin:80 - create IPUIPlugin
2024-06-16 16:06:27,535 [INFO] PluginManager:220 - loadIPPluginJar : add pdm2pcm
2024-06-16 16:06:27,547 [INFO] IPUIPlugin:80 - create IPUIPlugin
2024-06-16 16:06:27,549 [INFO] PluginManager:220 - loadIPPluginJar : add plateformsettings
2024-06-16 16:06:27,570 [INFO] IPUIPlugin:80 - create IPUIPlugin
2024-06-16 16:06:27,570 [INFO] PluginManager:220 - loadIPPluginJar : add quadspi
2024-06-16 16:06:27,581 [INFO] IPUIPlugin:80 - create IPUIPlugin
2024-06-16 16:06:27,581 [INFO] PluginManager:220 - loadIPPluginJar : add resmgrutility
2024-06-16 16:06:27,627 [INFO] IPUIPlugin:80 - create IPUIPlugin
2024-06-16 16:06:27,627 [INFO] PluginManager:220 - loadIPPluginJar : add sai
2024-06-16 16:06:27,664 [INFO] IPUIPlugin:80 - create IPUIPlugin
2024-06-16 16:06:27,664 [INFO] PluginManager:220 - loadIPPluginJar : add spi
2024-06-16 16:06:27,729 [INFO] IPUIPlugin:80 - create IPUIPlugin
2024-06-16 16:06:27,729 [INFO] PluginManager:220 - loadIPPluginJar : add stm32_wpan
2024-06-16 16:06:27,752 [INFO] IPUIPlugin:80 - create IPUIPlugin
2024-06-16 16:06:27,752 [INFO] PluginManager:220 - loadIPPluginJar : add tim
2024-06-16 16:06:27,811 [INFO] IPUIPlugin:80 - create IPUIPlugin
2024-06-16 16:06:27,811 [INFO] PluginManager:220 - loadIPPluginJar : add touchsensing
2024-06-16 16:06:27,833 [INFO] IPUIPlugin:80 - create IPUIPlugin
2024-06-16 16:06:27,833 [INFO] PluginManager:220 - loadIPPluginJar : add tracer_emb
2024-06-16 16:06:27,858 [INFO] IPUIPlugin:80 - create IPUIPlugin
2024-06-16 16:06:27,858 [INFO] PluginManager:220 - loadIPPluginJar : add ts
2024-06-16 16:06:27,883 [INFO] IPUIPlugin:80 - create IPUIPlugin
2024-06-16 16:06:27,883 [INFO] PluginManager:220 - loadIPPluginJar : add tsc
2024-06-16 16:06:27,911 [INFO] IPUIPlugin:80 - create IPUIPlugin
2024-06-16 16:06:27,911 [INFO] PluginManager:220 - loadIPPluginJar : add ucpd
2024-06-16 16:06:27,960 [INFO] IPUIPlugin:80 - create IPUIPlugin
2024-06-16 16:06:27,960 [INFO] PluginManager:220 - loadIPPluginJar : add usart
2024-06-16 16:06:28,008 [INFO] IPUIPlugin:80 - create IPUIPlugin
2024-06-16 16:06:28,008 [INFO] PluginManager:220 - loadIPPluginJar : add usbx
2024-06-16 16:06:28,139 [INFO] CADModel:165 - CPN selected for project level
2024-06-16 16:06:28,139 [INFO] CADModel:114 - Register for checkConnection events
2024-06-16 16:06:28,139 [FATAL] Updater:308 - Updater called before beeing initialized
2024-06-16 16:06:28,140 [ERROR] CADModel:125 - Updater not yet initialized, retry later 
2024-06-16 16:06:28,273 [INFO] CADModel:165 - CPN selected for project level
2024-06-16 16:06:28,273 [INFO] CADModel:114 - Register for checkConnection events
2024-06-16 16:06:28,273 [FATAL] Updater:308 - Updater called before beeing initialized
2024-06-16 16:06:28,273 [ERROR] CADModel:125 - Updater not yet initialized, retry later 
2024-06-16 16:06:28,276 [FATAL] Updater:308 - Updater called before beeing initialized
2024-06-16 16:06:28,385 [FATAL] Updater:308 - Updater called before beeing initialized
2024-06-16 16:06:28,394 [INFO] DbMcusAds:53 - JSON generation date=Wed Nov 29 17:52:27 ICT 2023 (1701255147349)
2024-06-16 16:06:28,394 [FATAL] Updater:308 - Updater called before beeing initialized
2024-06-16 16:06:28,479 [WARN] DetailPanel:346 - Failed to get advertising image, set to default
2024-06-16 16:06:28,569 [FATAL] Updater:308 - Updater called before beeing initialized
2024-06-16 16:06:28,571 [FATAL] Updater:308 - Updater called before beeing initialized
2024-06-16 16:06:28,571 [FATAL] Updater:308 - Updater called before beeing initialized
2024-06-16 16:06:28,571 [WARN] DetailPanel:346 - Failed to get advertising image, set to default
2024-06-16 16:06:28,572 [FATAL] Updater:308 - Updater called before beeing initialized
2024-06-16 16:06:28,645 [ERROR] Updater:1120 - MainUpdater not yet initialized. External WinMGr cannot be set.
2024-06-16 16:06:28,657 [INFO] Updater:1056 - Updater Version found : 6.10.0
2024-06-16 16:06:28,676 [INFO] ApplicationProperties:184 - Using Application install path: G:\stm32cubeide\stm32cubeide114\STM32CubeIDE_1.14.0\STM32CubeIDE\plugins\com.st.stm32cube.common.mx_6.10.0.202311202037
2024-06-16 16:06:28,699 [INFO] ThirdPartyUpdaterWithRetryManager:70 - Updater plugin not ready yet. [2/15]
2024-06-16 16:06:29,547 [INFO] MainUpdater:2873 - connection check result : 10
2024-06-16 16:06:29,548 [INFO] MainUpdater:290 - Updater Check For Update Now.
2024-06-16 16:06:29,548 [INFO] MicroXplorer:498 - Change Database Version : DB.6.0.100
2024-06-16 16:06:29,566 [INFO] McuFinderGlobals:63 - Set McuFinder mode to 2 (CubeIDE integrated)
2024-06-16 16:06:29,766 [INFO] CheckServerUpdateThread:120 - End of CheckServer Thread
2024-06-16 16:06:30,384 [INFO] UserAuth:404 - Internet connection configuration mode: 1
2024-06-16 16:06:30,406 [INFO] JxBrowserEngine:152 - Initiate JxBrowser Engine with user profile folder
2024-06-16 16:06:32,196 [WARN] PackLoader:240 - Cannot read IP mode file for STMicroelectronics.FP-SNS-MOTENVWB1.1.4.0
2024-06-16 16:06:32,221 [WARN] PackLoader:240 - Cannot read IP mode file for STMicroelectronics.X-CUBE-SMBUS.2.1.0
2024-06-16 16:06:32,244 [WARN] PackLoader:240 - Cannot read IP mode file for STMicroelectronics.X-CUBE-TOUCHGFX.4.23.1
2024-06-16 16:06:32,261 [WARN] PackLoader:240 - Cannot read IP mode file for STMicroelectronics.X-CUBE-TOUCHGFX.4.23.0
2024-06-16 16:06:32,281 [WARN] PackLoader:240 - Cannot read IP mode file for STMicroelectronics.X-CUBE-TOUCHGFX.4.23.2
2024-06-16 16:06:32,381 [WARN] PackLoader:240 - Cannot read IP mode file for STMicroelectronics.X-CUBE-AZRTOS-F7.1.1.0
2024-06-16 16:06:32,429 [WARN] PackLoader:240 - Cannot read IP mode file for STMicroelectronics.FP-SNS-MOTENV1.4.3.2
2024-06-16 16:06:32,457 [WARN] PackLoader:240 - Cannot read IP mode file for STMicroelectronics.FP-SNS-FLIGHT1.5.0.2
2024-06-16 16:06:32,482 [WARN] PackLoader:240 - Cannot read IP mode file for STMicroelectronics.X-CUBE-DISPLAY.3.0.0
2024-06-16 16:06:32,514 [WARN] PackLoader:240 - Cannot read IP mode file for STMicroelectronics.X-CUBE-BLE1.7.0.0
2024-06-16 16:06:32,538 [WARN] PackLoader:240 - Cannot read IP mode file for emotas.I-CUBE-CANOPEN.1.3.0
2024-06-16 16:06:32,563 [WARN] PackLoader:240 - Cannot read IP mode file for STMicroelectronics.X-CUBE-TOUCHGFX.4.22.1
2024-06-16 16:06:32,592 [WARN] PackLoader:240 - Cannot read IP mode file for STMicroelectronics.X-CUBE-BLEMGR.3.1.0
2024-06-16 16:06:32,617 [WARN] PackLoader:240 - Cannot read IP mode file for STMicroelectronics.FP-SNS-SMARTAG2.1.2.0
2024-06-16 16:06:32,642 [INFO] WebApp:161 - Instantiating new browser for Auth
2024-06-16 16:06:32,647 [INFO] LogOutputStream:77 - [STDOUT_REDIRECT] 1 : Invalid condition id : UX_CORESTACK_Condition cause : null
2024-06-16 16:06:32,648 [INFO] LogOutputStream:77 - [STDOUT_REDIRECT] 1 : Invalid condition id : UX_CORESTACK_Condition cause : null
2024-06-16 16:06:32,649 [INFO] LogOutputStream:77 - [STDOUT_REDIRECT] 1 : Invalid condition id : UX_CORESTACK_Condition cause : null
2024-06-16 16:06:32,651 [INFO] LogOutputStream:77 - [STDOUT_REDIRECT] 1 : Invalid condition id : UX_CORESTACK_Condition cause : null
2024-06-16 16:06:32,652 [INFO] LogOutputStream:77 - [STDOUT_REDIRECT] 1 : Invalid condition id : UX_CORESTACK_Condition cause : null
2024-06-16 16:06:32,657 [WARN] PackLoader:240 - Cannot read IP mode file for STMicroelectronics.X-CUBE-AZRTOS-WL.2.0.0
2024-06-16 16:06:32,694 [WARN] PackLoader:240 - Cannot read IP mode file for STMicroelectronics.FP-SNS-MOTENV1.5.0.0
2024-06-16 16:06:32,720 [WARN] PackLoader:240 - Cannot read IP mode file for WES.I-CUBE-Cesium.1.3.0
2024-06-16 16:06:32,741 [WARN] PackLoader:240 - Cannot read IP mode file for STMicroelectronics.X-CUBE-BLE2.3.3.0
2024-06-16 16:06:32,780 [WARN] PackLoader:240 - Cannot read IP mode file for STMicroelectronics.X-CUBE-TCPP.4.1.0
2024-06-16 16:06:32,821 [WARN] PackLoader:240 - Cannot read IP mode file for STMicroelectronics.X-CUBE-ALGOBUILD.1.3.0
2024-06-16 16:06:32,899 [WARN] PackLoader:240 - Cannot read IP mode file for STMicroelectronics.X-CUBE-AZRTOS-G0.1.1.0
2024-06-16 16:06:32,926 [WARN] PackLoader:240 - Cannot read IP mode file for STMicroelectronics.X-CUBE-SAFEA1.1.2.2
2024-06-16 16:06:32,964 [WARN] PackLoader:240 - Cannot read IP mode file for STMicroelectronics.X-CUBE-NFC4.3.0.0
2024-06-16 16:06:32,987 [WARN] PackLoader:240 - Cannot read IP mode file for wolfSSL.I-CUBE-wolfMQTT.1.18.0
2024-06-16 16:06:33,068 [WARN] PackLoader:240 - Cannot read IP mode file for STMicroelectronics.X-CUBE-BLEMGR.3.0.0
2024-06-16 16:06:33,098 [WARN] PackLoader:240 - Cannot read IP mode file for STMicroelectronics.FP-ATR-SIGFOX1.3.2.0
2024-06-16 16:06:33,122 [WARN] PackLoader:240 - Cannot read IP mode file for STMicroelectronics.X-CUBE-EEPRMA1.5.1.0
2024-06-16 16:06:33,173 [WARN] PackLoader:240 - Cannot read IP mode file for SEGGER.I-CUBE-embOS.1.3.1
2024-06-16 16:06:33,238 [WARN] PackLoader:240 - Cannot read IP mode file for STMicroelectronics.X-CUBE-ALGOBUILD.1.4.0
2024-06-16 16:06:33,257 [WARN] PackLoader:240 - Cannot read IP mode file for STMicroelectronics.X-CUBE-GNSS1.6.0.0
2024-06-16 16:06:33,296 [WARN] PackLoader:240 - Cannot read IP mode file for STMicroelectronics.X-CUBE-AZRTOS-F4.1.1.0
2024-06-16 16:06:33,315 [WARN] PackLoader:240 - Cannot read IP mode file for wolfSSL.I-CUBE-wolfSSL.5.6.3
2024-06-16 16:06:33,336 [WARN] PackLoader:240 - Cannot read IP mode file for STMicroelectronics.X-CUBE-FREERTOS.1.2.0
2024-06-16 16:06:33,382 [WARN] PackLoader:240 - Cannot read IP mode file for STMicroelectronics.X-CUBE-AZRTOS-L5.2.0.0
2024-06-16 16:06:33,480 [WARN] PackLoader:240 - Cannot read IP mode file for STMicroelectronics.X-CUBE-MEMS1.9.6.0
2024-06-16 16:06:33,656 [WARN] PackLoader:240 - Cannot read IP mode file for STMicroelectronics.X-CUBE-EEPRMA1.4.2.0
2024-06-16 16:06:33,678 [WARN] PackLoader:240 - Cannot read IP mode file for STMicroelectronics.X-CUBE-NFC6.3.1.0
2024-06-16 16:06:33,697 [WARN] PackLoader:240 - Cannot read IP mode file for ITTIA_DB.I-CUBE-ITTIADB.8.8.0
2024-06-16 16:06:33,717 [WARN] PackLoader:240 - Cannot read IP mode file for STMicroelectronics.X-CUBE-BLEMGR.2.0.0
2024-06-16 16:06:33,740 [WARN] PackLoader:240 - Cannot read IP mode file for STMicroelectronics.X-CUBE-AI.9.0.0
2024-06-16 16:06:33,778 [INFO] WebApp:780 - Register for checkConnection events
2024-06-16 16:06:33,785 [INFO] WebApp:414 - Apply proxy settings
2024-06-16 16:06:33,785 [INFO] WebApp:499 - Chromium requires no authentication
2024-06-16 16:06:33,786 [WARN] ConditionMgr:438 - getConditionDescription Invalid condition id : UX DEVICE CLASS RTOS Condition cause : null
2024-06-16 16:06:33,786 [WARN] ConditionMgr:438 - getConditionDescription Invalid condition id : UX DEVICE CLASS RTOS Condition cause : null
2024-06-16 16:06:33,791 [WARN] PackLoader:240 - Cannot read IP mode file for STMicroelectronics.X-CUBE-AZRTOS-H7.3.1.0
2024-06-16 16:06:33,793 [WARN] ConditionMgr:1039 - genDependencies : Invalid condition id : UX DEVICE CLASS RTOS Condition cause : null
2024-06-16 16:06:33,793 [WARN] ConditionMgr:1039 - genDependencies : Invalid condition id : UX DEVICE CLASS RTOS Condition cause : null
2024-06-16 16:06:33,794 [WARN] ConditionMgr:1039 - genDependencies : Invalid condition id : UX DEVICE CLASS RTOS Condition cause : null
2024-06-16 16:06:33,794 [WARN] ConditionMgr:1039 - genDependencies : Invalid condition id : UX DEVICE CLASS RTOS Condition cause : null
2024-06-16 16:06:33,794 [WARN] ConditionMgr:1039 - genDependencies : Invalid condition id : UX DEVICE CLASS RTOS Condition cause : null
2024-06-16 16:06:33,796 [INFO] WebApp:442 - Direct internet connection detected
2024-06-16 16:06:33,813 [WARN] PackLoader:240 - Cannot read IP mode file for STMicroelectronics.X-CUBE-NFC7.1.0.1
2024-06-16 16:06:33,837 [WARN] PackLoader:240 - Cannot read IP mode file for STMicroelectronics.X-CUBE-NFC6.3.0.0
2024-06-16 16:06:33,853 [WARN] PackLoader:240 - Cannot read IP mode file for STMicroelectronics.X-CUBE-EEPRMA1.4.1.0
2024-06-16 16:06:33,870 [WARN] PackLoader:240 - Cannot read IP mode file for STMicroelectronics.X-CUBE-AI.8.1.0
2024-06-16 16:06:33,899 [WARN] ConditionMgr:438 - getConditionDescription Invalid condition id : LAN8742 Phy interface Condition cause : null
2024-06-16 16:06:33,900 [WARN] PackLoader:240 - Cannot read IP mode file for STMicroelectronics.X-CUBE-AZRTOS-L4.2.0.0
2024-06-16 16:06:33,901 [WARN] ConditionMgr:1039 - genDependencies : Invalid condition id : LAN8742 Phy interface Condition cause : null
2024-06-16 16:06:33,901 [WARN] ConditionMgr:1039 - genDependencies : Invalid condition id : LAN8742 Phy interface Condition cause : null
2024-06-16 16:06:33,902 [WARN] ConditionMgr:1039 - genDependencies : Invalid condition id : LAN8742 Phy interface Condition cause : null
2024-06-16 16:06:33,919 [WARN] PackLoader:240 - Cannot read IP mode file for STMicroelectronics.X-CUBE-SFXS2LP1.4.0.0
2024-06-16 16:06:33,932 [WARN] PackLoader:240 - Cannot read IP mode file for STMicroelectronics.X-CUBE-ISPU.1.1.0
2024-06-16 16:06:33,957 [WARN] ConditionMgr:438 - getConditionDescription Invalid condition id : UX DEVICE CLASS RTOS Condition cause : null
2024-06-16 16:06:33,957 [WARN] ConditionMgr:438 - getConditionDescription Invalid condition id : UX DEVICE CLASS RTOS Condition cause : null
2024-06-16 16:06:33,959 [WARN] PackLoader:240 - Cannot read IP mode file for STMicroelectronics.X-CUBE-AZRTOS-WB.2.0.0
2024-06-16 16:06:33,960 [WARN] ConditionMgr:1039 - genDependencies : Invalid condition id : UX DEVICE CLASS RTOS Condition cause : null
2024-06-16 16:06:33,960 [WARN] ConditionMgr:1039 - genDependencies : Invalid condition id : UX DEVICE CLASS RTOS Condition cause : null
2024-06-16 16:06:33,960 [WARN] ConditionMgr:1039 - genDependencies : Invalid condition id : UX DEVICE CLASS RTOS Condition cause : null
2024-06-16 16:06:33,961 [WARN] ConditionMgr:1039 - genDependencies : Invalid condition id : UX DEVICE CLASS RTOS Condition cause : null
2024-06-16 16:06:33,961 [WARN] ConditionMgr:1039 - genDependencies : Invalid condition id : UX DEVICE CLASS RTOS Condition cause : null
2024-06-16 16:06:33,981 [WARN] PackLoader:240 - Cannot read IP mode file for STMicroelectronics.X-CUBE-SUBG2.5.0.0
2024-06-16 16:06:34,004 [WARN] PackLoader:240 - Cannot read IP mode file for STMicroelectronics.X-CUBE-TOF1.3.3.1
2024-06-16 16:06:34,040 [INFO] WebApp:192 - Starting web application
2024-06-16 16:06:34,040 [INFO] WebApp:544 - Web application path used G:\stm32cubeide\stm32cubeide114\STM32CubeIDE_1.14.0\STM32CubeIDE\plugins\com.st.stm32cube.common.mx_6.10.0.202311202037\db\plugins\mcufinder\reactClient1\index.html
2024-06-16 16:06:34,042 [WARN] PackLoader:240 - Cannot read IP mode file for STMicroelectronics.X-CUBE-AZRTOS-G4.2.0.0
2024-06-16 16:06:34,072 [WARN] PackLoader:240 - Cannot read IP mode file for Infineon.AIROC-Wi-Fi-Bluetooth-STM32.1.5.1
2024-06-16 16:06:34,100 [WARN] PackLoader:240 - Cannot read IP mode file for STMicroelectronics.FP-SNS-MOTENVWB1.1.3.0
2024-06-16 16:06:34,122 [WARN] PackLoader:240 - Cannot read IP mode file for STMicroelectronics.FP-SNS-MOTENVWB1.1.3.1
2024-06-16 16:06:34,142 [WARN] PackLoader:240 - Cannot read IP mode file for STMicroelectronics.X-CUBE-ISPU.2.0.0
2024-06-16 16:06:34,171 [WARN] PackLoader:240 - Cannot read IP mode file for STMicroelectronics.X-CUBE-ALS.1.0.2
2024-06-16 16:06:34,227 [WARN] PackLoader:240 - Cannot read IP mode file for STMicroelectronics.X-CUBE-MEMS1.10.0.0
2024-06-16 16:06:34,388 [WARN] PackLoader:240 - Cannot read IP mode file for STMicroelectronics.X-CUBE-FREERTOS.1.1.0
2024-06-16 16:06:34,449 [WARN] PackLoader:240 - Cannot read IP mode file for portGmbH.I-Cube-SoM-uGOAL.1.1.0
2024-06-16 16:06:34,482 [WARN] PackLoader:240 - Cannot read IP mode file for STMicroelectronics.X-CUBE-ALS.1.0.1
2024-06-16 16:06:34,531 [WARN] PackLoader:240 - Cannot read IP mode file for STMicroelectronics.X-CUBE-AZRTOS-H7RS.1.0.0
2024-06-16 16:06:34,551 [WARN] PackLoader:240 - Cannot read IP mode file for STMicroelectronics.FP-ATR-ASTRA1.2.0.0
2024-06-16 16:06:34,573 [WARN] PackLoader:240 - Cannot read IP mode file for STMicroelectronics.X-CUBE-TOF1.3.4.0
2024-06-16 16:06:34,602 [WARN] PackLoader:240 - Cannot read IP mode file for STMicroelectronics.X-CUBE-TOF1.3.4.1
2024-06-16 16:06:34,647 [WARN] PackLoader:240 - Cannot read IP mode file for STMicroelectronics.X-CUBE-AZRTOS-H7.3.2.0
2024-06-16 16:06:34,650 [INFO] ThirdParty:978 - Integrity check success = true
2024-06-16 16:06:34,650 [INFO] IntegrityCheckThread:100 - exiting critical section [integrity check]
2024-06-16 16:06:34,650 [INFO] IntegrityCheckThread:103 - End integrity checks thread
2024-06-16 16:06:55,162 [ERROR] LogOutputStream:75 - [STDERR_REDIRECT] SLF4J: Failed to load class "org.slf4j.impl.StaticLoggerBinder".
2024-06-16 16:06:55,162 [ERROR] LogOutputStream:75 - [STDERR_REDIRECT] SLF4J: Defaulting to no-operation (NOP) logger implementation
2024-06-16 16:06:55,163 [ERROR] LogOutputStream:75 - [STDERR_REDIRECT] SLF4J: See http://www.slf4j.org/codes.html#StaticLoggerBinder for further details.
