2024-06-29 12:04:48,610 [INFO] Activator:176 - 


2024-06-29 12:04:48,617 [INFO] Activator:177 - !SESSION log4j initialized
2024-06-29 12:04:54,777 [INFO] LogOutputStream:77 - [STDOUT_REDIRECT] 
2024-06-29 12:05:01,189 [INFO] ApplicationProperties:184 - Using Application install path: G:\stm32cubeide\stm32cubeide114\STM32CubeIDE_1.14.0\STM32CubeIDE\plugins\com.st.stm32cube.common.mx_6.10.0.202311202037
2024-06-29 12:05:01,208 [INFO] DbMcusXml:78 - Set database path to: G:\stm32cubeide\stm32cubeide114\STM32CubeIDE_1.14.0\STM32CubeIDE\plugins\com.st.stm32cube.common.mx_6.10.0.202311202037\\db\/mcu/
2024-06-29 12:05:01,209 [INFO] ApiDb:274 - Set plugin database path to: G:\stm32cubeide\stm32cubeide114\STM32CubeIDE_1.14.0\STM32CubeIDE\plugins\com.st.stm32cube.common.mx_6.10.0.202311202037\\db\/plugins/boardmanager/
2024-06-29 12:05:01,209 [WARN] ApiDb:259 - Overriding images path with different value:  => G:\stm32cubeide\stm32cubeide114\STM32CubeIDE_1.14.0\STM32CubeIDE\plugins\com.st.stm32cube.common.mx_6.10.0.202311202037\\db\/plugins/mcufinder/images/
2024-06-29 12:05:01,225 [INFO] ApiDb:250 - Set database path to: C:\Users\Nghia\.stmcufinder\plugins\mcufinder//mcu/
2024-06-29 12:05:01,229 [INFO] DbMcusAds:125 - Set database path to: C:\Users\Nghia\.stmcufinder\plugins\mcufinder//mcu/
2024-06-29 12:05:01,231 [INFO] CrossReferenceDbSqlite:203 - Set database path to: C:\Users\Nghia\.stmcufinder\plugins\mcufinder//mcu/cs/
2024-06-29 12:05:01,352 [INFO] RulesReader:64 - Compatibility file has been processed (297 Rules)
2024-06-29 12:05:01,512 [INFO] DbMcusXml:78 - Set database path to: G:\stm32cubeide\stm32cubeide114\STM32CubeIDE_1.14.0\STM32CubeIDE\plugins\com.st.stm32cube.common.mx_6.10.0.202311202037\\db\/mcu/
2024-06-29 12:05:01,512 [INFO] ApiDb:274 - Set plugin database path to: G:\stm32cubeide\stm32cubeide114\STM32CubeIDE_1.14.0\STM32CubeIDE\plugins\com.st.stm32cube.common.mx_6.10.0.202311202037\\db\/plugins/boardmanager/
2024-06-29 12:05:01,512 [INFO] ApiDb:261 - Set plugin images path to: G:\stm32cubeide\stm32cubeide114\STM32CubeIDE_1.14.0\STM32CubeIDE\plugins\com.st.stm32cube.common.mx_6.10.0.202311202037\\db\/plugins/mcufinder/images/
2024-06-29 12:05:01,513 [WARN] DbFile:41 - Overriding database path with different value: C:\Users\Nghia\.stmcufinder\plugins\mcufinder/ => C:\Users\Nghia\.stmcufinder\plugins\mcufinder
2024-06-29 12:05:01,513 [INFO] ApiDb:250 - Set database path to: C:\Users\Nghia\.stmcufinder\plugins\mcufinder//mcu/
2024-06-29 12:05:01,513 [WARN] DbFile:41 - Overriding database path with different value: C:\Users\Nghia\.stmcufinder\plugins\mcufinder/ => C:\Users\Nghia\.stmcufinder\plugins\mcufinder
2024-06-29 12:05:01,513 [INFO] DbMcusAds:125 - Set database path to: C:\Users\Nghia\.stmcufinder\plugins\mcufinder//mcu/
2024-06-29 12:05:01,513 [WARN] DbFile:41 - Overriding database path with different value: C:\Users\Nghia\.stmcufinder\plugins\mcufinder/ => C:\Users\Nghia\.stmcufinder\plugins\mcufinder
2024-06-29 12:05:01,513 [WARN] DbFile:41 - Overriding database path with different value: C:\Users\Nghia\.stmcufinder\plugins\mcufinder/ => C:\Users\Nghia\.stmcufinder\plugins\mcufinder
2024-06-29 12:05:01,513 [INFO] CrossReferenceDbSqlite:203 - Set database path to: C:\Users\Nghia\.stmcufinder\plugins\mcufinder//mcu/cs/
2024-06-29 12:05:01,621 [INFO] MainPanel:264 - HeapMemory: 268435456
2024-06-29 12:05:01,701 [INFO] DbMcusXml:78 - Set database path to: G:\stm32cubeide\stm32cubeide114\STM32CubeIDE_1.14.0\STM32CubeIDE\plugins\com.st.stm32cube.common.mx_6.10.0.202311202037\\db\/mcu/
2024-06-29 12:05:01,702 [INFO] ApiDb:274 - Set plugin database path to: G:\stm32cubeide\stm32cubeide114\STM32CubeIDE_1.14.0\STM32CubeIDE\plugins\com.st.stm32cube.common.mx_6.10.0.202311202037\\db\/plugins/boardmanager/
2024-06-29 12:05:01,702 [INFO] ApiDb:261 - Set plugin images path to: G:\stm32cubeide\stm32cubeide114\STM32CubeIDE_1.14.0\STM32CubeIDE\plugins\com.st.stm32cube.common.mx_6.10.0.202311202037\\db\/plugins/mcufinder/images/
2024-06-29 12:05:01,702 [WARN] DbFile:41 - Overriding database path with different value: C:\Users\Nghia\.stmcufinder\plugins\mcufinder/ => C:\Users\Nghia\.stmcufinder\plugins\mcufinder
2024-06-29 12:05:01,702 [INFO] ApiDb:250 - Set database path to: C:\Users\Nghia\.stmcufinder\plugins\mcufinder//mcu/
2024-06-29 12:05:01,702 [WARN] DbFile:41 - Overriding database path with different value: C:\Users\Nghia\.stmcufinder\plugins\mcufinder/ => C:\Users\Nghia\.stmcufinder\plugins\mcufinder
2024-06-29 12:05:01,702 [INFO] DbMcusAds:125 - Set database path to: C:\Users\Nghia\.stmcufinder\plugins\mcufinder//mcu/
2024-06-29 12:05:01,702 [WARN] DbFile:41 - Overriding database path with different value: C:\Users\Nghia\.stmcufinder\plugins\mcufinder/ => C:\Users\Nghia\.stmcufinder\plugins\mcufinder
2024-06-29 12:05:01,702 [WARN] DbFile:41 - Overriding database path with different value: C:\Users\Nghia\.stmcufinder\plugins\mcufinder/ => C:\Users\Nghia\.stmcufinder\plugins\mcufinder
2024-06-29 12:05:01,702 [INFO] CrossReferenceDbSqlite:203 - Set database path to: C:\Users\Nghia\.stmcufinder\plugins\mcufinder//mcu/cs/
2024-06-29 12:05:01,727 [INFO] ApplicationProperties:184 - Using Application install path: G:\stm32cubeide\stm32cubeide114\STM32CubeIDE_1.14.0\STM32CubeIDE\plugins\com.st.stm32cube.common.mx_6.10.0.202311202037
2024-06-29 12:05:01,728 [INFO] PluginManage:196 - Search for loadable plugins [exclusion list=, ]
2024-06-29 12:05:01,730 [INFO] PluginManage:310 - Check plugin analytics
2024-06-29 12:05:06,823 [INFO] AnalyticsPlugin:253 - Accepted Software Licenses: STM32CubeMX.6.8.0,STM32CubeMX.6.1.1
2024-06-29 12:05:06,823 [INFO] AnalyticsPlugin:255 - Accepted CMSIS Pack Licenses: 
2024-06-29 12:05:06,823 [INFO] AnalyticsPlugin:257 - Accepted Firmware Licenses: FW.F4.1.27.0,FW.F4.1.28.0
2024-06-29 12:05:06,826 [INFO] PluginManage:359 - Loaded plugin analytics (category:tool,tabindex:-1)
2024-06-29 12:05:06,826 [INFO] PluginManage:310 - Check plugin cadmodel
2024-06-29 12:05:06,840 [INFO] CADModel:105 - Init CAD model plugin
2024-06-29 12:05:06,840 [INFO] PluginManage:359 - Loaded plugin cadmodel (category:power,tabindex:5)
2024-06-29 12:05:06,841 [INFO] PluginManage:310 - Check plugin clock
2024-06-29 12:05:06,858 [INFO] PluginManage:359 - Loaded plugin clock (category:base,tabindex:2)
2024-06-29 12:05:06,858 [INFO] PluginManage:310 - Check plugin ddr
2024-06-29 12:05:06,861 [INFO] PluginManage:359 - Loaded plugin ddr (category:tool,tabindex:6)
2024-06-29 12:05:06,861 [INFO] PluginManage:310 - Check plugin filemanager
2024-06-29 12:05:06,990 [INFO] PluginManage:359 - Loaded plugin filemanager (category:base,tabindex:10)
2024-06-29 12:05:06,990 [INFO] PluginManage:310 - Check plugin ipmanager
2024-06-29 12:05:07,007 [INFO] PluginManage:359 - Loaded plugin ipmanager (category:base,tabindex:5)
2024-06-29 12:05:07,007 [INFO] PluginManage:310 - Check plugin lpbam
2024-06-29 12:05:07,022 [INFO] PluginManage:359 - Loaded plugin lpbam (category:base,tabindex:0)
2024-06-29 12:05:07,022 [INFO] PluginManage:310 - Check plugin memorymap
2024-06-29 12:05:07,046 [INFO] PluginManage:359 - Loaded plugin memorymap (category:base,tabindex:4)
2024-06-29 12:05:07,046 [INFO] PluginManage:310 - Check plugin pinoutandconfiguration
2024-06-29 12:05:07,060 [INFO] PluginManage:359 - Loaded plugin pinoutandconfiguration (category:base,tabindex:1)
2024-06-29 12:05:07,060 [INFO] PluginManage:310 - Check plugin pinoutconfig
2024-06-29 12:05:07,155 [WARN] SupportedApi:132 - Cannot load RTOS API schema: s4s-elt-must-match.1: The content of 'definitions' must match (annotation?, (simpleType | complexType)?, (unique | key | keyref)*)). A problem was found starting at: attribute.
2024-06-29 12:05:07,272 [INFO] PluginManage:359 - Loaded plugin pinoutconfig (category:base,tabindex:0)
2024-06-29 12:05:07,272 [INFO] PluginManage:310 - Check plugin power
2024-06-29 12:05:07,292 [INFO] PluginManage:359 - Loaded plugin power (category:power,tabindex:4)
2024-06-29 12:05:07,292 [INFO] PluginManage:310 - Check plugin projectmanager
2024-06-29 12:05:07,306 [INFO] PluginManage:359 - Loaded plugin projectmanager (category:projectmanager,tabindex:3)
2024-06-29 12:05:07,307 [INFO] PluginManage:310 - Check plugin thirdparty
2024-06-29 12:05:07,528 [INFO] PluginManage:359 - Loaded plugin thirdparty (category:base,tabindex:-1)
2024-06-29 12:05:07,528 [INFO] PluginManage:310 - Check plugin tools
2024-06-29 12:05:07,528 [WARN] IntegrityCheckThread:84 - waiting for thirdparty lock release [integrity check]
2024-06-29 12:05:07,528 [INFO] IntegrityCheckThread:86 - entering critical section [integrity check]
2024-06-29 12:05:07,529 [INFO] ThirdPartyUpdaterWithRetryManager:70 - Updater plugin not ready yet. [1/15]
2024-06-29 12:05:07,562 [INFO] PluginManage:359 - Loaded plugin tools (category:base,tabindex:7)
2024-06-29 12:05:07,562 [INFO] PluginManage:310 - Check plugin tutovideos
2024-06-29 12:05:07,718 [INFO] PluginManage:359 - Loaded plugin tutovideos (category:base,tabindex:-1)
2024-06-29 12:05:07,718 [INFO] PluginManage:310 - Check plugin updater
2024-06-29 12:05:07,727 [INFO] PluginManage:359 - Loaded plugin updater (category:base,tabindex:12)
2024-06-29 12:05:07,728 [INFO] PluginManage:310 - Check plugin userauth
2024-06-29 12:05:07,732 [INFO] UserAuth:114 - Init User Auth plugin
2024-06-29 12:05:07,732 [INFO] PluginManage:359 - Loaded plugin userauth (category:base,tabindex:14)
2024-06-29 12:05:07,732 [INFO] PluginManage:283 - PluginManage : Loaded plugins [17]
2024-06-29 12:05:08,000 [INFO] PinOutPanel:1499 - setPackage(No Configuration,No Configuration)
2024-06-29 12:05:08,133 [INFO] CADModel:165 - CPN selected for project level
2024-06-29 12:05:08,133 [INFO] CADModel:114 - Register for checkConnection events
2024-06-29 12:05:08,156 [INFO] IPUIPlugin:80 - create IPUIPlugin
2024-06-29 12:05:08,157 [INFO] PluginManager:220 - loadIPPluginJar : add adc
2024-06-29 12:05:08,187 [INFO] IPUIPlugin:80 - create IPUIPlugin
2024-06-29 12:05:08,187 [INFO] PluginManager:220 - loadIPPluginJar : add aes
2024-06-29 12:05:08,219 [INFO] IPUIPlugin:80 - create IPUIPlugin
2024-06-29 12:05:08,219 [INFO] PluginManager:220 - loadIPPluginJar : add can
2024-06-29 12:05:08,236 [INFO] IPUIPlugin:80 - create IPUIPlugin
2024-06-29 12:05:08,236 [INFO] PluginManager:220 - loadIPPluginJar : add comp
2024-06-29 12:05:08,262 [INFO] IPUIPlugin:80 - create IPUIPlugin
2024-06-29 12:05:08,262 [INFO] PluginManager:220 - loadIPPluginJar : add cryp
2024-06-29 12:05:08,287 [INFO] IPUIPlugin:80 - create IPUIPlugin
2024-06-29 12:05:08,287 [INFO] PluginManager:220 - loadIPPluginJar : add dfsdm
2024-06-29 12:05:08,297 [INFO] IPUIPlugin:80 - create IPUIPlugin
2024-06-29 12:05:08,298 [INFO] PluginManager:220 - loadIPPluginJar : add dma
2024-06-29 12:05:08,331 [INFO] IPUIPlugin:80 - create IPUIPlugin
2024-06-29 12:05:08,331 [INFO] PluginManager:220 - loadIPPluginJar : add dma3
2024-06-29 12:05:08,347 [INFO] IPUIPlugin:80 - create IPUIPlugin
2024-06-29 12:05:08,347 [INFO] PluginManager:220 - loadIPPluginJar : add fatfs
2024-06-29 12:05:08,384 [INFO] IPUIPlugin:80 - create IPUIPlugin
2024-06-29 12:05:08,385 [INFO] PluginManager:220 - loadIPPluginJar : add fmc
2024-06-29 12:05:08,396 [INFO] IPUIPlugin:80 - create IPUIPlugin
2024-06-29 12:05:08,396 [INFO] PluginManager:220 - loadIPPluginJar : add freertos
2024-06-29 12:05:08,418 [INFO] IPUIPlugin:80 - create IPUIPlugin
2024-06-29 12:05:08,418 [INFO] PluginManager:220 - loadIPPluginJar : add genericplugin
2024-06-29 12:05:08,490 [INFO] IPUIPlugin:80 - create IPUIPlugin
2024-06-29 12:05:08,490 [INFO] PluginManager:220 - loadIPPluginJar : add gfxmmu
2024-06-29 12:05:08,593 [INFO] IPUIPlugin:80 - create IPUIPlugin
2024-06-29 12:05:08,593 [INFO] PluginManager:220 - loadIPPluginJar : add gic
2024-06-29 12:05:08,603 [INFO] IPUIPlugin:80 - create IPUIPlugin
2024-06-29 12:05:08,603 [INFO] PluginManager:220 - loadIPPluginJar : add gpio
2024-06-29 12:05:08,676 [INFO] IPUIPlugin:80 - create IPUIPlugin
2024-06-29 12:05:08,676 [INFO] PluginManager:220 - loadIPPluginJar : add gtzc
2024-06-29 12:05:08,702 [INFO] IPUIPlugin:80 - create IPUIPlugin
2024-06-29 12:05:08,702 [INFO] PluginManager:220 - loadIPPluginJar : add hash
2024-06-29 12:05:08,743 [INFO] IPUIPlugin:80 - create IPUIPlugin
2024-06-29 12:05:08,743 [INFO] PluginManager:220 - loadIPPluginJar : add i2c
2024-06-29 12:05:08,773 [INFO] IPUIPlugin:80 - create IPUIPlugin
2024-06-29 12:05:08,773 [INFO] PluginManager:220 - loadIPPluginJar : add i2s
2024-06-29 12:05:08,805 [INFO] IPUIPlugin:80 - create IPUIPlugin
2024-06-29 12:05:08,805 [INFO] PluginManager:220 - loadIPPluginJar : add i3c
2024-06-29 12:05:08,892 [INFO] IPUIPlugin:80 - create IPUIPlugin
2024-06-29 12:05:08,892 [INFO] PluginManager:220 - loadIPPluginJar : add ipddr
2024-06-29 12:05:08,969 [INFO] IPUIPlugin:80 - create IPUIPlugin
2024-06-29 12:05:08,969 [INFO] PluginManager:220 - loadIPPluginJar : add linkedlist
2024-06-29 12:05:08,998 [INFO] IPUIPlugin:80 - create IPUIPlugin
2024-06-29 12:05:08,998 [INFO] PluginManager:220 - loadIPPluginJar : add lorawan
2024-06-29 12:05:09,026 [INFO] IPUIPlugin:80 - create IPUIPlugin
2024-06-29 12:05:09,026 [INFO] PluginManager:220 - loadIPPluginJar : add ltdc
2024-06-29 12:05:09,037 [INFO] IPUIPlugin:80 - create IPUIPlugin
2024-06-29 12:05:09,038 [INFO] PluginManager:220 - loadIPPluginJar : add mdma
2024-06-29 12:05:09,047 [INFO] IPUIPlugin:80 - create IPUIPlugin
2024-06-29 12:05:09,047 [INFO] PluginManager:220 - loadIPPluginJar : add nvic
2024-06-29 12:05:09,079 [INFO] IPUIPlugin:80 - create IPUIPlugin
2024-06-29 12:05:09,079 [INFO] PluginManager:220 - loadIPPluginJar : add opamp
2024-06-29 12:05:09,131 [INFO] IPUIPlugin:80 - create IPUIPlugin
2024-06-29 12:05:09,132 [INFO] PluginManager:220 - loadIPPluginJar : add openamp
2024-06-29 12:05:09,166 [INFO] IPUIPlugin:80 - create IPUIPlugin
2024-06-29 12:05:09,166 [INFO] PluginManager:220 - loadIPPluginJar : add pdm2pcm
2024-06-29 12:05:09,177 [INFO] IPUIPlugin:80 - create IPUIPlugin
2024-06-29 12:05:09,179 [INFO] PluginManager:220 - loadIPPluginJar : add plateformsettings
2024-06-29 12:05:09,198 [INFO] IPUIPlugin:80 - create IPUIPlugin
2024-06-29 12:05:09,198 [INFO] PluginManager:220 - loadIPPluginJar : add quadspi
2024-06-29 12:05:09,208 [INFO] IPUIPlugin:80 - create IPUIPlugin
2024-06-29 12:05:09,208 [INFO] PluginManager:220 - loadIPPluginJar : add resmgrutility
2024-06-29 12:05:09,245 [INFO] IPUIPlugin:80 - create IPUIPlugin
2024-06-29 12:05:09,245 [INFO] PluginManager:220 - loadIPPluginJar : add sai
2024-06-29 12:05:09,274 [INFO] IPUIPlugin:80 - create IPUIPlugin
2024-06-29 12:05:09,274 [INFO] PluginManager:220 - loadIPPluginJar : add spi
2024-06-29 12:05:09,338 [INFO] IPUIPlugin:80 - create IPUIPlugin
2024-06-29 12:05:09,338 [INFO] PluginManager:220 - loadIPPluginJar : add stm32_wpan
2024-06-29 12:05:09,357 [INFO] IPUIPlugin:80 - create IPUIPlugin
2024-06-29 12:05:09,357 [INFO] PluginManager:220 - loadIPPluginJar : add tim
2024-06-29 12:05:09,400 [INFO] IPUIPlugin:80 - create IPUIPlugin
2024-06-29 12:05:09,400 [INFO] PluginManager:220 - loadIPPluginJar : add touchsensing
2024-06-29 12:05:09,418 [INFO] IPUIPlugin:80 - create IPUIPlugin
2024-06-29 12:05:09,418 [INFO] PluginManager:220 - loadIPPluginJar : add tracer_emb
2024-06-29 12:05:09,438 [INFO] IPUIPlugin:80 - create IPUIPlugin
2024-06-29 12:05:09,438 [INFO] PluginManager:220 - loadIPPluginJar : add ts
2024-06-29 12:05:09,456 [INFO] IPUIPlugin:80 - create IPUIPlugin
2024-06-29 12:05:09,456 [INFO] PluginManager:220 - loadIPPluginJar : add tsc
2024-06-29 12:05:09,473 [INFO] IPUIPlugin:80 - create IPUIPlugin
2024-06-29 12:05:09,473 [INFO] PluginManager:220 - loadIPPluginJar : add ucpd
2024-06-29 12:05:09,506 [INFO] IPUIPlugin:80 - create IPUIPlugin
2024-06-29 12:05:09,506 [INFO] PluginManager:220 - loadIPPluginJar : add usart
2024-06-29 12:05:09,547 [INFO] IPUIPlugin:80 - create IPUIPlugin
2024-06-29 12:05:09,547 [INFO] PluginManager:220 - loadIPPluginJar : add usbx
2024-06-29 12:05:09,701 [INFO] CADModel:165 - CPN selected for project level
2024-06-29 12:05:09,702 [INFO] CADModel:114 - Register for checkConnection events
2024-06-29 12:05:09,702 [FATAL] Updater:308 - Updater called before beeing initialized
2024-06-29 12:05:09,702 [ERROR] CADModel:125 - Updater not yet initialized, retry later 
2024-06-29 12:05:09,817 [INFO] CADModel:165 - CPN selected for project level
2024-06-29 12:05:09,817 [INFO] CADModel:114 - Register for checkConnection events
2024-06-29 12:05:09,817 [FATAL] Updater:308 - Updater called before beeing initialized
2024-06-29 12:05:09,817 [ERROR] CADModel:125 - Updater not yet initialized, retry later 
2024-06-29 12:05:09,819 [FATAL] Updater:308 - Updater called before beeing initialized
2024-06-29 12:05:09,950 [FATAL] Updater:308 - Updater called before beeing initialized
2024-06-29 12:05:09,957 [INFO] DbMcusAds:53 - JSON generation date=Wed Nov 29 17:52:27 ICT 2023 (1701255147349)
2024-06-29 12:05:09,957 [FATAL] Updater:308 - Updater called before beeing initialized
2024-06-29 12:05:10,029 [WARN] DetailPanel:346 - Failed to get advertising image, set to default
2024-06-29 12:05:10,130 [FATAL] Updater:308 - Updater called before beeing initialized
2024-06-29 12:05:10,132 [FATAL] Updater:308 - Updater called before beeing initialized
2024-06-29 12:05:10,132 [FATAL] Updater:308 - Updater called before beeing initialized
2024-06-29 12:05:10,132 [WARN] DetailPanel:346 - Failed to get advertising image, set to default
2024-06-29 12:05:10,133 [FATAL] Updater:308 - Updater called before beeing initialized
2024-06-29 12:05:10,195 [ERROR] Updater:1120 - MainUpdater not yet initialized. External WinMGr cannot be set.
2024-06-29 12:05:10,203 [INFO] Updater:1056 - Updater Version found : 6.10.0
2024-06-29 12:05:10,217 [INFO] ApplicationProperties:184 - Using Application install path: G:\stm32cubeide\stm32cubeide114\STM32CubeIDE_1.14.0\STM32CubeIDE\plugins\com.st.stm32cube.common.mx_6.10.0.202311202037
2024-06-29 12:05:10,530 [INFO] ThirdPartyUpdaterWithRetryManager:70 - Updater plugin not ready yet. [2/15]
2024-06-29 12:05:10,802 [INFO] MainUpdater:2873 - connection check result : 10
2024-06-29 12:05:10,803 [INFO] MainUpdater:290 - Updater Check For Update Now.
2024-06-29 12:05:10,803 [INFO] MicroXplorer:498 - Change Database Version : DB.6.0.100
2024-06-29 12:05:10,816 [INFO] McuFinderGlobals:63 - Set McuFinder mode to 2 (CubeIDE integrated)
2024-06-29 12:05:11,021 [INFO] CheckServerUpdateThread:120 - End of CheckServer Thread
2024-06-29 12:05:11,571 [INFO] UserAuth:404 - Internet connection configuration mode: 1
2024-06-29 12:05:11,594 [INFO] JxBrowserEngine:152 - Initiate JxBrowser Engine with user profile folder
2024-06-29 12:05:13,557 [INFO] WebApp:161 - Instantiating new browser for Auth
2024-06-29 12:05:13,821 [WARN] PackLoader:240 - Cannot read IP mode file for STMicroelectronics.FP-SNS-MOTENVWB1.1.4.0
2024-06-29 12:05:13,841 [WARN] PackLoader:240 - Cannot read IP mode file for STMicroelectronics.X-CUBE-SMBUS.2.1.0
2024-06-29 12:05:13,858 [WARN] PackLoader:240 - Cannot read IP mode file for STMicroelectronics.X-CUBE-TOUCHGFX.4.23.1
2024-06-29 12:05:13,869 [WARN] PackLoader:240 - Cannot read IP mode file for STMicroelectronics.X-CUBE-TOUCHGFX.4.23.0
2024-06-29 12:05:13,879 [WARN] PackLoader:240 - Cannot read IP mode file for STMicroelectronics.X-CUBE-TOUCHGFX.4.23.2
2024-06-29 12:05:13,933 [WARN] PackLoader:240 - Cannot read IP mode file for STMicroelectronics.X-CUBE-AZRTOS-F7.1.1.0
2024-06-29 12:05:13,952 [WARN] PackLoader:240 - Cannot read IP mode file for STMicroelectronics.FP-SNS-MOTENV1.4.3.2
2024-06-29 12:05:13,971 [WARN] PackLoader:240 - Cannot read IP mode file for STMicroelectronics.FP-SNS-FLIGHT1.5.0.2
2024-06-29 12:05:13,990 [WARN] PackLoader:240 - Cannot read IP mode file for STMicroelectronics.X-CUBE-DISPLAY.3.0.0
2024-06-29 12:05:14,012 [WARN] PackLoader:240 - Cannot read IP mode file for STMicroelectronics.X-CUBE-BLE1.7.0.0
2024-06-29 12:05:14,031 [WARN] PackLoader:240 - Cannot read IP mode file for emotas.I-CUBE-CANOPEN.1.3.0
2024-06-29 12:05:14,047 [WARN] PackLoader:240 - Cannot read IP mode file for STMicroelectronics.X-CUBE-TOUCHGFX.4.22.1
2024-06-29 12:05:14,070 [WARN] PackLoader:240 - Cannot read IP mode file for STMicroelectronics.X-CUBE-BLEMGR.3.1.0
2024-06-29 12:05:14,090 [WARN] PackLoader:240 - Cannot read IP mode file for STMicroelectronics.FP-SNS-SMARTAG2.1.2.0
2024-06-29 12:05:14,117 [INFO] LogOutputStream:77 - [STDOUT_REDIRECT] 1 : Invalid condition id : UX_CORESTACK_Condition cause : null
2024-06-29 12:05:14,117 [INFO] LogOutputStream:77 - [STDOUT_REDIRECT] 1 : Invalid condition id : UX_CORESTACK_Condition cause : null
2024-06-29 12:05:14,119 [INFO] LogOutputStream:77 - [STDOUT_REDIRECT] 1 : Invalid condition id : UX_CORESTACK_Condition cause : null
2024-06-29 12:05:14,120 [INFO] LogOutputStream:77 - [STDOUT_REDIRECT] 1 : Invalid condition id : UX_CORESTACK_Condition cause : null
2024-06-29 12:05:14,122 [INFO] LogOutputStream:77 - [STDOUT_REDIRECT] 1 : Invalid condition id : UX_CORESTACK_Condition cause : null
2024-06-29 12:05:14,126 [WARN] PackLoader:240 - Cannot read IP mode file for STMicroelectronics.X-CUBE-AZRTOS-WL.2.0.0
2024-06-29 12:05:14,146 [WARN] PackLoader:240 - Cannot read IP mode file for STMicroelectronics.FP-SNS-MOTENV1.5.0.0
2024-06-29 12:05:14,159 [WARN] PackLoader:240 - Cannot read IP mode file for wolfSSL.I-CUBE-wolfMQTT.1.19.0
2024-06-29 12:05:14,174 [WARN] PackLoader:240 - Cannot read IP mode file for WES.I-CUBE-Cesium.1.3.0
2024-06-29 12:05:14,188 [WARN] PackLoader:240 - Cannot read IP mode file for STMicroelectronics.X-CUBE-BLE2.3.3.0
2024-06-29 12:05:14,202 [WARN] PackLoader:240 - Cannot read IP mode file for STMicroelectronics.X-CUBE-TCPP.4.1.0
2024-06-29 12:05:14,219 [WARN] PackLoader:240 - Cannot read IP mode file for STMicroelectronics.X-CUBE-ALGOBUILD.1.3.0
2024-06-29 12:05:14,255 [WARN] PackLoader:240 - Cannot read IP mode file for STMicroelectronics.X-CUBE-AZRTOS-G0.1.1.0
2024-06-29 12:05:14,276 [WARN] PackLoader:240 - Cannot read IP mode file for STMicroelectronics.X-CUBE-SAFEA1.1.2.2
2024-06-29 12:05:14,297 [WARN] PackLoader:240 - Cannot read IP mode file for STMicroelectronics.X-CUBE-NFC4.3.0.0
2024-06-29 12:05:14,313 [WARN] PackLoader:240 - Cannot read IP mode file for wolfSSL.I-CUBE-wolfMQTT.1.18.0
2024-06-29 12:05:14,331 [WARN] PackLoader:240 - Cannot read IP mode file for STMicroelectronics.X-CUBE-BLEMGR.3.0.0
2024-06-29 12:05:14,350 [WARN] PackLoader:240 - Cannot read IP mode file for STMicroelectronics.FP-ATR-SIGFOX1.3.2.0
2024-06-29 12:05:14,353 [INFO] WebApp:780 - Register for checkConnection events
2024-06-29 12:05:14,353 [INFO] WebApp:414 - Apply proxy settings
2024-06-29 12:05:14,354 [INFO] WebApp:499 - Chromium requires no authentication
2024-06-29 12:05:14,366 [INFO] WebApp:442 - Direct internet connection detected
2024-06-29 12:05:14,369 [WARN] PackLoader:240 - Cannot read IP mode file for STMicroelectronics.X-CUBE-EEPRMA1.5.1.0
2024-06-29 12:05:14,420 [WARN] PackLoader:240 - Cannot read IP mode file for SEGGER.I-CUBE-embOS.1.3.1
2024-06-29 12:05:14,482 [WARN] PackLoader:240 - Cannot read IP mode file for STMicroelectronics.X-CUBE-ALGOBUILD.1.4.0
2024-06-29 12:05:14,500 [WARN] PackLoader:240 - Cannot read IP mode file for STMicroelectronics.X-CUBE-GNSS1.6.0.0
2024-06-29 12:05:14,540 [WARN] PackLoader:240 - Cannot read IP mode file for STMicroelectronics.X-CUBE-AZRTOS-F4.1.1.0
2024-06-29 12:05:14,562 [WARN] PackLoader:240 - Cannot read IP mode file for wolfSSL.I-CUBE-wolfSSL.5.6.3
2024-06-29 12:05:14,580 [WARN] PackLoader:240 - Cannot read IP mode file for STMicroelectronics.X-CUBE-FREERTOS.1.2.0
2024-06-29 12:05:14,617 [WARN] PackLoader:240 - Cannot read IP mode file for STMicroelectronics.X-CUBE-AZRTOS-L5.2.0.0
2024-06-29 12:05:14,670 [INFO] WebApp:192 - Starting web application
2024-06-29 12:05:14,671 [INFO] WebApp:544 - Web application path used G:\stm32cubeide\stm32cubeide114\STM32CubeIDE_1.14.0\STM32CubeIDE\plugins\com.st.stm32cube.common.mx_6.10.0.202311202037\db\plugins\mcufinder\reactClient1\index.html
2024-06-29 12:05:14,680 [WARN] PackLoader:240 - Cannot read IP mode file for STMicroelectronics.X-CUBE-MEMS1.9.6.0
2024-06-29 12:05:14,908 [WARN] PackLoader:240 - Cannot read IP mode file for STMicroelectronics.X-CUBE-EEPRMA1.4.2.0
2024-06-29 12:05:14,933 [WARN] PackLoader:240 - Cannot read IP mode file for STMicroelectronics.X-CUBE-NFC6.3.1.0
2024-06-29 12:05:14,966 [WARN] PackLoader:240 - Cannot read IP mode file for ITTIA_DB.I-CUBE-ITTIADB.8.8.0
2024-06-29 12:05:15,002 [WARN] PackLoader:240 - Cannot read IP mode file for STMicroelectronics.X-CUBE-BLEMGR.2.0.0
2024-06-29 12:05:15,020 [WARN] PackLoader:240 - Cannot read IP mode file for STMicroelectronics.X-CUBE-AI.9.0.0
2024-06-29 12:05:15,060 [WARN] ConditionMgr:438 - getConditionDescription Invalid condition id : UX DEVICE CLASS RTOS Condition cause : null
2024-06-29 12:05:15,060 [WARN] ConditionMgr:438 - getConditionDescription Invalid condition id : UX DEVICE CLASS RTOS Condition cause : null
2024-06-29 12:05:15,064 [WARN] PackLoader:240 - Cannot read IP mode file for STMicroelectronics.X-CUBE-AZRTOS-H7.3.1.0
2024-06-29 12:05:15,065 [WARN] ConditionMgr:1039 - genDependencies : Invalid condition id : UX DEVICE CLASS RTOS Condition cause : null
2024-06-29 12:05:15,065 [WARN] ConditionMgr:1039 - genDependencies : Invalid condition id : UX DEVICE CLASS RTOS Condition cause : null
2024-06-29 12:05:15,066 [WARN] ConditionMgr:1039 - genDependencies : Invalid condition id : UX DEVICE CLASS RTOS Condition cause : null
2024-06-29 12:05:15,067 [WARN] ConditionMgr:1039 - genDependencies : Invalid condition id : UX DEVICE CLASS RTOS Condition cause : null
2024-06-29 12:05:15,067 [WARN] ConditionMgr:1039 - genDependencies : Invalid condition id : UX DEVICE CLASS RTOS Condition cause : null
2024-06-29 12:05:15,131 [WARN] PackLoader:240 - Cannot read IP mode file for STMicroelectronics.X-CUBE-NFC7.1.0.1
2024-06-29 12:05:15,156 [WARN] PackLoader:240 - Cannot read IP mode file for STMicroelectronics.X-CUBE-NFC6.3.0.0
2024-06-29 12:05:15,176 [WARN] PackLoader:240 - Cannot read IP mode file for STMicroelectronics.X-CUBE-EEPRMA1.4.1.0
2024-06-29 12:05:15,197 [WARN] PackLoader:240 - Cannot read IP mode file for STMicroelectronics.X-CUBE-AI.8.1.0
2024-06-29 12:05:15,243 [WARN] ConditionMgr:438 - getConditionDescription Invalid condition id : LAN8742 Phy interface Condition cause : null
2024-06-29 12:05:15,243 [WARN] PackLoader:240 - Cannot read IP mode file for STMicroelectronics.X-CUBE-AZRTOS-L4.2.0.0
2024-06-29 12:05:15,245 [WARN] ConditionMgr:1039 - genDependencies : Invalid condition id : LAN8742 Phy interface Condition cause : null
2024-06-29 12:05:15,245 [WARN] ConditionMgr:1039 - genDependencies : Invalid condition id : LAN8742 Phy interface Condition cause : null
2024-06-29 12:05:15,246 [WARN] ConditionMgr:1039 - genDependencies : Invalid condition id : LAN8742 Phy interface Condition cause : null
2024-06-29 12:05:15,267 [WARN] PackLoader:240 - Cannot read IP mode file for STMicroelectronics.X-CUBE-SFXS2LP1.4.0.0
2024-06-29 12:05:15,285 [WARN] PackLoader:240 - Cannot read IP mode file for STMicroelectronics.X-CUBE-ISPU.1.1.0
2024-06-29 12:05:15,315 [WARN] ConditionMgr:438 - getConditionDescription Invalid condition id : UX DEVICE CLASS RTOS Condition cause : null
2024-06-29 12:05:15,315 [WARN] ConditionMgr:438 - getConditionDescription Invalid condition id : UX DEVICE CLASS RTOS Condition cause : null
2024-06-29 12:05:15,318 [WARN] PackLoader:240 - Cannot read IP mode file for STMicroelectronics.X-CUBE-AZRTOS-WB.2.0.0
2024-06-29 12:05:15,319 [WARN] ConditionMgr:1039 - genDependencies : Invalid condition id : UX DEVICE CLASS RTOS Condition cause : null
2024-06-29 12:05:15,319 [WARN] ConditionMgr:1039 - genDependencies : Invalid condition id : UX DEVICE CLASS RTOS Condition cause : null
2024-06-29 12:05:15,319 [WARN] ConditionMgr:1039 - genDependencies : Invalid condition id : UX DEVICE CLASS RTOS Condition cause : null
2024-06-29 12:05:15,320 [WARN] ConditionMgr:1039 - genDependencies : Invalid condition id : UX DEVICE CLASS RTOS Condition cause : null
2024-06-29 12:05:15,320 [WARN] ConditionMgr:1039 - genDependencies : Invalid condition id : UX DEVICE CLASS RTOS Condition cause : null
2024-06-29 12:05:15,344 [WARN] PackLoader:240 - Cannot read IP mode file for STMicroelectronics.X-CUBE-SUBG2.5.0.0
2024-06-29 12:05:15,372 [WARN] PackLoader:240 - Cannot read IP mode file for STMicroelectronics.X-CUBE-TOF1.3.3.1
2024-06-29 12:05:15,411 [WARN] PackLoader:240 - Cannot read IP mode file for STMicroelectronics.X-CUBE-AZRTOS-G4.2.0.0
2024-06-29 12:05:15,440 [WARN] PackLoader:240 - Cannot read IP mode file for Infineon.AIROC-Wi-Fi-Bluetooth-STM32.1.5.1
2024-06-29 12:05:15,467 [WARN] PackLoader:240 - Cannot read IP mode file for STMicroelectronics.FP-SNS-MOTENVWB1.1.3.0
2024-06-29 12:05:15,492 [WARN] PackLoader:240 - Cannot read IP mode file for STMicroelectronics.FP-SNS-MOTENVWB1.1.3.1
2024-06-29 12:05:15,513 [WARN] PackLoader:240 - Cannot read IP mode file for STMicroelectronics.X-CUBE-ISPU.2.0.0
2024-06-29 12:05:15,545 [WARN] PackLoader:240 - Cannot read IP mode file for STMicroelectronics.X-CUBE-ALS.1.0.2
2024-06-29 12:05:15,618 [WARN] PackLoader:240 - Cannot read IP mode file for STMicroelectronics.X-CUBE-MEMS1.10.0.0
2024-06-29 12:05:15,801 [WARN] PackLoader:240 - Cannot read IP mode file for STMicroelectronics.X-CUBE-FREERTOS.1.1.0
2024-06-29 12:05:15,819 [WARN] PackLoader:240 - Cannot read IP mode file for STMicroelectronics.X-CUBE-TOUCHGFX.4.24.0
2024-06-29 12:05:15,839 [WARN] PackLoader:240 - Cannot read IP mode file for portGmbH.I-Cube-SoM-uGOAL.1.1.0
2024-06-29 12:05:15,853 [WARN] PackLoader:240 - Cannot read IP mode file for STMicroelectronics.X-CUBE-ALS.1.0.1
2024-06-29 12:05:15,895 [WARN] PackLoader:240 - Cannot read IP mode file for STMicroelectronics.X-CUBE-AZRTOS-H7RS.1.0.0
2024-06-29 12:05:15,916 [WARN] PackLoader:240 - Cannot read IP mode file for STMicroelectronics.FP-ATR-ASTRA1.2.0.0
2024-06-29 12:05:15,943 [WARN] PackLoader:240 - Cannot read IP mode file for STMicroelectronics.X-CUBE-TOF1.3.4.0
2024-06-29 12:05:15,981 [WARN] PackLoader:240 - Cannot read IP mode file for STMicroelectronics.X-CUBE-TOF1.3.4.1
2024-06-29 12:05:16,042 [WARN] PackLoader:240 - Cannot read IP mode file for STMicroelectronics.X-CUBE-AZRTOS-H7.3.2.0
2024-06-29 12:05:16,046 [INFO] ThirdParty:978 - Integrity check success = true
2024-06-29 12:05:16,046 [INFO] IntegrityCheckThread:100 - exiting critical section [integrity check]
2024-06-29 12:05:16,046 [INFO] IntegrityCheckThread:103 - End integrity checks thread
2024-06-29 12:05:35,760 [ERROR] LogOutputStream:75 - [STDERR_REDIRECT] SLF4J: Failed to load class "org.slf4j.impl.StaticLoggerBinder".
2024-06-29 12:05:35,760 [ERROR] LogOutputStream:75 - [STDERR_REDIRECT] SLF4J: Defaulting to no-operation (NOP) logger implementation
2024-06-29 12:05:35,761 [ERROR] LogOutputStream:75 - [STDERR_REDIRECT] SLF4J: See http://www.slf4j.org/codes.html#StaticLoggerBinder for further details.
2024-06-29 12:12:37,186 [ERROR] LogOutputStream:75 - [STDERR_REDIRECT] 
2024-06-29 15:01:48,263 [INFO] Activator:176 - 


2024-06-29 15:01:48,265 [INFO] Activator:177 - !SESSION log4j initialized
2024-06-29 15:01:54,914 [INFO] LogOutputStream:77 - [STDOUT_REDIRECT] 
2024-06-29 15:02:01,538 [INFO] ApplicationProperties:184 - Using Application install path: G:\stm32cubeide\stm32cubeide114\STM32CubeIDE_1.14.0\STM32CubeIDE\plugins\com.st.stm32cube.common.mx_6.10.0.202311202037
2024-06-29 15:02:01,557 [INFO] DbMcusXml:78 - Set database path to: G:\stm32cubeide\stm32cubeide114\STM32CubeIDE_1.14.0\STM32CubeIDE\plugins\com.st.stm32cube.common.mx_6.10.0.202311202037\\db\/mcu/
2024-06-29 15:02:01,557 [INFO] ApiDb:274 - Set plugin database path to: G:\stm32cubeide\stm32cubeide114\STM32CubeIDE_1.14.0\STM32CubeIDE\plugins\com.st.stm32cube.common.mx_6.10.0.202311202037\\db\/plugins/boardmanager/
2024-06-29 15:02:01,557 [WARN] ApiDb:259 - Overriding images path with different value:  => G:\stm32cubeide\stm32cubeide114\STM32CubeIDE_1.14.0\STM32CubeIDE\plugins\com.st.stm32cube.common.mx_6.10.0.202311202037\\db\/plugins/mcufinder/images/
2024-06-29 15:02:01,570 [INFO] ApiDb:250 - Set database path to: C:\Users\Nghia\.stmcufinder\plugins\mcufinder//mcu/
2024-06-29 15:02:01,571 [INFO] DbMcusAds:125 - Set database path to: C:\Users\Nghia\.stmcufinder\plugins\mcufinder//mcu/
2024-06-29 15:02:01,572 [INFO] CrossReferenceDbSqlite:203 - Set database path to: C:\Users\Nghia\.stmcufinder\plugins\mcufinder//mcu/cs/
2024-06-29 15:02:01,676 [INFO] RulesReader:64 - Compatibility file has been processed (297 Rules)
2024-06-29 15:02:01,759 [INFO] DbMcusXml:78 - Set database path to: G:\stm32cubeide\stm32cubeide114\STM32CubeIDE_1.14.0\STM32CubeIDE\plugins\com.st.stm32cube.common.mx_6.10.0.202311202037\\db\/mcu/
2024-06-29 15:02:01,759 [INFO] ApiDb:274 - Set plugin database path to: G:\stm32cubeide\stm32cubeide114\STM32CubeIDE_1.14.0\STM32CubeIDE\plugins\com.st.stm32cube.common.mx_6.10.0.202311202037\\db\/plugins/boardmanager/
2024-06-29 15:02:01,759 [INFO] ApiDb:261 - Set plugin images path to: G:\stm32cubeide\stm32cubeide114\STM32CubeIDE_1.14.0\STM32CubeIDE\plugins\com.st.stm32cube.common.mx_6.10.0.202311202037\\db\/plugins/mcufinder/images/
2024-06-29 15:02:01,759 [WARN] DbFile:41 - Overriding database path with different value: C:\Users\Nghia\.stmcufinder\plugins\mcufinder/ => C:\Users\Nghia\.stmcufinder\plugins\mcufinder
2024-06-29 15:02:01,759 [INFO] ApiDb:250 - Set database path to: C:\Users\Nghia\.stmcufinder\plugins\mcufinder//mcu/
2024-06-29 15:02:01,760 [WARN] DbFile:41 - Overriding database path with different value: C:\Users\Nghia\.stmcufinder\plugins\mcufinder/ => C:\Users\Nghia\.stmcufinder\plugins\mcufinder
2024-06-29 15:02:01,760 [INFO] DbMcusAds:125 - Set database path to: C:\Users\Nghia\.stmcufinder\plugins\mcufinder//mcu/
2024-06-29 15:02:01,760 [WARN] DbFile:41 - Overriding database path with different value: C:\Users\Nghia\.stmcufinder\plugins\mcufinder/ => C:\Users\Nghia\.stmcufinder\plugins\mcufinder
2024-06-29 15:02:01,760 [WARN] DbFile:41 - Overriding database path with different value: C:\Users\Nghia\.stmcufinder\plugins\mcufinder/ => C:\Users\Nghia\.stmcufinder\plugins\mcufinder
2024-06-29 15:02:01,760 [INFO] CrossReferenceDbSqlite:203 - Set database path to: C:\Users\Nghia\.stmcufinder\plugins\mcufinder//mcu/cs/
2024-06-29 15:02:01,826 [INFO] MainPanel:264 - HeapMemory: 268435456
2024-06-29 15:02:01,908 [INFO] DbMcusXml:78 - Set database path to: G:\stm32cubeide\stm32cubeide114\STM32CubeIDE_1.14.0\STM32CubeIDE\plugins\com.st.stm32cube.common.mx_6.10.0.202311202037\\db\/mcu/
2024-06-29 15:02:01,908 [INFO] ApiDb:274 - Set plugin database path to: G:\stm32cubeide\stm32cubeide114\STM32CubeIDE_1.14.0\STM32CubeIDE\plugins\com.st.stm32cube.common.mx_6.10.0.202311202037\\db\/plugins/boardmanager/
2024-06-29 15:02:01,908 [INFO] ApiDb:261 - Set plugin images path to: G:\stm32cubeide\stm32cubeide114\STM32CubeIDE_1.14.0\STM32CubeIDE\plugins\com.st.stm32cube.common.mx_6.10.0.202311202037\\db\/plugins/mcufinder/images/
2024-06-29 15:02:01,909 [WARN] DbFile:41 - Overriding database path with different value: C:\Users\Nghia\.stmcufinder\plugins\mcufinder/ => C:\Users\Nghia\.stmcufinder\plugins\mcufinder
2024-06-29 15:02:01,909 [INFO] ApiDb:250 - Set database path to: C:\Users\Nghia\.stmcufinder\plugins\mcufinder//mcu/
2024-06-29 15:02:01,909 [WARN] DbFile:41 - Overriding database path with different value: C:\Users\Nghia\.stmcufinder\plugins\mcufinder/ => C:\Users\Nghia\.stmcufinder\plugins\mcufinder
2024-06-29 15:02:01,909 [INFO] DbMcusAds:125 - Set database path to: C:\Users\Nghia\.stmcufinder\plugins\mcufinder//mcu/
2024-06-29 15:02:01,909 [WARN] DbFile:41 - Overriding database path with different value: C:\Users\Nghia\.stmcufinder\plugins\mcufinder/ => C:\Users\Nghia\.stmcufinder\plugins\mcufinder
2024-06-29 15:02:01,909 [WARN] DbFile:41 - Overriding database path with different value: C:\Users\Nghia\.stmcufinder\plugins\mcufinder/ => C:\Users\Nghia\.stmcufinder\plugins\mcufinder
2024-06-29 15:02:01,909 [INFO] CrossReferenceDbSqlite:203 - Set database path to: C:\Users\Nghia\.stmcufinder\plugins\mcufinder//mcu/cs/
2024-06-29 15:02:01,925 [INFO] ApplicationProperties:184 - Using Application install path: G:\stm32cubeide\stm32cubeide114\STM32CubeIDE_1.14.0\STM32CubeIDE\plugins\com.st.stm32cube.common.mx_6.10.0.202311202037
2024-06-29 15:02:01,926 [INFO] PluginManage:196 - Search for loadable plugins [exclusion list=, ]
2024-06-29 15:02:01,928 [INFO] PluginManage:310 - Check plugin analytics
2024-06-29 15:02:06,978 [INFO] AnalyticsPlugin:253 - Accepted Software Licenses: STM32CubeMX.6.8.0,STM32CubeMX.6.1.1
2024-06-29 15:02:06,978 [INFO] AnalyticsPlugin:255 - Accepted CMSIS Pack Licenses: 
2024-06-29 15:02:06,979 [INFO] AnalyticsPlugin:257 - Accepted Firmware Licenses: FW.F4.1.27.0,FW.F4.1.28.0
2024-06-29 15:02:06,981 [INFO] PluginManage:359 - Loaded plugin analytics (category:tool,tabindex:-1)
2024-06-29 15:02:06,982 [INFO] PluginManage:310 - Check plugin cadmodel
2024-06-29 15:02:06,997 [INFO] CADModel:105 - Init CAD model plugin
2024-06-29 15:02:06,997 [INFO] PluginManage:359 - Loaded plugin cadmodel (category:power,tabindex:5)
2024-06-29 15:02:06,997 [INFO] PluginManage:310 - Check plugin clock
2024-06-29 15:02:07,018 [INFO] PluginManage:359 - Loaded plugin clock (category:base,tabindex:2)
2024-06-29 15:02:07,018 [INFO] PluginManage:310 - Check plugin ddr
2024-06-29 15:02:07,020 [INFO] PluginManage:359 - Loaded plugin ddr (category:tool,tabindex:6)
2024-06-29 15:02:07,020 [INFO] PluginManage:310 - Check plugin filemanager
2024-06-29 15:02:07,142 [INFO] PluginManage:359 - Loaded plugin filemanager (category:base,tabindex:10)
2024-06-29 15:02:07,143 [INFO] PluginManage:310 - Check plugin ipmanager
2024-06-29 15:02:07,149 [INFO] PluginManage:359 - Loaded plugin ipmanager (category:base,tabindex:5)
2024-06-29 15:02:07,149 [INFO] PluginManage:310 - Check plugin lpbam
2024-06-29 15:02:07,166 [INFO] PluginManage:359 - Loaded plugin lpbam (category:base,tabindex:0)
2024-06-29 15:02:07,166 [INFO] PluginManage:310 - Check plugin memorymap
2024-06-29 15:02:07,188 [INFO] PluginManage:359 - Loaded plugin memorymap (category:base,tabindex:4)
2024-06-29 15:02:07,188 [INFO] PluginManage:310 - Check plugin pinoutandconfiguration
2024-06-29 15:02:07,204 [INFO] PluginManage:359 - Loaded plugin pinoutandconfiguration (category:base,tabindex:1)
2024-06-29 15:02:07,204 [INFO] PluginManage:310 - Check plugin pinoutconfig
2024-06-29 15:02:07,288 [WARN] SupportedApi:132 - Cannot load RTOS API schema: s4s-elt-must-match.1: The content of 'definitions' must match (annotation?, (simpleType | complexType)?, (unique | key | keyref)*)). A problem was found starting at: attribute.
2024-06-29 15:02:07,416 [INFO] PluginManage:359 - Loaded plugin pinoutconfig (category:base,tabindex:0)
2024-06-29 15:02:07,416 [INFO] PluginManage:310 - Check plugin power
2024-06-29 15:02:07,432 [INFO] PluginManage:359 - Loaded plugin power (category:power,tabindex:4)
2024-06-29 15:02:07,432 [INFO] PluginManage:310 - Check plugin projectmanager
2024-06-29 15:02:07,446 [INFO] PluginManage:359 - Loaded plugin projectmanager (category:projectmanager,tabindex:3)
2024-06-29 15:02:07,446 [INFO] PluginManage:310 - Check plugin thirdparty
2024-06-29 15:02:07,678 [INFO] PluginManage:359 - Loaded plugin thirdparty (category:base,tabindex:-1)
2024-06-29 15:02:07,678 [WARN] IntegrityCheckThread:84 - waiting for thirdparty lock release [integrity check]
2024-06-29 15:02:07,678 [INFO] PluginManage:310 - Check plugin tools
2024-06-29 15:02:07,678 [INFO] IntegrityCheckThread:86 - entering critical section [integrity check]
2024-06-29 15:02:07,679 [INFO] ThirdPartyUpdaterWithRetryManager:70 - Updater plugin not ready yet. [1/15]
2024-06-29 15:02:07,713 [INFO] PluginManage:359 - Loaded plugin tools (category:base,tabindex:7)
2024-06-29 15:02:07,714 [INFO] PluginManage:310 - Check plugin tutovideos
2024-06-29 15:02:07,880 [INFO] PluginManage:359 - Loaded plugin tutovideos (category:base,tabindex:-1)
2024-06-29 15:02:07,880 [INFO] PluginManage:310 - Check plugin updater
2024-06-29 15:02:07,890 [INFO] PluginManage:359 - Loaded plugin updater (category:base,tabindex:12)
2024-06-29 15:02:07,890 [INFO] PluginManage:310 - Check plugin userauth
2024-06-29 15:02:07,895 [INFO] UserAuth:114 - Init User Auth plugin
2024-06-29 15:02:07,895 [INFO] PluginManage:359 - Loaded plugin userauth (category:base,tabindex:14)
2024-06-29 15:02:07,895 [INFO] PluginManage:283 - PluginManage : Loaded plugins [17]
2024-06-29 15:02:08,095 [INFO] PinOutPanel:1499 - setPackage(No Configuration,No Configuration)
2024-06-29 15:02:08,182 [INFO] CADModel:165 - CPN selected for project level
2024-06-29 15:02:08,182 [INFO] CADModel:114 - Register for checkConnection events
2024-06-29 15:02:08,205 [INFO] IPUIPlugin:80 - create IPUIPlugin
2024-06-29 15:02:08,205 [INFO] PluginManager:220 - loadIPPluginJar : add adc
2024-06-29 15:02:08,242 [INFO] IPUIPlugin:80 - create IPUIPlugin
2024-06-29 15:02:08,243 [INFO] PluginManager:220 - loadIPPluginJar : add aes
2024-06-29 15:02:08,282 [INFO] IPUIPlugin:80 - create IPUIPlugin
2024-06-29 15:02:08,282 [INFO] PluginManager:220 - loadIPPluginJar : add can
2024-06-29 15:02:08,302 [INFO] IPUIPlugin:80 - create IPUIPlugin
2024-06-29 15:02:08,302 [INFO] PluginManager:220 - loadIPPluginJar : add comp
2024-06-29 15:02:08,331 [INFO] IPUIPlugin:80 - create IPUIPlugin
2024-06-29 15:02:08,331 [INFO] PluginManager:220 - loadIPPluginJar : add cryp
2024-06-29 15:02:08,359 [INFO] IPUIPlugin:80 - create IPUIPlugin
2024-06-29 15:02:08,359 [INFO] PluginManager:220 - loadIPPluginJar : add dfsdm
2024-06-29 15:02:08,371 [INFO] IPUIPlugin:80 - create IPUIPlugin
2024-06-29 15:02:08,371 [INFO] PluginManager:220 - loadIPPluginJar : add dma
2024-06-29 15:02:08,419 [INFO] IPUIPlugin:80 - create IPUIPlugin
2024-06-29 15:02:08,419 [INFO] PluginManager:220 - loadIPPluginJar : add dma3
2024-06-29 15:02:08,439 [INFO] IPUIPlugin:80 - create IPUIPlugin
2024-06-29 15:02:08,439 [INFO] PluginManager:220 - loadIPPluginJar : add fatfs
2024-06-29 15:02:08,484 [INFO] IPUIPlugin:80 - create IPUIPlugin
2024-06-29 15:02:08,484 [INFO] PluginManager:220 - loadIPPluginJar : add fmc
2024-06-29 15:02:08,499 [INFO] IPUIPlugin:80 - create IPUIPlugin
2024-06-29 15:02:08,499 [INFO] PluginManager:220 - loadIPPluginJar : add freertos
2024-06-29 15:02:08,518 [INFO] IPUIPlugin:80 - create IPUIPlugin
2024-06-29 15:02:08,519 [INFO] PluginManager:220 - loadIPPluginJar : add genericplugin
2024-06-29 15:02:08,614 [INFO] IPUIPlugin:80 - create IPUIPlugin
2024-06-29 15:02:08,614 [INFO] PluginManager:220 - loadIPPluginJar : add gfxmmu
2024-06-29 15:02:08,755 [INFO] IPUIPlugin:80 - create IPUIPlugin
2024-06-29 15:02:08,755 [INFO] PluginManager:220 - loadIPPluginJar : add gic
2024-06-29 15:02:08,769 [INFO] IPUIPlugin:80 - create IPUIPlugin
2024-06-29 15:02:08,769 [INFO] PluginManager:220 - loadIPPluginJar : add gpio
2024-06-29 15:02:08,882 [INFO] IPUIPlugin:80 - create IPUIPlugin
2024-06-29 15:02:08,882 [INFO] PluginManager:220 - loadIPPluginJar : add gtzc
2024-06-29 15:02:08,915 [INFO] IPUIPlugin:80 - create IPUIPlugin
2024-06-29 15:02:08,915 [INFO] PluginManager:220 - loadIPPluginJar : add hash
2024-06-29 15:02:08,961 [INFO] IPUIPlugin:80 - create IPUIPlugin
2024-06-29 15:02:08,961 [INFO] PluginManager:220 - loadIPPluginJar : add i2c
2024-06-29 15:02:08,998 [INFO] IPUIPlugin:80 - create IPUIPlugin
2024-06-29 15:02:08,998 [INFO] PluginManager:220 - loadIPPluginJar : add i2s
2024-06-29 15:02:09,037 [INFO] IPUIPlugin:80 - create IPUIPlugin
2024-06-29 15:02:09,037 [INFO] PluginManager:220 - loadIPPluginJar : add i3c
2024-06-29 15:02:09,129 [INFO] IPUIPlugin:80 - create IPUIPlugin
2024-06-29 15:02:09,130 [INFO] PluginManager:220 - loadIPPluginJar : add ipddr
2024-06-29 15:02:09,222 [INFO] IPUIPlugin:80 - create IPUIPlugin
2024-06-29 15:02:09,222 [INFO] PluginManager:220 - loadIPPluginJar : add linkedlist
2024-06-29 15:02:09,254 [INFO] IPUIPlugin:80 - create IPUIPlugin
2024-06-29 15:02:09,254 [INFO] PluginManager:220 - loadIPPluginJar : add lorawan
2024-06-29 15:02:09,288 [INFO] IPUIPlugin:80 - create IPUIPlugin
2024-06-29 15:02:09,288 [INFO] PluginManager:220 - loadIPPluginJar : add ltdc
2024-06-29 15:02:09,300 [INFO] IPUIPlugin:80 - create IPUIPlugin
2024-06-29 15:02:09,300 [INFO] PluginManager:220 - loadIPPluginJar : add mdma
2024-06-29 15:02:09,311 [INFO] IPUIPlugin:80 - create IPUIPlugin
2024-06-29 15:02:09,311 [INFO] PluginManager:220 - loadIPPluginJar : add nvic
2024-06-29 15:02:09,343 [INFO] IPUIPlugin:80 - create IPUIPlugin
2024-06-29 15:02:09,343 [INFO] PluginManager:220 - loadIPPluginJar : add opamp
2024-06-29 15:02:09,408 [INFO] IPUIPlugin:80 - create IPUIPlugin
2024-06-29 15:02:09,408 [INFO] PluginManager:220 - loadIPPluginJar : add openamp
2024-06-29 15:02:09,447 [INFO] IPUIPlugin:80 - create IPUIPlugin
2024-06-29 15:02:09,447 [INFO] PluginManager:220 - loadIPPluginJar : add pdm2pcm
2024-06-29 15:02:09,459 [INFO] IPUIPlugin:80 - create IPUIPlugin
2024-06-29 15:02:09,460 [INFO] PluginManager:220 - loadIPPluginJar : add plateformsettings
2024-06-29 15:02:09,481 [INFO] IPUIPlugin:80 - create IPUIPlugin
2024-06-29 15:02:09,481 [INFO] PluginManager:220 - loadIPPluginJar : add quadspi
2024-06-29 15:02:09,492 [INFO] IPUIPlugin:80 - create IPUIPlugin
2024-06-29 15:02:09,493 [INFO] PluginManager:220 - loadIPPluginJar : add resmgrutility
2024-06-29 15:02:09,535 [INFO] IPUIPlugin:80 - create IPUIPlugin
2024-06-29 15:02:09,535 [INFO] PluginManager:220 - loadIPPluginJar : add sai
2024-06-29 15:02:09,572 [INFO] IPUIPlugin:80 - create IPUIPlugin
2024-06-29 15:02:09,572 [INFO] PluginManager:220 - loadIPPluginJar : add spi
2024-06-29 15:02:09,634 [INFO] IPUIPlugin:80 - create IPUIPlugin
2024-06-29 15:02:09,634 [INFO] PluginManager:220 - loadIPPluginJar : add stm32_wpan
2024-06-29 15:02:09,655 [INFO] IPUIPlugin:80 - create IPUIPlugin
2024-06-29 15:02:09,655 [INFO] PluginManager:220 - loadIPPluginJar : add tim
2024-06-29 15:02:09,708 [INFO] IPUIPlugin:80 - create IPUIPlugin
2024-06-29 15:02:09,708 [INFO] PluginManager:220 - loadIPPluginJar : add touchsensing
2024-06-29 15:02:09,730 [INFO] IPUIPlugin:80 - create IPUIPlugin
2024-06-29 15:02:09,730 [INFO] PluginManager:220 - loadIPPluginJar : add tracer_emb
2024-06-29 15:02:09,752 [INFO] IPUIPlugin:80 - create IPUIPlugin
2024-06-29 15:02:09,752 [INFO] PluginManager:220 - loadIPPluginJar : add ts
2024-06-29 15:02:09,772 [INFO] IPUIPlugin:80 - create IPUIPlugin
2024-06-29 15:02:09,772 [INFO] PluginManager:220 - loadIPPluginJar : add tsc
2024-06-29 15:02:09,794 [INFO] IPUIPlugin:80 - create IPUIPlugin
2024-06-29 15:02:09,794 [INFO] PluginManager:220 - loadIPPluginJar : add ucpd
2024-06-29 15:02:09,834 [INFO] IPUIPlugin:80 - create IPUIPlugin
2024-06-29 15:02:09,835 [INFO] PluginManager:220 - loadIPPluginJar : add usart
2024-06-29 15:02:09,876 [INFO] IPUIPlugin:80 - create IPUIPlugin
2024-06-29 15:02:09,876 [INFO] PluginManager:220 - loadIPPluginJar : add usbx
2024-06-29 15:02:10,008 [INFO] CADModel:165 - CPN selected for project level
2024-06-29 15:02:10,008 [INFO] CADModel:114 - Register for checkConnection events
2024-06-29 15:02:10,009 [FATAL] Updater:308 - Updater called before beeing initialized
2024-06-29 15:02:10,009 [ERROR] CADModel:125 - Updater not yet initialized, retry later 
2024-06-29 15:02:10,133 [INFO] CADModel:165 - CPN selected for project level
2024-06-29 15:02:10,133 [INFO] CADModel:114 - Register for checkConnection events
2024-06-29 15:02:10,133 [FATAL] Updater:308 - Updater called before beeing initialized
2024-06-29 15:02:10,133 [ERROR] CADModel:125 - Updater not yet initialized, retry later 
2024-06-29 15:02:10,136 [FATAL] Updater:308 - Updater called before beeing initialized
2024-06-29 15:02:10,236 [FATAL] Updater:308 - Updater called before beeing initialized
2024-06-29 15:02:10,246 [INFO] DbMcusAds:53 - JSON generation date=Wed Nov 29 17:52:27 ICT 2023 (1701255147349)
2024-06-29 15:02:10,246 [FATAL] Updater:308 - Updater called before beeing initialized
2024-06-29 15:02:10,342 [WARN] DetailPanel:346 - Failed to get advertising image, set to default
2024-06-29 15:02:10,457 [FATAL] Updater:308 - Updater called before beeing initialized
2024-06-29 15:02:10,461 [FATAL] Updater:308 - Updater called before beeing initialized
2024-06-29 15:02:10,461 [FATAL] Updater:308 - Updater called before beeing initialized
2024-06-29 15:02:10,461 [WARN] DetailPanel:346 - Failed to get advertising image, set to default
2024-06-29 15:02:10,462 [FATAL] Updater:308 - Updater called before beeing initialized
2024-06-29 15:02:10,534 [ERROR] Updater:1120 - MainUpdater not yet initialized. External WinMGr cannot be set.
2024-06-29 15:02:10,546 [INFO] Updater:1056 - Updater Version found : 6.10.0
2024-06-29 15:02:10,565 [INFO] ApplicationProperties:184 - Using Application install path: G:\stm32cubeide\stm32cubeide114\STM32CubeIDE_1.14.0\STM32CubeIDE\plugins\com.st.stm32cube.common.mx_6.10.0.202311202037
2024-06-29 15:02:10,679 [INFO] ThirdPartyUpdaterWithRetryManager:70 - Updater plugin not ready yet. [2/15]
2024-06-29 15:02:11,092 [INFO] MainUpdater:2873 - connection check result : 10
2024-06-29 15:02:11,093 [INFO] MainUpdater:290 - Updater Check For Update Now.
2024-06-29 15:02:11,093 [INFO] MicroXplorer:498 - Change Database Version : DB.6.0.100
2024-06-29 15:02:11,110 [INFO] McuFinderGlobals:63 - Set McuFinder mode to 2 (CubeIDE integrated)
2024-06-29 15:02:11,316 [INFO] CheckServerUpdateThread:120 - End of CheckServer Thread
2024-06-29 15:02:11,697 [INFO] UserAuth:404 - Internet connection configuration mode: 1
2024-06-29 15:02:11,724 [INFO] JxBrowserEngine:152 - Initiate JxBrowser Engine with user profile folder
2024-06-29 15:02:13,894 [INFO] WebApp:161 - Instantiating new browser for Auth
2024-06-29 15:02:14,004 [WARN] PackLoader:240 - Cannot read IP mode file for STMicroelectronics.FP-SNS-MOTENVWB1.1.4.0
2024-06-29 15:02:14,035 [WARN] PackLoader:240 - Cannot read IP mode file for STMicroelectronics.X-CUBE-SMBUS.2.1.0
2024-06-29 15:02:14,058 [WARN] PackLoader:240 - Cannot read IP mode file for STMicroelectronics.X-CUBE-TOUCHGFX.4.23.1
2024-06-29 15:02:14,076 [WARN] PackLoader:240 - Cannot read IP mode file for STMicroelectronics.X-CUBE-TOUCHGFX.4.23.0
2024-06-29 15:02:14,098 [WARN] PackLoader:240 - Cannot read IP mode file for STMicroelectronics.X-CUBE-TOUCHGFX.4.23.2
2024-06-29 15:02:14,182 [WARN] PackLoader:240 - Cannot read IP mode file for STMicroelectronics.X-CUBE-AZRTOS-F7.1.1.0
2024-06-29 15:02:14,222 [WARN] PackLoader:240 - Cannot read IP mode file for STMicroelectronics.FP-SNS-MOTENV1.4.3.2
2024-06-29 15:02:14,243 [WARN] PackLoader:240 - Cannot read IP mode file for STMicroelectronics.FP-SNS-FLIGHT1.5.0.2
2024-06-29 15:02:14,266 [WARN] PackLoader:240 - Cannot read IP mode file for STMicroelectronics.X-CUBE-DISPLAY.3.0.0
2024-06-29 15:02:14,292 [WARN] PackLoader:240 - Cannot read IP mode file for STMicroelectronics.X-CUBE-BLE1.7.0.0
2024-06-29 15:02:14,309 [WARN] PackLoader:240 - Cannot read IP mode file for emotas.I-CUBE-CANOPEN.1.3.0
2024-06-29 15:02:14,321 [WARN] PackLoader:240 - Cannot read IP mode file for STMicroelectronics.X-CUBE-TOUCHGFX.4.22.1
2024-06-29 15:02:14,340 [WARN] PackLoader:240 - Cannot read IP mode file for STMicroelectronics.X-CUBE-BLEMGR.3.1.0
2024-06-29 15:02:14,361 [WARN] PackLoader:240 - Cannot read IP mode file for STMicroelectronics.FP-SNS-SMARTAG2.1.2.0
2024-06-29 15:02:14,386 [INFO] LogOutputStream:77 - [STDOUT_REDIRECT] 1 : Invalid condition id : UX_CORESTACK_Condition cause : null
2024-06-29 15:02:14,387 [INFO] LogOutputStream:77 - [STDOUT_REDIRECT] 1 : Invalid condition id : UX_CORESTACK_Condition cause : null
2024-06-29 15:02:14,388 [INFO] LogOutputStream:77 - [STDOUT_REDIRECT] 1 : Invalid condition id : UX_CORESTACK_Condition cause : null
2024-06-29 15:02:14,389 [INFO] LogOutputStream:77 - [STDOUT_REDIRECT] 1 : Invalid condition id : UX_CORESTACK_Condition cause : null
2024-06-29 15:02:14,391 [INFO] LogOutputStream:77 - [STDOUT_REDIRECT] 1 : Invalid condition id : UX_CORESTACK_Condition cause : null
2024-06-29 15:02:14,396 [WARN] PackLoader:240 - Cannot read IP mode file for STMicroelectronics.X-CUBE-AZRTOS-WL.2.0.0
2024-06-29 15:02:14,413 [WARN] PackLoader:240 - Cannot read IP mode file for STMicroelectronics.FP-SNS-MOTENV1.5.0.0
2024-06-29 15:02:14,429 [WARN] PackLoader:240 - Cannot read IP mode file for wolfSSL.I-CUBE-wolfMQTT.1.19.0
2024-06-29 15:02:14,449 [WARN] PackLoader:240 - Cannot read IP mode file for WES.I-CUBE-Cesium.1.3.0
2024-06-29 15:02:14,469 [WARN] PackLoader:240 - Cannot read IP mode file for STMicroelectronics.X-CUBE-BLE2.3.3.0
2024-06-29 15:02:14,487 [WARN] PackLoader:240 - Cannot read IP mode file for STMicroelectronics.X-CUBE-TCPP.4.1.0
2024-06-29 15:02:14,501 [WARN] PackLoader:240 - Cannot read IP mode file for STMicroelectronics.X-CUBE-ALGOBUILD.1.3.0
2024-06-29 15:02:14,535 [WARN] PackLoader:240 - Cannot read IP mode file for STMicroelectronics.X-CUBE-AZRTOS-G0.1.1.0
2024-06-29 15:02:14,557 [WARN] PackLoader:240 - Cannot read IP mode file for STMicroelectronics.X-CUBE-SAFEA1.1.2.2
2024-06-29 15:02:14,576 [WARN] PackLoader:240 - Cannot read IP mode file for STMicroelectronics.X-CUBE-NFC4.3.0.0
2024-06-29 15:02:14,592 [WARN] PackLoader:240 - Cannot read IP mode file for wolfSSL.I-CUBE-wolfMQTT.1.18.0
2024-06-29 15:02:14,619 [WARN] PackLoader:240 - Cannot read IP mode file for STMicroelectronics.X-CUBE-BLEMGR.3.0.0
2024-06-29 15:02:14,638 [WARN] PackLoader:240 - Cannot read IP mode file for STMicroelectronics.FP-ATR-SIGFOX1.3.2.0
2024-06-29 15:02:14,658 [WARN] PackLoader:240 - Cannot read IP mode file for STMicroelectronics.X-CUBE-EEPRMA1.5.1.0
2024-06-29 15:02:14,706 [WARN] PackLoader:240 - Cannot read IP mode file for SEGGER.I-CUBE-embOS.1.3.1
2024-06-29 15:02:14,775 [WARN] PackLoader:240 - Cannot read IP mode file for STMicroelectronics.X-CUBE-ALGOBUILD.1.4.0
2024-06-29 15:02:14,794 [WARN] PackLoader:240 - Cannot read IP mode file for STMicroelectronics.X-CUBE-GNSS1.6.0.0
2024-06-29 15:02:14,915 [WARN] PackLoader:240 - Cannot read IP mode file for STMicroelectronics.X-CUBE-AZRTOS-F4.1.1.0
2024-06-29 15:02:14,934 [INFO] WebApp:780 - Register for checkConnection events
2024-06-29 15:02:14,937 [WARN] PackLoader:240 - Cannot read IP mode file for wolfSSL.I-CUBE-wolfSSL.5.6.3
2024-06-29 15:02:14,937 [INFO] WebApp:414 - Apply proxy settings
2024-06-29 15:02:14,938 [INFO] WebApp:499 - Chromium requires no authentication
2024-06-29 15:02:14,949 [INFO] WebApp:442 - Direct internet connection detected
2024-06-29 15:02:14,955 [WARN] PackLoader:240 - Cannot read IP mode file for STMicroelectronics.X-CUBE-FREERTOS.1.2.0
2024-06-29 15:02:14,986 [WARN] PackLoader:240 - Cannot read IP mode file for STMicroelectronics.X-CUBE-AZRTOS-L5.2.0.0
2024-06-29 15:02:15,033 [WARN] PackLoader:240 - Cannot read IP mode file for STMicroelectronics.X-CUBE-MEMS1.9.6.0
2024-06-29 15:02:15,194 [WARN] PackLoader:240 - Cannot read IP mode file for STMicroelectronics.X-CUBE-EEPRMA1.4.2.0
2024-06-29 15:02:15,209 [WARN] PackLoader:240 - Cannot read IP mode file for STMicroelectronics.X-CUBE-NFC6.3.1.0
2024-06-29 15:02:15,209 [INFO] WebApp:192 - Starting web application
2024-06-29 15:02:15,210 [INFO] WebApp:544 - Web application path used G:\stm32cubeide\stm32cubeide114\STM32CubeIDE_1.14.0\STM32CubeIDE\plugins\com.st.stm32cube.common.mx_6.10.0.202311202037\db\plugins\mcufinder\reactClient1\index.html
2024-06-29 15:02:15,229 [WARN] PackLoader:240 - Cannot read IP mode file for ITTIA_DB.I-CUBE-ITTIADB.8.8.0
2024-06-29 15:02:15,249 [WARN] PackLoader:240 - Cannot read IP mode file for STMicroelectronics.X-CUBE-BLEMGR.2.0.0
2024-06-29 15:02:15,267 [WARN] PackLoader:240 - Cannot read IP mode file for STMicroelectronics.X-CUBE-AI.9.0.0
2024-06-29 15:02:15,302 [WARN] ConditionMgr:438 - getConditionDescription Invalid condition id : UX DEVICE CLASS RTOS Condition cause : null
2024-06-29 15:02:15,302 [WARN] ConditionMgr:438 - getConditionDescription Invalid condition id : UX DEVICE CLASS RTOS Condition cause : null
2024-06-29 15:02:15,316 [WARN] PackLoader:240 - Cannot read IP mode file for STMicroelectronics.X-CUBE-AZRTOS-H7.3.1.0
2024-06-29 15:02:15,318 [WARN] ConditionMgr:1039 - genDependencies : Invalid condition id : UX DEVICE CLASS RTOS Condition cause : null
2024-06-29 15:02:15,318 [WARN] ConditionMgr:1039 - genDependencies : Invalid condition id : UX DEVICE CLASS RTOS Condition cause : null
2024-06-29 15:02:15,319 [WARN] ConditionMgr:1039 - genDependencies : Invalid condition id : UX DEVICE CLASS RTOS Condition cause : null
2024-06-29 15:02:15,321 [WARN] ConditionMgr:1039 - genDependencies : Invalid condition id : UX DEVICE CLASS RTOS Condition cause : null
2024-06-29 15:02:15,321 [WARN] ConditionMgr:1039 - genDependencies : Invalid condition id : UX DEVICE CLASS RTOS Condition cause : null
2024-06-29 15:02:15,342 [WARN] PackLoader:240 - Cannot read IP mode file for STMicroelectronics.X-CUBE-NFC7.1.0.1
2024-06-29 15:02:15,364 [WARN] PackLoader:240 - Cannot read IP mode file for STMicroelectronics.X-CUBE-NFC6.3.0.0
2024-06-29 15:02:15,386 [WARN] PackLoader:240 - Cannot read IP mode file for STMicroelectronics.X-CUBE-EEPRMA1.4.1.0
2024-06-29 15:02:15,406 [WARN] PackLoader:240 - Cannot read IP mode file for STMicroelectronics.X-CUBE-AI.8.1.0
2024-06-29 15:02:15,453 [WARN] ConditionMgr:438 - getConditionDescription Invalid condition id : LAN8742 Phy interface Condition cause : null
2024-06-29 15:02:15,455 [WARN] PackLoader:240 - Cannot read IP mode file for STMicroelectronics.X-CUBE-AZRTOS-L4.2.0.0
2024-06-29 15:02:15,457 [WARN] ConditionMgr:1039 - genDependencies : Invalid condition id : LAN8742 Phy interface Condition cause : null
2024-06-29 15:02:15,457 [WARN] ConditionMgr:1039 - genDependencies : Invalid condition id : LAN8742 Phy interface Condition cause : null
2024-06-29 15:02:15,458 [WARN] ConditionMgr:1039 - genDependencies : Invalid condition id : LAN8742 Phy interface Condition cause : null
2024-06-29 15:02:15,482 [WARN] PackLoader:240 - Cannot read IP mode file for STMicroelectronics.X-CUBE-SFXS2LP1.4.0.0
2024-06-29 15:02:15,502 [WARN] PackLoader:240 - Cannot read IP mode file for STMicroelectronics.X-CUBE-ISPU.1.1.0
2024-06-29 15:02:15,541 [WARN] ConditionMgr:438 - getConditionDescription Invalid condition id : UX DEVICE CLASS RTOS Condition cause : null
2024-06-29 15:02:15,542 [WARN] ConditionMgr:438 - getConditionDescription Invalid condition id : UX DEVICE CLASS RTOS Condition cause : null
2024-06-29 15:02:15,545 [WARN] PackLoader:240 - Cannot read IP mode file for STMicroelectronics.X-CUBE-AZRTOS-WB.2.0.0
2024-06-29 15:02:15,545 [WARN] ConditionMgr:1039 - genDependencies : Invalid condition id : UX DEVICE CLASS RTOS Condition cause : null
2024-06-29 15:02:15,545 [WARN] ConditionMgr:1039 - genDependencies : Invalid condition id : UX DEVICE CLASS RTOS Condition cause : null
2024-06-29 15:02:15,545 [WARN] ConditionMgr:1039 - genDependencies : Invalid condition id : UX DEVICE CLASS RTOS Condition cause : null
2024-06-29 15:02:15,546 [WARN] ConditionMgr:1039 - genDependencies : Invalid condition id : UX DEVICE CLASS RTOS Condition cause : null
2024-06-29 15:02:15,546 [WARN] ConditionMgr:1039 - genDependencies : Invalid condition id : UX DEVICE CLASS RTOS Condition cause : null
2024-06-29 15:02:15,577 [WARN] PackLoader:240 - Cannot read IP mode file for STMicroelectronics.X-CUBE-SUBG2.5.0.0
2024-06-29 15:02:15,618 [WARN] PackLoader:240 - Cannot read IP mode file for STMicroelectronics.X-CUBE-TOF1.3.3.1
2024-06-29 15:02:15,683 [WARN] PackLoader:240 - Cannot read IP mode file for STMicroelectronics.X-CUBE-AZRTOS-G4.2.0.0
2024-06-29 15:02:15,721 [WARN] PackLoader:240 - Cannot read IP mode file for Infineon.AIROC-Wi-Fi-Bluetooth-STM32.1.5.1
2024-06-29 15:02:15,743 [WARN] PackLoader:240 - Cannot read IP mode file for STMicroelectronics.FP-SNS-MOTENVWB1.1.3.0
2024-06-29 15:02:15,763 [WARN] PackLoader:240 - Cannot read IP mode file for STMicroelectronics.FP-SNS-MOTENVWB1.1.3.1
2024-06-29 15:02:15,780 [WARN] PackLoader:240 - Cannot read IP mode file for STMicroelectronics.X-CUBE-ISPU.2.0.0
2024-06-29 15:02:15,803 [WARN] PackLoader:240 - Cannot read IP mode file for STMicroelectronics.X-CUBE-ALS.1.0.2
2024-06-29 15:02:15,878 [WARN] PackLoader:240 - Cannot read IP mode file for STMicroelectronics.X-CUBE-MEMS1.10.0.0
2024-06-29 15:02:16,048 [WARN] PackLoader:240 - Cannot read IP mode file for STMicroelectronics.X-CUBE-FREERTOS.1.1.0
2024-06-29 15:02:16,063 [WARN] PackLoader:240 - Cannot read IP mode file for STMicroelectronics.X-CUBE-TOUCHGFX.4.24.0
2024-06-29 15:02:16,080 [WARN] PackLoader:240 - Cannot read IP mode file for portGmbH.I-Cube-SoM-uGOAL.1.1.0
2024-06-29 15:02:16,093 [WARN] PackLoader:240 - Cannot read IP mode file for STMicroelectronics.X-CUBE-ALS.1.0.1
2024-06-29 15:02:16,130 [WARN] PackLoader:240 - Cannot read IP mode file for STMicroelectronics.X-CUBE-AZRTOS-H7RS.1.0.0
2024-06-29 15:02:16,144 [WARN] PackLoader:240 - Cannot read IP mode file for STMicroelectronics.FP-ATR-ASTRA1.2.0.0
2024-06-29 15:02:16,165 [WARN] PackLoader:240 - Cannot read IP mode file for STMicroelectronics.X-CUBE-TOF1.3.4.0
2024-06-29 15:02:16,199 [WARN] PackLoader:240 - Cannot read IP mode file for STMicroelectronics.X-CUBE-TOF1.3.4.1
2024-06-29 15:02:16,252 [WARN] PackLoader:240 - Cannot read IP mode file for STMicroelectronics.X-CUBE-AZRTOS-H7.3.2.0
2024-06-29 15:02:16,257 [INFO] ThirdParty:978 - Integrity check success = true
2024-06-29 15:02:16,257 [INFO] IntegrityCheckThread:100 - exiting critical section [integrity check]
2024-06-29 15:02:16,257 [INFO] IntegrityCheckThread:103 - End integrity checks thread
2024-06-29 15:02:36,425 [ERROR] LogOutputStream:75 - [STDERR_REDIRECT] SLF4J: Failed to load class "org.slf4j.impl.StaticLoggerBinder".
2024-06-29 15:02:36,426 [ERROR] LogOutputStream:75 - [STDERR_REDIRECT] SLF4J: Defaulting to no-operation (NOP) logger implementation
2024-06-29 15:02:36,427 [ERROR] LogOutputStream:75 - [STDERR_REDIRECT] SLF4J: See http://www.slf4j.org/codes.html#StaticLoggerBinder for further details.
2024-06-29 17:12:39,702 [INFO] WebApp:354 - JxBrowser engine has been closed 
2024-06-29 17:12:55,292 [ERROR] LogOutputStream:75 - [STDERR_REDIRECT] 
