2024-07-01 19:36:03,087 [INFO] Activator:176 - 


2024-07-01 19:36:03,092 [INFO] Activator:177 - !SESSION log4j initialized
2024-07-01 19:36:09,074 [INFO] LogOutputStream:77 - [STDOUT_REDIRECT] 
2024-07-01 19:36:15,288 [INFO] ApplicationProperties:184 - Using Application install path: G:\stm32cubeide\stm32cubeide114\STM32CubeIDE_1.14.0\STM32CubeIDE\plugins\com.st.stm32cube.common.mx_6.10.0.202311202037
2024-07-01 19:36:15,301 [INFO] DbMcusXml:78 - Set database path to: G:\stm32cubeide\stm32cubeide114\STM32CubeIDE_1.14.0\STM32CubeIDE\plugins\com.st.stm32cube.common.mx_6.10.0.202311202037\\db\/mcu/
2024-07-01 19:36:15,302 [INFO] ApiDb:274 - Set plugin database path to: G:\stm32cubeide\stm32cubeide114\STM32CubeIDE_1.14.0\STM32CubeIDE\plugins\com.st.stm32cube.common.mx_6.10.0.202311202037\\db\/plugins/boardmanager/
2024-07-01 19:36:15,302 [WARN] ApiDb:259 - Overriding images path with different value:  => G:\stm32cubeide\stm32cubeide114\STM32CubeIDE_1.14.0\STM32CubeIDE\plugins\com.st.stm32cube.common.mx_6.10.0.202311202037\\db\/plugins/mcufinder/images/
2024-07-01 19:36:15,307 [INFO] ApiDb:250 - Set database path to: C:\Users\Nghia\.stmcufinder\plugins\mcufinder//mcu/
2024-07-01 19:36:15,307 [INFO] DbMcusAds:125 - Set database path to: C:\Users\Nghia\.stmcufinder\plugins\mcufinder//mcu/
2024-07-01 19:36:15,309 [INFO] CrossReferenceDbSqlite:203 - Set database path to: C:\Users\Nghia\.stmcufinder\plugins\mcufinder//mcu/cs/
2024-07-01 19:36:15,416 [INFO] RulesReader:64 - Compatibility file has been processed (297 Rules)
2024-07-01 19:36:15,494 [INFO] DbMcusXml:78 - Set database path to: G:\stm32cubeide\stm32cubeide114\STM32CubeIDE_1.14.0\STM32CubeIDE\plugins\com.st.stm32cube.common.mx_6.10.0.202311202037\\db\/mcu/
2024-07-01 19:36:15,494 [INFO] ApiDb:274 - Set plugin database path to: G:\stm32cubeide\stm32cubeide114\STM32CubeIDE_1.14.0\STM32CubeIDE\plugins\com.st.stm32cube.common.mx_6.10.0.202311202037\\db\/plugins/boardmanager/
2024-07-01 19:36:15,494 [INFO] ApiDb:261 - Set plugin images path to: G:\stm32cubeide\stm32cubeide114\STM32CubeIDE_1.14.0\STM32CubeIDE\plugins\com.st.stm32cube.common.mx_6.10.0.202311202037\\db\/plugins/mcufinder/images/
2024-07-01 19:36:15,495 [WARN] DbFile:41 - Overriding database path with different value: C:\Users\Nghia\.stmcufinder\plugins\mcufinder/ => C:\Users\Nghia\.stmcufinder\plugins\mcufinder
2024-07-01 19:36:15,495 [INFO] ApiDb:250 - Set database path to: C:\Users\Nghia\.stmcufinder\plugins\mcufinder//mcu/
2024-07-01 19:36:15,495 [WARN] DbFile:41 - Overriding database path with different value: C:\Users\Nghia\.stmcufinder\plugins\mcufinder/ => C:\Users\Nghia\.stmcufinder\plugins\mcufinder
2024-07-01 19:36:15,495 [INFO] DbMcusAds:125 - Set database path to: C:\Users\Nghia\.stmcufinder\plugins\mcufinder//mcu/
2024-07-01 19:36:15,495 [WARN] DbFile:41 - Overriding database path with different value: C:\Users\Nghia\.stmcufinder\plugins\mcufinder/ => C:\Users\Nghia\.stmcufinder\plugins\mcufinder
2024-07-01 19:36:15,495 [WARN] DbFile:41 - Overriding database path with different value: C:\Users\Nghia\.stmcufinder\plugins\mcufinder/ => C:\Users\Nghia\.stmcufinder\plugins\mcufinder
2024-07-01 19:36:15,495 [INFO] CrossReferenceDbSqlite:203 - Set database path to: C:\Users\Nghia\.stmcufinder\plugins\mcufinder//mcu/cs/
2024-07-01 19:36:15,562 [INFO] MainPanel:264 - HeapMemory: 268435456
2024-07-01 19:36:15,645 [INFO] DbMcusXml:78 - Set database path to: G:\stm32cubeide\stm32cubeide114\STM32CubeIDE_1.14.0\STM32CubeIDE\plugins\com.st.stm32cube.common.mx_6.10.0.202311202037\\db\/mcu/
2024-07-01 19:36:15,645 [INFO] ApiDb:274 - Set plugin database path to: G:\stm32cubeide\stm32cubeide114\STM32CubeIDE_1.14.0\STM32CubeIDE\plugins\com.st.stm32cube.common.mx_6.10.0.202311202037\\db\/plugins/boardmanager/
2024-07-01 19:36:15,645 [INFO] ApiDb:261 - Set plugin images path to: G:\stm32cubeide\stm32cubeide114\STM32CubeIDE_1.14.0\STM32CubeIDE\plugins\com.st.stm32cube.common.mx_6.10.0.202311202037\\db\/plugins/mcufinder/images/
2024-07-01 19:36:15,646 [WARN] DbFile:41 - Overriding database path with different value: C:\Users\Nghia\.stmcufinder\plugins\mcufinder/ => C:\Users\Nghia\.stmcufinder\plugins\mcufinder
2024-07-01 19:36:15,646 [INFO] ApiDb:250 - Set database path to: C:\Users\Nghia\.stmcufinder\plugins\mcufinder//mcu/
2024-07-01 19:36:15,646 [WARN] DbFile:41 - Overriding database path with different value: C:\Users\Nghia\.stmcufinder\plugins\mcufinder/ => C:\Users\Nghia\.stmcufinder\plugins\mcufinder
2024-07-01 19:36:15,646 [INFO] DbMcusAds:125 - Set database path to: C:\Users\Nghia\.stmcufinder\plugins\mcufinder//mcu/
2024-07-01 19:36:15,646 [WARN] DbFile:41 - Overriding database path with different value: C:\Users\Nghia\.stmcufinder\plugins\mcufinder/ => C:\Users\Nghia\.stmcufinder\plugins\mcufinder
2024-07-01 19:36:15,646 [WARN] DbFile:41 - Overriding database path with different value: C:\Users\Nghia\.stmcufinder\plugins\mcufinder/ => C:\Users\Nghia\.stmcufinder\plugins\mcufinder
2024-07-01 19:36:15,646 [INFO] CrossReferenceDbSqlite:203 - Set database path to: C:\Users\Nghia\.stmcufinder\plugins\mcufinder//mcu/cs/
2024-07-01 19:36:15,662 [INFO] ApplicationProperties:184 - Using Application install path: G:\stm32cubeide\stm32cubeide114\STM32CubeIDE_1.14.0\STM32CubeIDE\plugins\com.st.stm32cube.common.mx_6.10.0.202311202037
2024-07-01 19:36:15,664 [INFO] PluginManage:196 - Search for loadable plugins [exclusion list=, ]
2024-07-01 19:36:15,665 [INFO] PluginManage:310 - Check plugin analytics
2024-07-01 19:36:20,729 [INFO] AnalyticsPlugin:253 - Accepted Software Licenses: STM32CubeMX.6.8.0,STM32CubeMX.6.1.1
2024-07-01 19:36:20,729 [INFO] AnalyticsPlugin:255 - Accepted CMSIS Pack Licenses: 
2024-07-01 19:36:20,729 [INFO] AnalyticsPlugin:257 - Accepted Firmware Licenses: FW.F4.1.27.0,FW.F4.1.28.0
2024-07-01 19:36:20,731 [INFO] PluginManage:359 - Loaded plugin analytics (category:tool,tabindex:-1)
2024-07-01 19:36:20,731 [INFO] PluginManage:310 - Check plugin cadmodel
2024-07-01 19:36:20,735 [INFO] CADModel:105 - Init CAD model plugin
2024-07-01 19:36:20,735 [INFO] PluginManage:359 - Loaded plugin cadmodel (category:power,tabindex:5)
2024-07-01 19:36:20,736 [INFO] PluginManage:310 - Check plugin clock
2024-07-01 19:36:20,750 [INFO] PluginManage:359 - Loaded plugin clock (category:base,tabindex:2)
2024-07-01 19:36:20,750 [INFO] PluginManage:310 - Check plugin ddr
2024-07-01 19:36:20,754 [INFO] PluginManage:359 - Loaded plugin ddr (category:tool,tabindex:6)
2024-07-01 19:36:20,755 [INFO] PluginManage:310 - Check plugin filemanager
2024-07-01 19:36:20,909 [INFO] PluginManage:359 - Loaded plugin filemanager (category:base,tabindex:10)
2024-07-01 19:36:20,909 [INFO] PluginManage:310 - Check plugin ipmanager
2024-07-01 19:36:20,917 [INFO] PluginManage:359 - Loaded plugin ipmanager (category:base,tabindex:5)
2024-07-01 19:36:20,917 [INFO] PluginManage:310 - Check plugin lpbam
2024-07-01 19:36:20,924 [INFO] PluginManage:359 - Loaded plugin lpbam (category:base,tabindex:0)
2024-07-01 19:36:20,924 [INFO] PluginManage:310 - Check plugin memorymap
2024-07-01 19:36:20,937 [INFO] PluginManage:359 - Loaded plugin memorymap (category:base,tabindex:4)
2024-07-01 19:36:20,937 [INFO] PluginManage:310 - Check plugin pinoutandconfiguration
2024-07-01 19:36:20,943 [INFO] PluginManage:359 - Loaded plugin pinoutandconfiguration (category:base,tabindex:1)
2024-07-01 19:36:20,943 [INFO] PluginManage:310 - Check plugin pinoutconfig
2024-07-01 19:36:21,030 [WARN] SupportedApi:132 - Cannot load RTOS API schema: s4s-elt-must-match.1: The content of 'definitions' must match (annotation?, (simpleType | complexType)?, (unique | key | keyref)*)). A problem was found starting at: attribute.
2024-07-01 19:36:21,160 [INFO] PluginManage:359 - Loaded plugin pinoutconfig (category:base,tabindex:0)
2024-07-01 19:36:21,160 [INFO] PluginManage:310 - Check plugin power
2024-07-01 19:36:21,179 [INFO] PluginManage:359 - Loaded plugin power (category:power,tabindex:4)
2024-07-01 19:36:21,180 [INFO] PluginManage:310 - Check plugin projectmanager
2024-07-01 19:36:21,196 [INFO] PluginManage:359 - Loaded plugin projectmanager (category:projectmanager,tabindex:3)
2024-07-01 19:36:21,196 [INFO] PluginManage:310 - Check plugin thirdparty
2024-07-01 19:36:21,310 [INFO] PluginManage:359 - Loaded plugin thirdparty (category:base,tabindex:-1)
2024-07-01 19:36:21,310 [WARN] IntegrityCheckThread:84 - waiting for thirdparty lock release [integrity check]
2024-07-01 19:36:21,310 [INFO] IntegrityCheckThread:86 - entering critical section [integrity check]
2024-07-01 19:36:21,311 [INFO] PluginManage:310 - Check plugin tools
2024-07-01 19:36:21,311 [INFO] ThirdPartyUpdaterWithRetryManager:70 - Updater plugin not ready yet. [1/15]
2024-07-01 19:36:21,313 [INFO] PluginManage:359 - Loaded plugin tools (category:base,tabindex:7)
2024-07-01 19:36:21,313 [INFO] PluginManage:310 - Check plugin tutovideos
2024-07-01 19:36:21,490 [INFO] PluginManage:359 - Loaded plugin tutovideos (category:base,tabindex:-1)
2024-07-01 19:36:21,491 [INFO] PluginManage:310 - Check plugin updater
2024-07-01 19:36:21,501 [INFO] PluginManage:359 - Loaded plugin updater (category:base,tabindex:12)
2024-07-01 19:36:21,501 [INFO] PluginManage:310 - Check plugin userauth
2024-07-01 19:36:21,506 [INFO] UserAuth:114 - Init User Auth plugin
2024-07-01 19:36:21,506 [INFO] PluginManage:359 - Loaded plugin userauth (category:base,tabindex:14)
2024-07-01 19:36:21,507 [INFO] PluginManage:283 - PluginManage : Loaded plugins [17]
2024-07-01 19:36:21,702 [INFO] PinOutPanel:1499 - setPackage(No Configuration,No Configuration)
2024-07-01 19:36:21,774 [INFO] CADModel:165 - CPN selected for project level
2024-07-01 19:36:21,774 [INFO] CADModel:114 - Register for checkConnection events
2024-07-01 19:36:21,789 [INFO] IPUIPlugin:80 - create IPUIPlugin
2024-07-01 19:36:21,790 [INFO] PluginManager:220 - loadIPPluginJar : add adc
2024-07-01 19:36:21,792 [INFO] IPUIPlugin:80 - create IPUIPlugin
2024-07-01 19:36:21,792 [INFO] PluginManager:220 - loadIPPluginJar : add aes
2024-07-01 19:36:21,794 [INFO] IPUIPlugin:80 - create IPUIPlugin
2024-07-01 19:36:21,794 [INFO] PluginManager:220 - loadIPPluginJar : add can
2024-07-01 19:36:21,795 [INFO] IPUIPlugin:80 - create IPUIPlugin
2024-07-01 19:36:21,795 [INFO] PluginManager:220 - loadIPPluginJar : add comp
2024-07-01 19:36:21,797 [INFO] IPUIPlugin:80 - create IPUIPlugin
2024-07-01 19:36:21,797 [INFO] PluginManager:220 - loadIPPluginJar : add cryp
2024-07-01 19:36:21,799 [INFO] IPUIPlugin:80 - create IPUIPlugin
2024-07-01 19:36:21,799 [INFO] PluginManager:220 - loadIPPluginJar : add dfsdm
2024-07-01 19:36:21,803 [INFO] IPUIPlugin:80 - create IPUIPlugin
2024-07-01 19:36:21,804 [INFO] PluginManager:220 - loadIPPluginJar : add dma
2024-07-01 19:36:21,805 [INFO] IPUIPlugin:80 - create IPUIPlugin
2024-07-01 19:36:21,806 [INFO] PluginManager:220 - loadIPPluginJar : add dma3
2024-07-01 19:36:21,807 [INFO] IPUIPlugin:80 - create IPUIPlugin
2024-07-01 19:36:21,807 [INFO] PluginManager:220 - loadIPPluginJar : add fatfs
2024-07-01 19:36:21,810 [INFO] IPUIPlugin:80 - create IPUIPlugin
2024-07-01 19:36:21,811 [INFO] PluginManager:220 - loadIPPluginJar : add fmc
2024-07-01 19:36:21,814 [INFO] IPUIPlugin:80 - create IPUIPlugin
2024-07-01 19:36:21,815 [INFO] PluginManager:220 - loadIPPluginJar : add freertos
2024-07-01 19:36:21,816 [INFO] IPUIPlugin:80 - create IPUIPlugin
2024-07-01 19:36:21,816 [INFO] PluginManager:220 - loadIPPluginJar : add genericplugin
2024-07-01 19:36:21,819 [INFO] IPUIPlugin:80 - create IPUIPlugin
2024-07-01 19:36:21,819 [INFO] PluginManager:220 - loadIPPluginJar : add gfxmmu
2024-07-01 19:36:21,824 [INFO] IPUIPlugin:80 - create IPUIPlugin
2024-07-01 19:36:21,825 [INFO] PluginManager:220 - loadIPPluginJar : add gic
2024-07-01 19:36:21,830 [INFO] IPUIPlugin:80 - create IPUIPlugin
2024-07-01 19:36:21,830 [INFO] PluginManager:220 - loadIPPluginJar : add gpio
2024-07-01 19:36:21,834 [INFO] IPUIPlugin:80 - create IPUIPlugin
2024-07-01 19:36:21,834 [INFO] PluginManager:220 - loadIPPluginJar : add gtzc
2024-07-01 19:36:21,836 [INFO] IPUIPlugin:80 - create IPUIPlugin
2024-07-01 19:36:21,836 [INFO] PluginManager:220 - loadIPPluginJar : add hash
2024-07-01 19:36:21,839 [INFO] IPUIPlugin:80 - create IPUIPlugin
2024-07-01 19:36:21,839 [INFO] PluginManager:220 - loadIPPluginJar : add i2c
2024-07-01 19:36:21,841 [INFO] IPUIPlugin:80 - create IPUIPlugin
2024-07-01 19:36:21,841 [INFO] PluginManager:220 - loadIPPluginJar : add i2s
2024-07-01 19:36:21,843 [INFO] IPUIPlugin:80 - create IPUIPlugin
2024-07-01 19:36:21,843 [INFO] PluginManager:220 - loadIPPluginJar : add i3c
2024-07-01 19:36:21,846 [INFO] IPUIPlugin:80 - create IPUIPlugin
2024-07-01 19:36:21,846 [INFO] PluginManager:220 - loadIPPluginJar : add ipddr
2024-07-01 19:36:21,852 [INFO] IPUIPlugin:80 - create IPUIPlugin
2024-07-01 19:36:21,852 [INFO] PluginManager:220 - loadIPPluginJar : add linkedlist
2024-07-01 19:36:21,854 [INFO] IPUIPlugin:80 - create IPUIPlugin
2024-07-01 19:36:21,855 [INFO] PluginManager:220 - loadIPPluginJar : add lorawan
2024-07-01 19:36:21,856 [INFO] IPUIPlugin:80 - create IPUIPlugin
2024-07-01 19:36:21,856 [INFO] PluginManager:220 - loadIPPluginJar : add ltdc
2024-07-01 19:36:21,860 [INFO] IPUIPlugin:80 - create IPUIPlugin
2024-07-01 19:36:21,860 [INFO] PluginManager:220 - loadIPPluginJar : add mdma
2024-07-01 19:36:21,862 [INFO] IPUIPlugin:80 - create IPUIPlugin
2024-07-01 19:36:21,862 [INFO] PluginManager:220 - loadIPPluginJar : add nvic
2024-07-01 19:36:21,864 [INFO] IPUIPlugin:80 - create IPUIPlugin
2024-07-01 19:36:21,864 [INFO] PluginManager:220 - loadIPPluginJar : add opamp
2024-07-01 19:36:21,866 [INFO] IPUIPlugin:80 - create IPUIPlugin
2024-07-01 19:36:21,866 [INFO] PluginManager:220 - loadIPPluginJar : add openamp
2024-07-01 19:36:21,869 [INFO] IPUIPlugin:80 - create IPUIPlugin
2024-07-01 19:36:21,869 [INFO] PluginManager:220 - loadIPPluginJar : add pdm2pcm
2024-07-01 19:36:21,877 [INFO] IPUIPlugin:80 - create IPUIPlugin
2024-07-01 19:36:21,879 [INFO] PluginManager:220 - loadIPPluginJar : add plateformsettings
2024-07-01 19:36:21,881 [INFO] IPUIPlugin:80 - create IPUIPlugin
2024-07-01 19:36:21,881 [INFO] PluginManager:220 - loadIPPluginJar : add quadspi
2024-07-01 19:36:21,883 [INFO] IPUIPlugin:80 - create IPUIPlugin
2024-07-01 19:36:21,884 [INFO] PluginManager:220 - loadIPPluginJar : add resmgrutility
2024-07-01 19:36:21,886 [INFO] IPUIPlugin:80 - create IPUIPlugin
2024-07-01 19:36:21,886 [INFO] PluginManager:220 - loadIPPluginJar : add sai
2024-07-01 19:36:21,889 [INFO] IPUIPlugin:80 - create IPUIPlugin
2024-07-01 19:36:21,889 [INFO] PluginManager:220 - loadIPPluginJar : add spi
2024-07-01 19:36:21,893 [INFO] IPUIPlugin:80 - create IPUIPlugin
2024-07-01 19:36:21,893 [INFO] PluginManager:220 - loadIPPluginJar : add stm32_wpan
2024-07-01 19:36:21,894 [INFO] IPUIPlugin:80 - create IPUIPlugin
2024-07-01 19:36:21,894 [INFO] PluginManager:220 - loadIPPluginJar : add tim
2024-07-01 19:36:21,896 [INFO] IPUIPlugin:80 - create IPUIPlugin
2024-07-01 19:36:21,896 [INFO] PluginManager:220 - loadIPPluginJar : add touchsensing
2024-07-01 19:36:21,897 [INFO] IPUIPlugin:80 - create IPUIPlugin
2024-07-01 19:36:21,897 [INFO] PluginManager:220 - loadIPPluginJar : add tracer_emb
2024-07-01 19:36:21,898 [INFO] IPUIPlugin:80 - create IPUIPlugin
2024-07-01 19:36:21,898 [INFO] PluginManager:220 - loadIPPluginJar : add ts
2024-07-01 19:36:21,899 [INFO] IPUIPlugin:80 - create IPUIPlugin
2024-07-01 19:36:21,899 [INFO] PluginManager:220 - loadIPPluginJar : add tsc
2024-07-01 19:36:21,900 [INFO] IPUIPlugin:80 - create IPUIPlugin
2024-07-01 19:36:21,900 [INFO] PluginManager:220 - loadIPPluginJar : add ucpd
2024-07-01 19:36:21,902 [INFO] IPUIPlugin:80 - create IPUIPlugin
2024-07-01 19:36:21,902 [INFO] PluginManager:220 - loadIPPluginJar : add usart
2024-07-01 19:36:21,904 [INFO] IPUIPlugin:80 - create IPUIPlugin
2024-07-01 19:36:21,904 [INFO] PluginManager:220 - loadIPPluginJar : add usbx
2024-07-01 19:36:22,041 [INFO] CADModel:165 - CPN selected for project level
2024-07-01 19:36:22,041 [INFO] CADModel:114 - Register for checkConnection events
2024-07-01 19:36:22,042 [FATAL] Updater:308 - Updater called before beeing initialized
2024-07-01 19:36:22,042 [ERROR] CADModel:125 - Updater not yet initialized, retry later 
2024-07-01 19:36:22,166 [INFO] CADModel:165 - CPN selected for project level
2024-07-01 19:36:22,167 [INFO] CADModel:114 - Register for checkConnection events
2024-07-01 19:36:22,167 [FATAL] Updater:308 - Updater called before beeing initialized
2024-07-01 19:36:22,167 [ERROR] CADModel:125 - Updater not yet initialized, retry later 
2024-07-01 19:36:22,169 [FATAL] Updater:308 - Updater called before beeing initialized
2024-07-01 19:36:22,280 [FATAL] Updater:308 - Updater called before beeing initialized
2024-07-01 19:36:22,283 [INFO] DbMcusAds:53 - JSON generation date=Wed Nov 29 17:52:27 ICT 2023 (1701255147349)
2024-07-01 19:36:22,284 [FATAL] Updater:308 - Updater called before beeing initialized
2024-07-01 19:36:22,316 [WARN] DetailPanel:346 - Failed to get advertising image, set to default
2024-07-01 19:36:22,397 [FATAL] Updater:308 - Updater called before beeing initialized
2024-07-01 19:36:22,398 [FATAL] Updater:308 - Updater called before beeing initialized
2024-07-01 19:36:22,398 [FATAL] Updater:308 - Updater called before beeing initialized
2024-07-01 19:36:22,399 [WARN] DetailPanel:346 - Failed to get advertising image, set to default
2024-07-01 19:36:22,399 [FATAL] Updater:308 - Updater called before beeing initialized
2024-07-01 19:36:22,449 [ERROR] Updater:1120 - MainUpdater not yet initialized. External WinMGr cannot be set.
2024-07-01 19:36:22,451 [INFO] Updater:1056 - Updater Version found : 6.10.0
2024-07-01 19:36:22,473 [INFO] ApplicationProperties:184 - Using Application install path: G:\stm32cubeide\stm32cubeide114\STM32CubeIDE_1.14.0\STM32CubeIDE\plugins\com.st.stm32cube.common.mx_6.10.0.202311202037
2024-07-01 19:36:23,039 [INFO] MainUpdater:2873 - connection check result : 10
2024-07-01 19:36:23,040 [INFO] MainUpdater:290 - Updater Check For Update Now.
2024-07-01 19:36:23,041 [INFO] MicroXplorer:498 - Change Database Version : DB.6.0.100
2024-07-01 19:36:23,049 [INFO] McuFinderGlobals:63 - Set McuFinder mode to 2 (CubeIDE integrated)
2024-07-01 19:36:23,229 [INFO] CheckServerUpdateThread:120 - End of CheckServer Thread
2024-07-01 19:36:23,877 [INFO] UserAuth:404 - Internet connection configuration mode: 1
2024-07-01 19:36:23,890 [INFO] JxBrowserEngine:152 - Initiate JxBrowser Engine with user profile folder
2024-07-01 19:36:24,472 [INFO] WebApp:161 - Instantiating new browser for Auth
2024-07-01 19:36:24,577 [WARN] PackLoader:240 - Cannot read IP mode file for STMicroelectronics.FP-SNS-MOTENVWB1.1.4.0
2024-07-01 19:36:24,596 [WARN] PackLoader:240 - Cannot read IP mode file for STMicroelectronics.X-CUBE-SMBUS.2.1.0
2024-07-01 19:36:24,604 [WARN] PackLoader:240 - Cannot read IP mode file for STMicroelectronics.X-CUBE-TOUCHGFX.4.23.1
2024-07-01 19:36:24,608 [WARN] PackLoader:240 - Cannot read IP mode file for STMicroelectronics.X-CUBE-TOUCHGFX.4.23.0
2024-07-01 19:36:24,613 [WARN] PackLoader:240 - Cannot read IP mode file for STMicroelectronics.X-CUBE-TOUCHGFX.4.23.2
2024-07-01 19:36:24,661 [WARN] PackLoader:240 - Cannot read IP mode file for STMicroelectronics.X-CUBE-AZRTOS-F7.1.1.0
2024-07-01 19:36:24,681 [WARN] PackLoader:240 - Cannot read IP mode file for STMicroelectronics.FP-SNS-MOTENV1.4.3.2
2024-07-01 19:36:24,694 [WARN] PackLoader:240 - Cannot read IP mode file for STMicroelectronics.FP-SNS-FLIGHT1.5.0.2
2024-07-01 19:36:24,709 [WARN] PackLoader:240 - Cannot read IP mode file for STMicroelectronics.X-CUBE-DISPLAY.3.0.0
2024-07-01 19:36:24,752 [WARN] PackLoader:240 - Cannot read IP mode file for STMicroelectronics.X-CUBE-BLE1.7.0.0
2024-07-01 19:36:24,775 [WARN] PackLoader:240 - Cannot read IP mode file for emotas.I-CUBE-CANOPEN.1.3.0
2024-07-01 19:36:24,781 [WARN] PackLoader:240 - Cannot read IP mode file for STMicroelectronics.X-CUBE-TOUCHGFX.4.22.1
2024-07-01 19:36:24,806 [WARN] PackLoader:240 - Cannot read IP mode file for STMicroelectronics.X-CUBE-BLEMGR.3.1.0
2024-07-01 19:36:24,817 [WARN] PackLoader:240 - Cannot read IP mode file for STMicroelectronics.FP-SNS-SMARTAG2.1.2.0
2024-07-01 19:36:24,831 [INFO] LogOutputStream:77 - [STDOUT_REDIRECT] 1 : Invalid condition id : UX_CORESTACK_Condition cause : null
2024-07-01 19:36:24,832 [INFO] LogOutputStream:77 - [STDOUT_REDIRECT] 1 : Invalid condition id : UX_CORESTACK_Condition cause : null
2024-07-01 19:36:24,833 [INFO] LogOutputStream:77 - [STDOUT_REDIRECT] 1 : Invalid condition id : UX_CORESTACK_Condition cause : null
2024-07-01 19:36:24,834 [INFO] LogOutputStream:77 - [STDOUT_REDIRECT] 1 : Invalid condition id : UX_CORESTACK_Condition cause : null
2024-07-01 19:36:24,836 [INFO] LogOutputStream:77 - [STDOUT_REDIRECT] 1 : Invalid condition id : UX_CORESTACK_Condition cause : null
2024-07-01 19:36:24,842 [WARN] PackLoader:240 - Cannot read IP mode file for STMicroelectronics.X-CUBE-AZRTOS-WL.2.0.0
2024-07-01 19:36:24,855 [WARN] PackLoader:240 - Cannot read IP mode file for STMicroelectronics.FP-SNS-MOTENV1.5.0.0
2024-07-01 19:36:24,871 [WARN] PackLoader:240 - Cannot read IP mode file for wolfSSL.I-CUBE-wolfMQTT.1.19.0
2024-07-01 19:36:24,884 [WARN] PackLoader:240 - Cannot read IP mode file for WES.I-CUBE-Cesium.1.3.0
2024-07-01 19:36:24,892 [WARN] PackLoader:240 - Cannot read IP mode file for STMicroelectronics.X-CUBE-BLE2.3.3.0
2024-07-01 19:36:24,927 [WARN] PackLoader:240 - Cannot read IP mode file for STMicroelectronics.X-CUBE-TCPP.4.1.0
2024-07-01 19:36:24,943 [WARN] PackLoader:240 - Cannot read IP mode file for STMicroelectronics.X-CUBE-ALGOBUILD.1.3.0
2024-07-01 19:36:24,981 [WARN] PackLoader:240 - Cannot read IP mode file for STMicroelectronics.X-CUBE-AZRTOS-G0.1.1.0
2024-07-01 19:36:24,996 [WARN] PackLoader:240 - Cannot read IP mode file for STMicroelectronics.X-CUBE-SAFEA1.1.2.2
2024-07-01 19:36:25,042 [WARN] PackLoader:240 - Cannot read IP mode file for STMicroelectronics.X-CUBE-NFC4.3.0.0
2024-07-01 19:36:25,053 [WARN] PackLoader:240 - Cannot read IP mode file for wolfSSL.I-CUBE-wolfMQTT.1.18.0
2024-07-01 19:36:25,064 [WARN] PackLoader:240 - Cannot read IP mode file for STMicroelectronics.X-CUBE-BLEMGR.3.0.0
2024-07-01 19:36:25,078 [WARN] PackLoader:240 - Cannot read IP mode file for STMicroelectronics.FP-ATR-SIGFOX1.3.2.0
2024-07-01 19:36:25,086 [WARN] PackLoader:240 - Cannot read IP mode file for STMicroelectronics.X-CUBE-EEPRMA1.5.1.0
2024-07-01 19:36:25,137 [WARN] PackLoader:240 - Cannot read IP mode file for SEGGER.I-CUBE-embOS.1.3.1
2024-07-01 19:36:25,192 [WARN] PackLoader:240 - Cannot read IP mode file for STMicroelectronics.X-CUBE-ALGOBUILD.1.4.0
2024-07-01 19:36:25,199 [WARN] PackLoader:240 - Cannot read IP mode file for STMicroelectronics.X-CUBE-GNSS1.6.0.0
2024-07-01 19:36:25,224 [WARN] PackLoader:240 - Cannot read IP mode file for STMicroelectronics.X-CUBE-AZRTOS-F4.1.1.0
2024-07-01 19:36:25,234 [WARN] PackLoader:240 - Cannot read IP mode file for wolfSSL.I-CUBE-wolfSSL.5.6.3
2024-07-01 19:36:25,242 [WARN] PackLoader:240 - Cannot read IP mode file for STMicroelectronics.X-CUBE-FREERTOS.1.2.0
2024-07-01 19:36:25,267 [WARN] PackLoader:240 - Cannot read IP mode file for STMicroelectronics.X-CUBE-AZRTOS-L5.2.0.0
2024-07-01 19:36:25,352 [WARN] PackLoader:240 - Cannot read IP mode file for STMicroelectronics.X-CUBE-MEMS1.9.6.0
2024-07-01 19:36:25,559 [WARN] PackLoader:240 - Cannot read IP mode file for STMicroelectronics.X-CUBE-EEPRMA1.4.2.0
2024-07-01 19:36:25,578 [WARN] PackLoader:240 - Cannot read IP mode file for STMicroelectronics.X-CUBE-NFC6.3.1.0
2024-07-01 19:36:25,591 [WARN] PackLoader:240 - Cannot read IP mode file for ITTIA_DB.I-CUBE-ITTIADB.8.8.0
2024-07-01 19:36:25,618 [WARN] PackLoader:240 - Cannot read IP mode file for STMicroelectronics.X-CUBE-BLEMGR.2.0.0
2024-07-01 19:36:25,634 [WARN] PackLoader:240 - Cannot read IP mode file for STMicroelectronics.X-CUBE-AI.9.0.0
2024-07-01 19:36:25,659 [WARN] ConditionMgr:438 - getConditionDescription Invalid condition id : UX DEVICE CLASS RTOS Condition cause : null
2024-07-01 19:36:25,660 [WARN] ConditionMgr:438 - getConditionDescription Invalid condition id : UX DEVICE CLASS RTOS Condition cause : null
2024-07-01 19:36:25,664 [WARN] PackLoader:240 - Cannot read IP mode file for STMicroelectronics.X-CUBE-AZRTOS-H7.3.1.0
2024-07-01 19:36:25,672 [WARN] ConditionMgr:1039 - genDependencies : Invalid condition id : UX DEVICE CLASS RTOS Condition cause : null
2024-07-01 19:36:25,672 [WARN] ConditionMgr:1039 - genDependencies : Invalid condition id : UX DEVICE CLASS RTOS Condition cause : null
2024-07-01 19:36:25,692 [WARN] ConditionMgr:1039 - genDependencies : Invalid condition id : UX DEVICE CLASS RTOS Condition cause : null
2024-07-01 19:36:25,725 [WARN] ConditionMgr:1039 - genDependencies : Invalid condition id : UX DEVICE CLASS RTOS Condition cause : null
2024-07-01 19:36:25,725 [WARN] ConditionMgr:1039 - genDependencies : Invalid condition id : UX DEVICE CLASS RTOS Condition cause : null
2024-07-01 19:36:25,752 [INFO] WebApp:780 - Register for checkConnection events
2024-07-01 19:36:25,752 [INFO] WebApp:414 - Apply proxy settings
2024-07-01 19:36:25,753 [INFO] WebApp:499 - Chromium requires no authentication
2024-07-01 19:36:25,755 [WARN] PackLoader:240 - Cannot read IP mode file for STMicroelectronics.X-CUBE-NFC7.1.0.1
2024-07-01 19:36:25,769 [WARN] PackLoader:240 - Cannot read IP mode file for STMicroelectronics.X-CUBE-NFC6.3.0.0
2024-07-01 19:36:25,792 [INFO] WebApp:442 - Direct internet connection detected
2024-07-01 19:36:25,795 [WARN] PackLoader:240 - Cannot read IP mode file for STMicroelectronics.X-CUBE-EEPRMA1.4.1.0
2024-07-01 19:36:25,803 [WARN] PackLoader:240 - Cannot read IP mode file for STMicroelectronics.X-CUBE-AI.8.1.0
2024-07-01 19:36:25,825 [WARN] ConditionMgr:438 - getConditionDescription Invalid condition id : LAN8742 Phy interface Condition cause : null
2024-07-01 19:36:25,826 [WARN] PackLoader:240 - Cannot read IP mode file for STMicroelectronics.X-CUBE-AZRTOS-L4.2.0.0
2024-07-01 19:36:25,829 [WARN] ConditionMgr:1039 - genDependencies : Invalid condition id : LAN8742 Phy interface Condition cause : null
2024-07-01 19:36:25,830 [WARN] ConditionMgr:1039 - genDependencies : Invalid condition id : LAN8742 Phy interface Condition cause : null
2024-07-01 19:36:25,832 [WARN] ConditionMgr:1039 - genDependencies : Invalid condition id : LAN8742 Phy interface Condition cause : null
2024-07-01 19:36:25,841 [WARN] PackLoader:240 - Cannot read IP mode file for STMicroelectronics.X-CUBE-SFXS2LP1.4.0.0
2024-07-01 19:36:25,847 [WARN] PackLoader:240 - Cannot read IP mode file for STMicroelectronics.X-CUBE-ISPU.1.1.0
2024-07-01 19:36:25,861 [WARN] ConditionMgr:438 - getConditionDescription Invalid condition id : UX DEVICE CLASS RTOS Condition cause : null
2024-07-01 19:36:25,861 [WARN] ConditionMgr:438 - getConditionDescription Invalid condition id : UX DEVICE CLASS RTOS Condition cause : null
2024-07-01 19:36:25,863 [WARN] PackLoader:240 - Cannot read IP mode file for STMicroelectronics.X-CUBE-AZRTOS-WB.2.0.0
2024-07-01 19:36:25,863 [WARN] ConditionMgr:1039 - genDependencies : Invalid condition id : UX DEVICE CLASS RTOS Condition cause : null
2024-07-01 19:36:25,863 [WARN] ConditionMgr:1039 - genDependencies : Invalid condition id : UX DEVICE CLASS RTOS Condition cause : null
2024-07-01 19:36:25,864 [WARN] ConditionMgr:1039 - genDependencies : Invalid condition id : UX DEVICE CLASS RTOS Condition cause : null
2024-07-01 19:36:25,864 [WARN] ConditionMgr:1039 - genDependencies : Invalid condition id : UX DEVICE CLASS RTOS Condition cause : null
2024-07-01 19:36:25,864 [WARN] ConditionMgr:1039 - genDependencies : Invalid condition id : UX DEVICE CLASS RTOS Condition cause : null
2024-07-01 19:36:25,877 [WARN] PackLoader:240 - Cannot read IP mode file for STMicroelectronics.X-CUBE-SUBG2.5.0.0
2024-07-01 19:36:25,903 [WARN] PackLoader:240 - Cannot read IP mode file for STMicroelectronics.X-CUBE-TOF1.3.3.1
2024-07-01 19:36:25,926 [WARN] PackLoader:240 - Cannot read IP mode file for STMicroelectronics.X-CUBE-AZRTOS-G4.2.0.0
2024-07-01 19:36:25,942 [WARN] PackLoader:240 - Cannot read IP mode file for Infineon.AIROC-Wi-Fi-Bluetooth-STM32.1.5.1
2024-07-01 19:36:25,949 [WARN] PackLoader:240 - Cannot read IP mode file for STMicroelectronics.FP-SNS-MOTENVWB1.1.3.0
2024-07-01 19:36:25,954 [WARN] PackLoader:240 - Cannot read IP mode file for STMicroelectronics.FP-SNS-MOTENVWB1.1.3.1
2024-07-01 19:36:25,959 [WARN] PackLoader:240 - Cannot read IP mode file for STMicroelectronics.X-CUBE-ISPU.2.0.0
2024-07-01 19:36:25,964 [WARN] PackLoader:240 - Cannot read IP mode file for STMicroelectronics.X-CUBE-ALS.1.0.2
2024-07-01 19:36:26,005 [WARN] PackLoader:240 - Cannot read IP mode file for STMicroelectronics.X-CUBE-MEMS1.10.0.0
2024-07-01 19:36:26,106 [INFO] WebApp:192 - Starting web application
2024-07-01 19:36:26,106 [INFO] WebApp:544 - Web application path used G:\stm32cubeide\stm32cubeide114\STM32CubeIDE_1.14.0\STM32CubeIDE\plugins\com.st.stm32cube.common.mx_6.10.0.202311202037\db\plugins\mcufinder\reactClient1\index.html
2024-07-01 19:36:26,122 [WARN] PackLoader:240 - Cannot read IP mode file for STMicroelectronics.X-CUBE-FREERTOS.1.1.0
2024-07-01 19:36:26,127 [WARN] PackLoader:240 - Cannot read IP mode file for STMicroelectronics.X-CUBE-TOUCHGFX.4.24.0
2024-07-01 19:36:26,135 [WARN] PackLoader:240 - Cannot read IP mode file for portGmbH.I-Cube-SoM-uGOAL.1.1.0
2024-07-01 19:36:26,139 [WARN] PackLoader:240 - Cannot read IP mode file for STMicroelectronics.X-CUBE-ALS.1.0.1
2024-07-01 19:36:26,171 [WARN] PackLoader:240 - Cannot read IP mode file for STMicroelectronics.X-CUBE-AZRTOS-H7RS.1.0.0
2024-07-01 19:36:26,195 [WARN] PackLoader:240 - Cannot read IP mode file for STMicroelectronics.FP-ATR-ASTRA1.2.0.0
2024-07-01 19:36:26,210 [WARN] PackLoader:240 - Cannot read IP mode file for STMicroelectronics.X-CUBE-TOF1.3.4.0
2024-07-01 19:36:26,248 [WARN] PackLoader:240 - Cannot read IP mode file for STMicroelectronics.X-CUBE-TOF1.3.4.1
2024-07-01 19:36:26,334 [WARN] PackLoader:240 - Cannot read IP mode file for STMicroelectronics.X-CUBE-AZRTOS-H7.3.2.0
2024-07-01 19:36:26,337 [INFO] ThirdParty:978 - Integrity check success = true
2024-07-01 19:36:26,337 [INFO] IntegrityCheckThread:100 - exiting critical section [integrity check]
2024-07-01 19:36:26,337 [INFO] IntegrityCheckThread:103 - End integrity checks thread
2024-07-01 19:36:47,100 [ERROR] LogOutputStream:75 - [STDERR_REDIRECT] SLF4J: Failed to load class "org.slf4j.impl.StaticLoggerBinder".
2024-07-01 19:36:47,100 [ERROR] LogOutputStream:75 - [STDERR_REDIRECT] SLF4J: Defaulting to no-operation (NOP) logger implementation
2024-07-01 19:36:47,101 [ERROR] LogOutputStream:75 - [STDERR_REDIRECT] SLF4J: See http://www.slf4j.org/codes.html#StaticLoggerBinder for further details.
2024-07-01 20:11:59,615 [ERROR] LogOutputStream:75 - [STDERR_REDIRECT] 
